2026-07-10 09:21:38+0100: Running with following config:
allowResignation = true
lagBuffer = 1.0
logAllGTPCommunication = true
logDir = gtp_logs
logSearchInfo = true
logSearchInfoForChosenMove = false
logToStderr = false
maxTimePondering = 60.0
maxVisits = 500
numSearchThreads = 6
ponderingEnabled = false
resignConsecTurns = 3
resignThreshold = -0.90
rules = tromp-taylor
searchFactorAfterOnePass = 0.50
searchFactorAfterTwoPass = 0.25
searchFactorWhenWinning = 0.40
searchFactorWhenWinningThreshold = 0.95

2026-07-10 09:21:38+0100: GTP Engine starting...
2026-07-10 09:21:38+0100: KataGo v1.16.5
2026-07-10 09:21:38+0100: Using TrompTaylor rules initially, unless GTP/GUI overrides this
2026-07-10 09:21:38+0100: Using 6 CPU thread(s) for search
2026-07-10 09:21:38+0100: nnRandSeed0 = 1271104400198117525
2026-07-10 09:21:38+0100: After dedups: nnModelFile0 = /Users/mettamazza/.katago/default_model.bin.gz useFP16 auto useNHWC auto
2026-07-10 09:21:38+0100: Initializing neural net buffer to be size 19 * 19 exactly
2026-07-10 09:21:39+0100: Loaded neural net with nnXLen 19 nnYLen 19
2026-07-10 09:21:39+0100: Initializing board with boardXSize 19 boardYSize 19
2026-07-10 09:21:39+0100: Loaded config /Users/mettamazza/.katago/default_gtp.cfg
2026-07-10 09:21:39+0100: Loaded model /Users/mettamazza/.katago/default_model.bin.gz
2026-07-10 09:21:39+0100: Model name: kata1-b18c384nbt-softplusfixv13-s5971481344-d3261785976
2026-07-10 09:21:39+0100: GTP ready, beginning main protocol loop
2026-07-10 09:21:39+0100: Controller: boardsize 19
2026-07-10 09:21:39+0100: = 
2026-07-10 09:21:39+0100: Controller: clear_board
2026-07-10 09:21:39+0100: = 
2026-07-10 09:22:53+0100: Controller: play B K16
2026-07-10 09:22:53+0100: = 
2026-07-10 09:22:53+0100: Controller: genmove W
2026-07-10 09:22:56+0100: MoveNum: 1 HASH: 625E5BA3EA829E6A5A6E972A4FD1C304
   A B C D E F G H J K L M N O P Q R S T
19 . . . . . . . . . . . . . . . . . . .
18 . . . . . . . . . . . . . . . . . . .
17 . . . . . . . . . . . . . . . . . . .
16 . . . @ . . . . . X1. . . . . . . . .
15 . . . . . . . . . . . . . . . . . . .
14 . . . . . . . . . . . . . . . . . . .
13 . . . . . . . . . . . . . . . . . . .
12 . . . . . . . . . . . . . . . . . . .
11 . . . . . . . . . . . . . . . . . . .
10 . . . . . . . . . . . . . . . . . . .
 9 . . . . . . . . . . . . . . . . . . .
 8 . . . . . . . . . . . . . . . . . . .
 7 . . . . . . . . . . . . . . . . . . .
 6 . . . . . . . . . . . . . . . . . . .
 5 . . . . . . . . . . . . . . . . . . .
 4 . . . . . . . . . . . . . . . . . . .
 3 . . . . . . . . . . . . . . . . . . .
 2 . . . . . . . . . . . . . . . . . . .
 1 . . . . . . . . . . . . . . . . . . .

koPOSITIONALscoreAREAtaxNONEsui1komi7.5
Time taken: 2.35553
Root visits: 505
New playouts: 505
NN rows: 487
NN batches: 163
NN avg batch size: 2.98773
PV: D16 R16 Q4 D3 C5 P16 E4 E3
Tree:
: T  33.21c W  32.17c S   0.90c ( +2.2 L  +1.4) N     505  --  D16 R16 Q4 D3 C5 P16 E4
---White(^)---
D16 : T  33.62c W  32.46c S   0.94c ( +2.3 L  +1.4) LCB   32.77c P 17.15% WF 526.0 PSV     524 N     196  --  D16 R16 Q4 D3 C5 P16 E4 E3
C16 : T  33.54c W  32.37c S   0.90c ( +2.2 L  +1.4) LCB   32.54c P  7.46% WF 368.6 PSV     189 N     139  --  C16 R16 Q4 D4 F17 R3 Q3 R4
D17 : T  32.83c W  31.98c S   0.88c ( +2.2 L  +1.4) LCB   31.70c P  9.34% WF 221.4 PSV      96 N      84  --  D17 R16 Q4 D4 P17 Q17 P16 Q14
D4  : T  32.37c W  31.53c S   0.89c ( +2.2 L  +1.4) LCB   31.16c P  1.76% WF 120.3 PSV      13 N      45  --  D4 R16 D16 Q3 P17 R6
D3  : T  32.22c W  31.64c S   0.85c ( +2.2 L  +1.4) LCB   30.21c P  1.27% WF  83.3 PSV       8 N      32  --  D3 R16 D16 Q4 P17 C5
C4  : T  29.91c W  29.41c S   0.66c ( +2.0 L  +1.4) LCB   15.39c P  1.26% WF  17.5 PSV       3 N       7  --  C4 R16 D16 Q4
C17 : T  29.24c W  28.66c S   0.58c ( +1.9 L  +1.5) LCB -320.76c P  0.69% WF   2.2 PSV       1 N       1  --  C17

2026-07-10 09:22:56+0100: = D16
2026-07-10 09:58:17+0100: Controller: play B J16
2026-07-10 09:58:17+0100: = 
2026-07-10 09:58:17+0100: Controller: genmove W
2026-07-10 09:58:18+0100: MoveNum: 3 HASH: 005DB3AB7945D2E0FC97E712197822B5
   A B C D E F G H J K L M N O P Q R S T
19 . . . . . . . . . . . . . . . . . . .
18 . . . . . . . . . . . . . . . . . . .
17 . . . . . . . . . . . . . . . @ . . .
16 . . . O2. . . . X3X1. . . . . . . . .
15 . . . . . . . . . . . . . . . . . . .
14 . . . . . . . . . . . . . . . . . . .
13 . . . . . . . . . . . . . . . . . . .
12 . . . . . . . . . . . . . . . . . . .
11 . . . . . . . . . . . . . . . . . . .
10 . . . . . . . . . . . . . . . . . . .
 9 . . . . . . . . . . . . . . . . . . .
 8 . . . . . . . . . . . . . . . . . . .
 7 . . . . . . . . . . . . . . . . . . .
 6 . . . . . . . . . . . . . . . . . . .
 5 . . . . . . . . . . . . . . . . . . .
 4 . . . . . . . . . . . . . . . . . . .
 3 . . . . . . . . . . . . . . . . . . .
 2 . . . . . . . . . . . . . . . . . . .
 1 . . . . . . . . . . . . . . . . . . .

koPOSITIONALscoreAREAtaxNONEsui1komi7.5
Time taken: 1.9318
Root visits: 503
New playouts: 503
NN rows: 490
NN batches: 165
NN avg batch size: 2.9697
PV: Q17 D4 Q4 C14 F17 R3 R4 Q3
Tree:
: T  92.02c W  87.95c S   4.02c ( +9.6 L  +6.9) N     503  --  Q17 D4 Q4 C14 F17 R3 R4
---White(^)---
Q17 : T  92.68c W  88.48c S   4.14c ( +9.7 L  +7.0) LCB   92.16c P 40.78% WF 409.7 PSV     858 N     214  --  Q17 D4 Q4 C14 F17 R3 R4 Q3
Q16 : T  92.40c W  88.23c S   4.09c ( +9.7 L  +6.9) LCB   91.88c P 47.70% WF 441.2 PSV     440 N     231  --  Q16 R4 D3 C5 P3 Q5 F4
R16 : T  89.62c W  86.20c S   3.45c ( +9.0 L  +6.5) LCB   88.06c P  4.85% WF  53.8 PSV      13 N      30  --  R16 D4 Q4 P16 P17
R17 : T  88.33c W  84.78c S   3.21c ( +8.8 L  +6.3) LCB   85.27c P  1.28% WF  28.5 PSV       2 N      17  --  R17 C4 Q3 C14 F17
D4  : T  79.87c W  78.86c S   2.23c ( +7.8 L  +5.5) LCB   50.86c P  0.55% WF   8.1 PSV       0 N       5  --  D4 Q17 R15 Q4
Q4  : T  80.13c W  79.04c S   2.15c ( +7.7 L  +5.5) LCB   51.67c P  0.54% WF   8.0 PSV       0 N       5  --  Q4 Q17 R15 D4

2026-07-10 09:58:18+0100: = Q17
2026-07-10 10:34:39+0100: Controller: play B J17
2026-07-10 10:34:39+0100: = 
2026-07-10 10:34:39+0100: Controller: genmove W
2026-07-10 10:34:41+0100: MoveNum: 5 HASH: E26A6B37370C63BB6E75CB06B63979D5
   A B C D E F G H J K L M N O P Q R S T
19 . . . . . . . . . . . . . . . . . . .
18 . . . . . . . . . . . . . . . . . . .
17 . . . . . . . . X3. . . . . . O2. . .
16 . . . O . . . . X1X . . . . . . . . .
15 . . . . . . . . . . . . . . . . . . .
14 . . . . . . . . . . . . . . . . . . .
13 . . . . . . . . . . . . . . . . . . .
12 . . . . . . . . . . . . . . . . . . .
11 . . . . . . . . . . . . . . . . . . .
10 . . . . . . . . . . . . . . . . . . .
 9 . . . . . . . . . . . . . . . . . . .
 8 . . . . . . . . . . . . . . . . . . .
 7 . . . . . . . . . . . . . . . . . . .
 6 . . . . . . . . . . . . . . . . . . .
 5 . . . . . . . . . . . . . . . . . . .
 4 . . . . . . . . . . . . . . . . @ . .
 3 . . . . . . . . . . . . . . . . . . .
 2 . . . . . . . . . . . . . . . . . . .
 1 . . . . . . . . . . . . . . . . . . .

koPOSITIONALscoreAREAtaxNONEsui1komi7.5
Time taken: 1.62834
Root visits: 505
New playouts: 505
NN rows: 505
NN batches: 169
NN avg batch size: 2.98817
PV: D4 Q4 R3 Q3 R4 R6 R5 Q5 S6 C14 B16 R2
Tree:
: T 104.15c W  98.17c S   5.98c (+16.7 L +14.1) N     505  --  D4 Q4 R3 Q3 R4 R6 R5
---White(^)---
D4  : T 104.33c W  98.25c S   6.00c (+16.7 L +14.1) LCB  103.93c P 10.48% WF 246.4 PSV     427 N      87  --  D4 Q4 R3 Q3 R4 R6 R5 Q5
D3  : T 104.27c W  98.18c S   6.09c (+16.8 L +14.2) LCB  103.92c P  9.55% WF 246.7 PSV     247 N      88  --  D3 Q4 C6 C14 B16 E18 F17
C4  : T 104.12c W  98.17c S   6.00c (+16.7 L +14.2) LCB  103.72c P 11.24% WF 235.6 PSV     224 N      84  --  C4 Q4 F3 C14 B16 E18 F17
Q3  : T 104.29c W  98.18c S   6.07c (+16.8 L +14.2) LCB  103.83c P  6.36% WF 187.0 PSV     171 N      67  --  Q3 D4 C14 R5 O4 D13
R4  : T 104.19c W  98.17c S   5.98c (+16.7 L +14.1) LCB  103.74c P  6.51% WF 166.7 PSV     144 N      60  --  R4 D4 O3 C14 B16 E18 F17
Q4  : T 104.29c W  98.29c S   6.01c (+16.7 L +14.1) LCB  103.66c P  5.37% WF 154.4 PSV     144 N      54  --  Q4 D4 C3 C4 D3 F3 E3 E4
C3  : T 103.79c W  98.03c S   5.76c (+16.4 L +14.0) LCB   94.85c P  1.58% WF  25.2 PSV      20 N       9  --  C3 Q4 R3 Q3
R3  : T 103.72c W  98.10c S   5.83c (+16.5 L +14.0) LCB   89.03c P  1.30% WF  19.7 PSV      16 N       7  --  R3 D4 C14
C5  : T 103.99c W  98.02c S   5.79c (+16.5 L +14.0) LCB   89.18c P  0.97% WF  18.3 PSV      16 N       7  --  C5 Q3 D3
Q5  : T 103.94c W  97.99c S   5.79c (+16.5 L +13.9) LCB   84.13c P  0.79% WF  15.8 PSV      12 N       6  --  Q5 C14 D4

2026-07-10 10:34:41+0100: = R4
2026-07-10 11:07:41+0100: Controller: play B R5
2026-07-10 11:07:41+0100: = 
2026-07-10 11:07:41+0100: Controller: genmove W
2026-07-10 11:07:43+0100: MoveNum: 7 HASH: E5B0BD4F2A7CA2AA2D2CA9352E0D8063
   A B C D E F G H J K L M N O P Q R S T
19 . . . . . . . . . . . . . . . . . . .
18 . . . . . . . . . . . . . . . . . . .
17 . . . . . . . . X1. . . . . . O . . .
16 . . . O . . . . X X . . . . . . . . .
15 . . . . . . . . . . . . . . . . . . .
14 . . . . . . . . . . . . . . . . . . .
13 . . . . . . . . . . . . . . . . . . .
12 . . . . . . . . . . . . . . . . . . .
11 . . . . . . . . . . . . . . . . . . .
10 . . . . . . . . . . . . . . . . . . .
 9 . . . . . . . . . . . . . . . . . . .
 8 . . . . . . . . . . . . . . . . . . .
 7 . . . . . . . . . . . . . . . . . . .
 6 . . . . . . . . . . . . . . . . . . .
 5 . . . . . . . . . . . . . . . @ X3. .
 4 . . . . . . . . . . . . . . . . O2. .
 3 . . . . . . . . . . . . . . . . . . .
 2 . . . . . . . . . . . . . . . . . . .
 1 . . . . . . . . . . . . . . . . . . .

koPOSITIONALscoreAREAtaxNONEsui1komi7.5
Time taken: 2.24891
Root visits: 505
New playouts: 505
NN rows: 480
NN batches: 161
NN avg batch size: 2.98137
PV: Q5 Q4 R3 Q3 R6 S5 S6 P5 Q6 R2 S4 C4 E3
Tree:
: T 106.14c W  98.82c S   7.31c (+19.0 L +16.7) N     505  --  Q5 Q4 R3 Q3 R6 S5 S6
---White(^)---
Q5  : T 106.66c W  98.93c S   7.68c (+19.4 L +17.2) LCB  106.38c P 45.41% WF 966.8 PSV    1904 N     305  --  Q5 Q4 R3 Q3 R6 S5 S6 P5
Q4  : T 105.79c W  98.76c S   7.05c (+18.7 L +16.4) LCB  105.42c P 36.91% WF 463.9 PSV     340 N     153  --  Q4 D4 C3 C4 D3 F3 E3 E4
S5  : T 103.74c W  98.26c S   5.47c (+17.0 L +14.6) LCB  101.38c P  0.68% WF  50.1 PSV       2 N      21  --  S5 S6 S4 D4 C14
Q3  : T 103.20c W  98.16c S   5.10c (+16.7 L +14.1) LCB   98.22c P  0.60% WF  30.9 PSV       2 N      12  --  Q3 Q5 O3 D4 R9 C14
O3  : T 102.00c W  97.70c S   4.57c (+16.1 L +13.5) LCB   90.76c P  0.47% WF  20.5 PSV       1 N       8  --  O3 Q4 R3 Q3 Q5 R2
P4  : T 101.41c W  97.42c S   4.31c (+15.9 L +13.3) LCB   57.54c P  0.58% WF   9.4 PSV       1 N       4  --  P4 R3 S4 Q4

2026-07-10 11:07:43+0100: = Q5
2026-07-10 11:35:52+0100: Controller: play B R6
2026-07-10 11:35:52+0100: = 
2026-07-10 11:35:52+0100: Controller: genmove W
2026-07-10 11:35:54+0100: MoveNum: 9 HASH: CEF5491BC8989771C789652C92347F88
   A B C D E F G H J K L M N O P Q R S T
19 . . . . . . . . . . . . . . . . . . .
18 . . . . . . . . . . . . . . . . . . .
17 . . . . . . . . X . . . . . . O . . .
16 . . . O . . . . X X . . . . . . . . .
15 . . . . . . . . . . . . . . . . . . .
14 . . . . . . . . . . . . . . . . . . .
13 . . . . . . . . . . . . . . . . . . .
12 . . . . . . . . . . . . . . . . . . .
11 . . . . . . . . . . . . . . . . . . .
10 . . . . . . . . . . . . . . . . . . .
 9 . . . . . . . . . . . . . . . . . . .
 8 . . . . . . . . . . . . . . . . . . .
 7 . . . . . . . . . . . . . . . . . . .
 6 . . . . . . . . . . . . . . . . X3. .
 5 . . . . . . . . . . . . . . . O2X1. .
 4 . . . . . . . . . . . . . . . @ O . .
 3 . . . . . . . . . . . . . . . . . . .
 2 . . . . . . . . . . . . . . . . . . .
 1 . . . . . . . . . . . . . . . . . . .

koPOSITIONALscoreAREAtaxNONEsui1komi7.5
Time taken: 1.55197
Root visits: 505
New playouts: 493
NN rows: 470
NN batches: 158
NN avg batch size: 2.97468
PV: Q4 D4 R8 C14 B16 Q6 P6 Q8 Q7
Tree:
: T 104.89c W  98.96c S   5.94c (+19.6 L +17.3) N     505  --  Q4 D4 R8 C14 B16 Q6 P6
---White(^)---
Q4  : T 105.10c W  99.00c S   6.11c (+19.8 L +17.5) LCB  104.89c P 66.47% WF 1077.7 PSV    1076 N     338  --  Q4 D4 R8 C14 B16 Q6 P6 Q8
Q6  : T 104.75c W  98.99c S   5.70c (+19.3 L +17.0) LCB  104.24c P 10.81% WF 295.2 PSV     124 N      91  --  Q6 S4 Q3 S3 R7 S7 S8 Q2
Q3  : T 104.32c W  98.84c S   5.56c (+19.1 L +16.9) LCB  103.83c P  9.25% WF 197.2 PSV      78 N      67  --  Q3 Q6 P5 P6 O5 D4 R9 O6
S4  : T 100.51c W  97.54c S   3.43c (+17.0 L +14.5) LCB   85.73c P  0.68% WF  15.3 PSV       1 N       7  --  S4 Q4 Q6 R7 Q7 R8

2026-07-10 11:35:54+0100: = Q4
2026-07-10 12:08:26+0100: Controller: play B P5
2026-07-10 12:08:26+0100: = 
2026-07-10 12:08:26+0100: Controller: genmove W
2026-07-10 12:08:28+0100: MoveNum: 11 HASH: 9CB619F88E99AA80E595A4C2C5C04334
   A B C D E F G H J K L M N O P Q R S T
19 . . . . . . . . . . . . . . . . . . .
18 . . . . . . . . . . . . . . . . . . .
17 . . . . . . . . X . . . . . . O . . .
16 . . . O . . . . X X . . . . . . . . .
15 . . . . . . . . . . . . . . . . . . .
14 . . . . . . . . . . . . . . . . . . .
13 . . . . . . . . . . . . . . . . . . .
12 . . . . . . . . . . . . . . . . . . .
11 . . . . . . . . . . . . . . . . . . .
10 . . . . . . . . . . . . . . . . . . .
 9 . . . . . . . . . . . . . . . . . . .
 8 . . . . . . . . . . . . . . . . . . .
 7 . . . . . . . . . . . . . . . . . . .
 6 . . . . . . . . . . . . . . . @ X1. .
 5 . . . . . . . . . . . . . . X3O X . .
 4 . . . . . . . . . . . . . . . O2O . .
 3 . . . . . . . . . . . . . . . . . . .
 2 . . . . . . . . . . . . . . . . . . .
 1 . . . . . . . . . . . . . . . . . . .

koPOSITIONALscoreAREAtaxNONEsui1komi7.5
Time taken: 2.1338
Root visits: 313
New playouts: 313
NN rows: 285
NN batches: 97
NN avg batch size: 2.93814
PV: Q6 Q7 D4 R15 P6 R8 O8
Tree:
: T 108.53c W  99.65c S   8.93c (+25.2 L +22.9) N     313  --  Q6 Q7 D4 R15 P6 R8 O8
---White(^)---
Q6  : T 108.96c W  99.68c S   9.33c (+25.6 L +23.3) LCB  108.76c P 73.95% WF 1107.2 PSV    1104 N     250  --  Q6 Q7 D4 R15 P6 R8 O8
P6  : T 106.67c W  99.53c S   7.22c (+23.3 L +21.3) LCB  105.11c P  1.22% WF  80.3 PSV       5 N      24  --  P6 Q6 P7 P4 P3 O3
P7  : T 106.52c W  99.51c S   7.00c (+23.1 L +21.1) LCB  104.92c P  0.68% WF  70.4 PSV       2 N      21  --  P7 Q6 P6 P4 P3 O3
D4  : T 105.14c W  99.40c S   5.88c (+21.9 L +19.5) LCB   96.24c P  0.60% WF  25.9 PSV       1 N       9  --  D4 Q6 P4 Q15
O3  : T 104.74c W  99.37c S   5.80c (+21.8 L +19.4) LCB   76.10c P  0.63% WF  16.0 PSV       1 N       5  --  O3 Q6 P6 P7
C4  : T 104.58c W  99.30c S   5.83c (+21.9 L +19.7) LCB  -44.53c P  0.58% WF   6.6 PSV       1 N       2  --  C4 Q6

2026-07-10 12:08:28+0100: = Q6
2026-07-10 12:37:06+0100: Controller: play B Q18
2026-07-10 12:37:06+0100: = 
2026-07-10 12:37:06+0100: Controller: genmove W
2026-07-10 12:37:07+0100: MoveNum: 13 HASH: 0CF78DEBAED940B16EC66585E8975C35
   A B C D E F G H J K L M N O P Q R S T
19 . . . . . . . . . . . . . . . . . . .
18 . . . . . . . . . . . . . . . X3. . .
17 . . . . . . . . X . . . . . @ O . . .
16 . . . O . . . . X X . . . . . . . . .
15 . . . . . . . . . . . . . . . . . . .
14 . . . . . . . . . . . . . . . . . . .
13 . . . . . . . . . . . . . . . . . . .
12 . . . . . . . . . . . . . . . . . . .
11 . . . . . . . . . . . . . . . . . . .
10 . . . . . . . . . . . . . . . . . . .
 9 . . . . . . . . . . . . . . . . . . .
 8 . . . . . . . . . . . . . . . . . . .
 7 . . . . . . . . . . . . . . . . . . .
 6 . . . . . . . . . . . . . . . O2X . .
 5 . . . . . . . . . . . . . . X1O X . .
 4 . . . . . . . . . . . . . . . O O . .
 3 . . . . . . . . . . . . . . . . . . .
 2 . . . . . . . . . . . . . . . . . . .
 1 . . . . . . . . . . . . . . . . . . .

koPOSITIONALscoreAREAtaxNONEsui1komi7.5
Time taken: 0.944364
Root visits: 276
New playouts: 276
NN rows: 267
NN batches: 91
NN avg batch size: 2.93407
PV: P17 Q7 R7 R8 S7 S8 S5 D4
Tree:
: T 107.93c W  99.70c S   8.26c (+27.3 L +25.0) N     276  --  P17 Q7 R7 R8 S7 S8 S5
---White(^)---
P17 : T 108.50c W  99.72c S   8.76c (+27.9 L +25.5) LCB  108.15c P 20.60% WF 299.4 PSV     479 N      63  --  P17 Q7 R7 R8 S7 S8 S5 D4
P18 : T 108.22c W  99.70c S   8.52c (+27.6 L +25.3) LCB  107.53c P 16.98% WF 243.9 PSV     185 N      54  --  P18 Q7 R7 R8 S7 P17
R17 : T 107.93c W  99.71c S   8.24c (+27.2 L +24.9) LCB  107.24c P 12.15% WF 223.9 PSV     106 N      50  --  R17 P17 P16 O16 P15 O17 R9 R18
R16 : T 106.99c W  99.70c S   7.46c (+26.4 L +24.2) LCB  104.82c P  5.58% WF  81.7 PSV      29 N      20  --  R16 P17 P16 O16 O15 P15
D4  : T 107.77c W  99.68c S   8.14c (+27.3 L +24.9) LCB  106.89c P  1.44% WF 166.0 PSV      11 N      38  --  D4 P17 P16 Q16 R17 R16
R9  : T 106.85c W  99.68c S   7.46c (+26.5 L +24.3) LCB   95.42c P  2.30% WF  32.9 PSV      11 N       8  --  R9 R17 R16 Q16
P16 : T 107.42c W  99.73c S   7.72c (+26.7 L +24.4) LCB  100.12c P  1.46% WF  42.6 PSV       9 N      10  --  P16 Q7 D4
C4  : T 107.63c W  99.70c S   7.99c (+27.1 L +24.7) LCB  102.79c P  1.13% WF  52.5 PSV       8 N      12  --  C4 R17 R16 Q16
R18 : T 107.52c W  99.75c S   7.89c (+26.9 L +24.6) LCB  100.24c P  1.10% WF  41.9 PSV       7 N      10  --  R18 Q7 R7 R8
D3  : T 107.37c W  99.69c S   7.69c (+26.7 L +24.4) LCB   62.98c P  0.97% WF  17.4 PSV       6 N       4  --  D3 P17 P16

2026-07-10 12:37:07+0100: = P17
2026-07-10 13:04:52+0100: Controller: play B D17
2026-07-10 13:04:52+0100: = 
2026-07-10 13:04:52+0100: Controller: genmove W
2026-07-10 13:04:53+0100: MoveNum: 15 HASH: F695F36AE1AE5E458E936EB095775845
   A B C D E F G H J K L M N O P Q R S T
19 . . . . . . . . . . . . . . . . . . .
18 . . . . . . . . . . . . . . . X1. . .
17 . . @ X3. . . . X . . . . . O2O . . .
16 . . . O . . . . X X . . . . . . . . .
15 . . . . . . . . . . . . . . . . . . .
14 . . . . . . . . . . . . . . . . . . .
13 . . . . . . . . . . . . . . . . . . .
12 . . . . . . . . . . . . . . . . . . .
11 . . . . . . . . . . . . . . . . . . .
10 . . . . . . . . . . . . . . . . . . .
 9 . . . . . . . . . . . . . . . . . . .
 8 . . . . . . . . . . . . . . . . . . .
 7 . . . . . . . . . . . . . . . . . . .
 6 . . . . . . . . . . . . . . . O X . .
 5 . . . . . . . . . . . . . . X O X . .
 4 . . . . . . . . . . . . . . . O O . .
 3 . . . . . . . . . . . . . . . . . . .
 2 . . . . . . . . . . . . . . . . . . .
 1 . . . . . . . . . . . . . . . . . . .

koPOSITIONALscoreAREAtaxNONEsui1komi7.5
Time taken: 0.830942
Root visits: 266
New playouts: 266
NN rows: 262
NN batches: 89
NN avg batch size: 2.94382
PV: C17 E17 E16 F17 C13 R8 D4 Q7
Tree:
: T 108.77c W  99.75c S   9.06c (+29.0 L +26.7) N     266  --  C17 E17 E16 F17 C13 R8 D4
---White(^)---
C17 : T 109.32c W  99.77c S   9.61c (+29.6 L +27.2) LCB  108.87c P 46.63% WF 663.7 PSV     661 N     141  --  C17 E17 E16 F17 C13 R8 D4 Q7
C16 : T 108.94c W  99.76c S   9.19c (+29.1 L +26.7) LCB  108.34c P  6.36% WF 220.6 PSV      63 N      46  --  C16 E16 C17 R8 D4
E17 : T 107.24c W  99.68c S   7.66c (+27.7 L +25.4) LCB  105.21c P  4.04% WF  86.4 PSV      17 N      22  --  E17 C17 C16 E16 F17 B16 B15 B17
E16 : T 108.22c W  99.72c S   8.49c (+28.5 L +26.2) LCB  107.36c P  1.27% WF 157.3 PSV       8 N      36  --  E16 C16 C17 C18 B17 B18
C4  : T 106.71c W  99.69c S   7.15c (+27.0 L +24.6) LCB   91.51c P  0.90% WF  31.7 PSV       3 N       7  --  C4 C16 C15 D15
R9  : T 106.85c W  99.70c S   7.23c (+27.0 L +24.8) LCB   86.89c P  0.93% WF  25.3 PSV       3 N       6  --  R9 C16 C15 D15
D4  : T 107.22c W  99.73c S   7.60c (+27.4 L +24.9) LCB  -46.56c P  0.88% WF   9.3 PSV       3 N       2  --  D4 C16
D3  : T 106.75c W  99.71c S   7.19c (+26.9 L +24.5) LCB  -46.38c P  0.87% WF   9.0 PSV       3 N       2  --  D3 C16
R8  : T 105.95c W  99.82c S   6.13c (+25.7 L +23.2) LCB -244.05c P  0.76% WF   3.7 PSV       2 N       1  --  R8
L3  : T 106.47c W  99.84c S   6.63c (+26.2 L +23.5) LCB -243.53c P  0.72% WF   3.7 PSV       2 N       1  --  L3

2026-07-10 13:04:53+0100: = C17
2026-07-10 13:41:17+0100: Controller: play B D15
2026-07-10 13:41:17+0100: = 
2026-07-10 13:41:17+0100: Controller: genmove W
2026-07-10 13:41:18+0100: MoveNum: 17 HASH: 3CF676701024489A86AADBC492CA89AE
   A B C D E F G H J K L M N O P Q R S T
19 . . . . . . . . . . . . . . . . . . .
18 . . . . . . . . . . . . . . . X . . .
17 . . O2X1@ . . . X . . . . . O O . . .
16 . . . O . . . . X X . . . . . . . . .
15 . . . X3. . . . . . . . . . . . . . .
14 . . . . . . . . . . . . . . . . . . .
13 . . . . . . . . . . . . . . . . . . .
12 . . . . . . . . . . . . . . . . . . .
11 . . . . . . . . . . . . . . . . . . .
10 . . . . . . . . . . . . . . . . . . .
 9 . . . . . . . . . . . . . . . . . . .
 8 . . . . . . . . . . . . . . . . . . .
 7 . . . . . . . . . . . . . . . . . . .
 6 . . . . . . . . . . . . . . . O X . .
 5 . . . . . . . . . . . . . . X O X . .
 4 . . . . . . . . . . . . . . . O O . .
 3 . . . . . . . . . . . . . . . . . . .
 2 . . . . . . . . . . . . . . . . . . .
 1 . . . . . . . . . . . . . . . . . . .

koPOSITIONALscoreAREAtaxNONEsui1komi7.5
Time taken: 0.675215
Root visits: 226
New playouts: 226
NN rows: 219
NN batches: 75
NN avg batch size: 2.92
PV: E17 Q7 D4 R8 P6
Tree:
: T 110.17c W  99.83c S  10.32c (+33.0 L +30.6) N     226  --  E17 Q7 D4 R8 P6
---White(^)---
E17 : T 110.95c W  99.84c S  11.05c (+33.9 L +31.4) LCB  110.56c P 34.78% WF 503.5 PSV    1160 N      95  --  E17 Q7 D4 R8 P6
E16 : T 109.79c W  99.82c S  10.00c (+32.7 L +30.4) LCB  109.21c P 37.53% WF 320.0 PSV     227 N      65  --  E16 C16 C15 B16 B17 B15 C14 B14
C16 : T 109.86c W  99.84c S  10.05c (+32.7 L +30.3) LCB  109.18c P  7.89% WF 197.5 PSV      49 N      38  --  C16 Q7 R7 R8 S7 S8
E15 : T 107.70c W  99.70c S   7.79c (+30.4 L +28.0) LCB   92.92c P  1.72% WF  29.4 PSV       5 N       7  --  E15 C16 E16 C18
C15 : T 106.93c W  99.75c S   7.03c (+29.3 L +26.9) LCB   61.83c P  1.33% WF  17.6 PSV       3 N       4  --  C15 E16 C16 R8
D18 : T 109.11c W  99.86c S   9.25c (+31.7 L +29.4) LCB  106.17c P  0.65% WF  72.7 PSV       2 N      16  --  D18 R8 D4 Q7

2026-07-10 13:41:18+0100: = E17
2026-07-10 14:23:01+0100: Controller: play B C16
2026-07-10 14:23:01+0100: = 
2026-07-10 14:23:01+0100: Controller: genmove W
2026-07-10 14:23:02+0100: MoveNum: 19 HASH: 71AB49B04EE029ACDD90B893EE9E6BFC
   A B C D E F G H J K L M N O P Q R S T
19 . . . . . . . . . . . . . . . . . . .
18 . . . @ . . . . . . . . . . . X . . .
17 . . O X O2. . . X . . . . . O O . . .
16 . . X3O . . . . X X . . . . . . . . .
15 . . . X1. . . . . . . . . . . . . . .
14 . . . . . . . . . . . . . . . . . . .
13 . . . . . . . . . . . . . . . . . . .
12 . . . . . . . . . . . . . . . . . . .
11 . . . . . . . . . . . . . . . . . . .
10 . . . . . . . . . . . . . . . . . . .
 9 . . . . . . . . . . . . . . . . . . .
 8 . . . . . . . . . . . . . . . . . . .
 7 . . . . . . . . . . . . . . . . . . .
 6 . . . . . . . . . . . . . . . O X . .
 5 . . . . . . . . . . . . . . X O X . .
 4 . . . . . . . . . . . . . . . O O . .
 3 . . . . . . . . . . . . . . . . . . .
 2 . . . . . . . . . . . . . . . . . . .
 1 . . . . . . . . . . . . . . . . . . .

koPOSITIONALscoreAREAtaxNONEsui1komi7.5
Time taken: 0.657503
Root visits: 223
New playouts: 212
NN rows: 194
NN batches: 66
NN avg batch size: 2.93939
PV: D18 E16 B16 D17 D4 D16 B18 F17 R9
Tree:
: T 110.10c W  99.85c S  10.21c (+34.2 L +31.8) N     223  --  D18 E16 B16 D17 D4 D16 B18
---White(^)---
D18 : T 110.21c W  99.85c S  10.33c (+34.3 L +31.9) LCB  109.65c P 90.05% WF 873.6 PSV     873 N     173  --  D18 E16 B16 D17 D4 D16 B18 F17
E16 : T 109.78c W  99.84c S   9.85c (+33.8 L +31.5) LCB  109.12c P  7.22% WF 249.2 PSV      52 N      49  --  E16 B17 D18 B15 R9 Q7

2026-07-10 14:23:02+0100: = D18
2026-07-10 15:02:30+0100: Controller: play B E16
2026-07-10 15:02:30+0100: = 
2026-07-10 15:02:30+0100: Controller: genmove W
2026-07-10 15:02:30+0100: MoveNum: 21 HASH: DB618B464B65DBC52811030043427F56
   A B C D E F G H J K L M N O P Q R S T
19 . . . . . . . . . . . . . . . . . . .
18 . . . O2. . . . . . . . . . . X . . .
17 . . O . O . . . X . . . . . O O . . .
16 . @ X1O X3. . . X X . . . . . . . . .
15 . . . X . . . . . . . . . . . . . . .
14 . . . . . . . . . . . . . . . . . . .
13 . . . . . . . . . . . . . . . . . . .
12 . . . . . . . . . . . . . . . . . . .
11 . . . . . . . . . . . . . . . . . . .
10 . . . . . . . . . . . . . . . . . . .
 9 . . . . . . . . . . . . . . . . . . .
 8 . . . . . . . . . . . . . . . . . . .
 7 . . . . . . . . . . . . . . . . . . .
 6 . . . . . . . . . . . . . . . O X . .
 5 . . . . . . . . . . . . . . X O X . .
 4 . . . . . . . . . . . . . . . O O . .
 3 . . . . . . . . . . . . . . . . . . .
 2 . . . . . . . . . . . . . . . . . . .
 1 . . . . . . . . . . . . . . . . . . .

koPOSITIONALscoreAREAtaxNONEsui1komi7.5
Time taken: 0.571965
Root visits: 220
New playouts: 82
NN rows: 68
NN batches: 24
NN avg batch size: 2.83333
PV: B16 D17 D4 Q7 D16 R17
Tree:
: T 109.93c W  99.85c S   9.99c (+34.2 L +31.8) N     220  --  B16 D17 D4 Q7 D16 R17
---White(^)---
B16 : T 110.53c W  99.86c S  10.53c (+34.8 L +32.4) LCB  109.93c P 35.67% WF 626.4 PSV     623 N     126  --  B16 D17 D4 Q7 D16 R17
F16 : T 109.65c W  99.84c S   9.71c (+33.9 L +31.5) LCB  108.33c P 21.12% WF 230.2 PSV     159 N      48  --  F16 D17 B16 D16 B18 F17 E18 F15
D17 : T 108.42c W  99.86c S   8.61c (+32.6 L +30.3) LCB  107.46c P 21.18% WF 149.0 PSV      89 N      31  --  D17 R8 D4 P18 O17
D4  : T 108.90c W  99.83c S   9.02c (+33.2 L +30.6) LCB   97.86c P  1.75% WF  32.3 PSV       8 N       7  --  D4 D17 F16 D16
R9  : T 108.46c W  99.80c S   8.81c (+32.9 L +30.4) LCB   31.35c P  1.67% WF  14.6 PSV       7 N       3  --  R9 B17
C4  : T 108.72c W  99.80c S   9.14c (+33.3 L +30.7) LCB  -48.25c P  0.99% WF   9.8 PSV       4 N       2  --  C4 D17
R8  : T 107.51c W  99.79c S   8.09c (+32.1 L +29.6) LCB  -50.26c P  1.04% WF   9.3 PSV       3 N       2  --  R8 D17

2026-07-10 15:02:30+0100: = B16
2026-07-10 15:50:20+0100: Controller: play B E18
2026-07-10 15:50:20+0100: = 
2026-07-10 15:50:20+0100: Controller: genmove W
2026-07-10 15:50:21+0100: MoveNum: 23 HASH: C624BA40D1A7257BFB6D52A04887EA9E
   A B C D E F G H J K L M N O P Q R S T
19 . . . . . . . . . . . . . . . . . . .
18 . . . O X3. . . . . . . . . . X . . .
17 . . O . O . . . X . . . . . O O . . .
16 . O2X O X1. . . X X . . . . . . . . .
15 . . @ X . . . . . . . . . . . . . . .
14 . . . . . . . . . . . . . . . . . . .
13 . . . . . . . . . . . . . . . . . . .
12 . . . . . . . . . . . . . . . . . . .
11 . . . . . . . . . . . . . . . . . . .
10 . . . . . . . . . . . . . . . . . . .
 9 . . . . . . . . . . . . . . . . . . .
 8 . . . . . . . . . . . . . . . . . . .
 7 . . . . . . . . . . . . . . . . . . .
 6 . . . . . . . . . . . . . . . O X . .
 5 . . . . . . . . . . . . . . X O X . .
 4 . . . . . . . . . . . . . . . O O . .
 3 . . . . . . . . . . . . . . . . . . .
 2 . . . . . . . . . . . . . . . . . . .
 1 . . . . . . . . . . . . . . . . . . .

koPOSITIONALscoreAREAtaxNONEsui1komi7.5
Time taken: 1.98156
Root visits: 216
New playouts: 216
NN rows: 205
NN batches: 69
NN avg batch size: 2.97101
PV: C15 R8 D4 P18 R17 O17 O16
Tree:
: T 115.60c W  99.96c S  15.65c (+44.8 L +42.5) N     216  --  C15 R8 D4 P18 R17 O17 O16
---White(^)---
C15 : T 116.12c W  99.97c S  16.18c (+45.5 L +43.1) LCB  115.85c P 76.49% WF 1155.7 PSV    1152 N     190  --  C15 R8 D4 P18 R17 O17 O16
D17 : T 112.51c W  99.96c S  12.64c (+40.9 L +38.6) LCB  108.76c P 11.11% WF  75.0 PSV      32 N      14  --  D17 R8 D4 Q7
F17 : T 109.26c W  99.90c S   9.56c (+37.6 L +35.4) LCB   79.21c P  0.57% WF  17.9 PSV       0 N       5  --  F17 D17 D4
D4  : T 104.24c W  99.65c S   4.66c (+32.2 L +30.3) LCB  -65.11c P  0.32% WF   7.0 PSV       0 N       2  --  D4 D17
D3  : T 104.50c W  99.69c S   4.90c (+32.5 L +30.5) LCB  -60.87c P  0.31% WF   7.2 PSV       0 N       2  --  D3 D17
R8  : T 104.12c W  99.70c S   4.50c (+32.0 L +30.1) LCB  -63.93c P  0.31% WF   6.8 PSV       0 N       2  --  R8 D17

2026-07-10 15:50:21+0100: = C15
2026-07-10 16:38:00+0100: Controller: play B F17
2026-07-10 16:38:00+0100: = 
2026-07-10 16:38:00+0100: Controller: genmove W
2026-07-10 16:38:01+0100: MoveNum: 25 HASH: A39F2878ABDE63E8E14369B5F4386EAA
   A B C D E F G H J K L M N O P Q R S T
19 . . . . . . . . . . . . . . . . . . .
18 . . . O X1. . . . . . . . . . X . . .
17 . . O . O X3. . X . . . . . O O . . .
16 . O . O X . . . X X . . . . . . . . .
15 . . O2X @ . . . . . . . . . . . . . .
14 . . . . . . . . . . . . . . . . . . .
13 . . . . . . . . . . . . . . . . . . .
12 . . . . . . . . . . . . . . . . . . .
11 . . . . . . . . . . . . . . . . . . .
10 . . . . . . . . . . . . . . . . . . .
 9 . . . . . . . . . . . . . . . . . . .
 8 . . . . . . . . . . . . . . . . . . .
 7 . . . . . . . . . . . . . . . . . . .
 6 . . . . . . . . . . . . . . . O X . .
 5 . . . . . . . . . . . . . . X O X . .
 4 . . . . . . . . . . . . . . . O O . .
 3 . . . . . . . . . . . . . . . . . . .
 2 . . . . . . . . . . . . . . . . . . .
 1 . . . . . . . . . . . . . . . . . . .

koPOSITIONALscoreAREAtaxNONEsui1komi7.5
Time taken: 0.626649
Root visits: 215
New playouts: 180
NN rows: 165
NN batches: 55
NN avg batch size: 3
PV: E15 F16 D14 R8 D4 Q7
Tree:
: T 112.15c W  99.96c S  12.26c (+45.0 L +42.7) N     215  --  E15 F16 D14 R8 D4 Q7
---White(^)---
E15 : T 112.80c W  99.96c S  12.89c (+45.7 L +43.4) LCB  112.44c P 48.12% WF 842.1 PSV     838 N     144  --  E15 F16 D14 R8 D4 Q7
R9  : T 110.44c W  99.94c S  10.67c (+43.3 L +40.9) LCB  106.71c P  7.39% WF  68.2 PSV      30 N      13  --  R9 D17 D14 C16
D4  : T 111.10c W  99.94c S  11.22c (+43.9 L +41.5) LCB  108.77c P  5.07% WF  97.5 PSV      26 N      18  --  D4 D17 R9 C14
C4  : T 110.85c W  99.93c S  11.04c (+43.7 L +41.2) LCB  101.96c P  3.00% WF  50.3 PSV      14 N       9  --  C4 D17 D14 C16
R8  : T 110.25c W  99.95c S  10.44c (+42.9 L +40.6) LCB  100.40c P  3.70% WF  41.1 PSV      14 N       8  --  R8 D17 D14 C16
D3  : T 110.97c W  99.95c S  11.15c (+43.8 L +41.4) LCB   99.68c P  2.42% WF  43.0 PSV      11 N       8  --  D3 D17 R9 C16
D14 : T 110.83c W  99.93c S  10.64c (+43.2 L +40.6) LCB   82.78c P  1.56% WF  28.8 PSV       7 N       5  --  D14 E15
R17 : T 109.86c W  99.96c S  10.36c (+42.8 L +40.5) LCB  -41.06c P  1.07% WF  10.6 PSV       3 N       2  --  R17 D17
L3  : T 110.28c W  99.95c S  10.57c (+43.0 L +40.5) LCB  -42.25c P  0.88% WF  10.8 PSV       3 N       2  --  L3 D17
R16 : T 110.19c W  99.96c S  10.48c (+42.9 L +40.5) LCB  -41.19c P  0.87% WF  10.7 PSV       3 N       2  --  R16 D17

2026-07-10 16:38:01+0100: = E15
2026-07-10 17:36:31+0100: Controller: play B D17
2026-07-10 17:36:31+0100: = 
2026-07-10 17:36:31+0100: Controller: genmove W
2026-07-10 17:36:32+0100: MoveNum: 27 HASH: 743BE014C02CFB55CA7DCEC36AEE6F44
   A B C D E F G H J K L M N O P Q R S T
19 . . . . . . . . . . . . . . . . . . .
18 . . . O X . . . . . . . . . . X . . .
17 . . O X3. X1. . X . . . . . O O . . .
16 . O . O X . . . X X . . . . . . . . .
15 . . O X O2. . . . . . . . . . . . . .
14 . . . @ . . . . . . . . . . . . . . .
13 . . . . . . . . . . . . . . . . . . .
12 . . . . . . . . . . . . . . . . . . .
11 . . . . . . . . . . . . . . . . . . .
10 . . . . . . . . . . . . . . . . . . .
 9 . . . . . . . . . . . . . . . . . . .
 8 . . . . . . . . . . . . . . . . . . .
 7 . . . . . . . . . . . . . . . . . . .
 6 . . . . . . . . . . . . . . . O X . .
 5 . . . . . . . . . . . . . . X O X . .
 4 . . . . . . . . . . . . . . . O O . .
 3 . . . . . . . . . . . . . . . . . . .
 2 . . . . . . . . . . . . . . . . . . .
 1 . . . . . . . . . . . . . . . . . . .

koPOSITIONALscoreAREAtaxNONEsui1komi7.5
Time taken: 0.449069
Root visits: 214
New playouts: 133
NN rows: 128
NN batches: 44
NN avg batch size: 2.90909
PV: D14 R8 C4 Q7 P6 P18
Tree:
: T 112.93c W  99.96c S  12.88c (+45.7 L +43.4) N     214  --  D14 R8 C4 Q7 P6 P18
---White(^)---
D14 : T 112.97c W  99.96c S  12.91c (+45.8 L +43.5) LCB  112.66c P 79.87% WF 1235.9 PSV    1236 N     211  --  D14 R8 C4 Q7 P6 P18
F16 : T 109.50c W 100.00c S   9.50c (+41.9 L +39.4) LCB -240.50c P  1.27% WF   3.9 PSV       3 N       1  --  F16
D4  : T 107.84c W  99.99c S   7.85c (+40.0 L +37.5) LCB -242.16c P  1.02% WF   3.6 PSV       2 N       1  --  D4

2026-07-10 17:36:32+0100: = D14
2026-07-10 18:28:08+0100: Controller: play B D19
2026-07-10 18:28:08+0100: = 
2026-07-10 18:28:08+0100: Controller: genmove W
2026-07-10 18:28:08+0100: MoveNum: 29 HASH: 5C123646042C22590D789C8F9D7F15E4
   A B C D E F G H J K L M N O P Q R S T
19 . . . X3. . . . . . . . . . . . . . .
18 . . . O X . . . . . . . . . . X . . .
17 . . O X1. X . . X . . . . . O O . . .
16 . O . O X . . . X X . . . . . . . . .
15 . . O . O . . . . . . . . . . . . . .
14 . . . O2. . . . . . . . . . . . . . .
13 . . . . . . . . . . . . . . . . . . .
12 . . . . . . . . . . . . . . . . . . .
11 . . . . . . . . . . . . . . . . . . .
10 . . . . . . . . . . . . . . . . . . .
 9 . . . . . . . . . . . . . . . . . . .
 8 . . . . . . . . . . . . . . . . . . .
 7 . . . . . . . . . . . . . . . . . . .
 6 . . . . . . . . . . . . . . . O X . .
 5 . . . . . . . . . . . . . . X O X . .
 4 . . . @ . . . . . . . . . . . O O . .
 3 . . . . . . . . . . . . . . . . . . .
 2 . . . . . . . . . . . . . . . . . . .
 1 . . . . . . . . . . . . . . . . . . .

koPOSITIONALscoreAREAtaxNONEsui1komi7.5
Time taken: 0.702453
Root visits: 208
New playouts: 208
NN rows: 208
NN batches: 71
NN avg batch size: 2.92958
PV: D4 R8 Q7 R11 L3 P18
Tree:
: T 114.03c W  99.98c S  14.13c (+51.1 L +48.9) N     208  --  D4 R8 Q7 R11 L3 P18
---White(^)---
D4  : T 114.40c W  99.98c S  14.46c (+51.6 L +49.3) LCB  113.54c P 16.73% WF 225.7 PSV     376 N      36  --  D4 R8 Q7 R11 L3 P18
D3  : T 114.31c W  99.98c S  14.28c (+51.3 L +49.0) LCB  113.42c P 10.52% WF 234.9 PSV     234 N      38  --  D3 R8 Q7 R11 L3 D5
C4  : T 114.21c W  99.98c S  14.25c (+51.4 L +49.1) LCB  113.34c P 13.43% WF 225.3 PSV     226 N      36  --  C4 R8 K3 D4
R9  : T 114.04c W  99.98c S  14.14c (+51.1 L +48.9) LCB  113.10c P 14.49% WF 207.7 PSV     208 N      34  --  R9 D4 C6 Q7 Q8
R8  : T 113.57c W  99.98c S  13.64c (+50.4 L +48.2) LCB  112.06c P  6.45% WF 146.2 PSV      62 N      24  --  R8 D4 C6 F3
C3  : T 113.70c W  99.98c S  14.10c (+50.9 L +48.5) LCB  106.55c P  1.59% WF  59.6 PSV      17 N      10  --  C3 R8 L3 Q7
E17 : T 112.95c W  99.98c S  13.16c (+50.1 L +48.0) LCB   85.17c P  2.63% WF  30.6 PSV      17 N       5  --  E17 R8
R10 : T 113.75c W  99.98c S  14.18c (+51.1 L +48.9) LCB  102.74c P  1.37% WF  48.2 PSV      15 N       8  --  R10 D4 L3
Q9  : T 113.41c W  99.98c S  13.71c (+50.5 L +48.2) LCB   70.31c P  1.05% WF  24.4 PSV       9 N       4  --  Q9 D4 C6
L3  : T 113.59c W  99.98c S  13.74c (+50.7 L +48.4) LCB   70.63c P  1.00% WF  25.0 PSV       9 N       4  --  L3 Q7

2026-07-10 18:28:08+0100: = D4
2026-07-10 18:59:18+0100: Controller: play B C18
2026-07-10 18:59:18+0100: = 
2026-07-10 18:59:18+0100: Controller: genmove W
2026-07-10 18:59:18+0100: MoveNum: 31 HASH: 641628FDE45F504780E91D7C720D5E45
   A B C D E F G H J K L M N O P Q R S T
19 . . . X1. . . . . . . . . . . . . . .
18 . . X3. X . . . . . . . . . . X . . .
17 . . O X . X . . X . . . . . O O . . .
16 . O . O X . . . X X . . . . . . . . .
15 . . O . O . . . . . . . . . . . . . .
14 . . . O . . . . . . . . . . . . . . .
13 . . . . . . . . . . . . . . . . . . .
12 . . . . . . . . . . . . . . . . . . .
11 . . . . . . . . . . . . . . . . . . .
10 . . . . . . . . . . . . . . . . . . .
 9 . . . . . . . . . . . . . . . . @ . .
 8 . . . . . . . . . . . . . . . . . . .
 7 . . . . . . . . . . . . . . . . . . .
 6 . . . . . . . . . . . . . . . O X . .
 5 . . . . . . . . . . . . . . X O X . .
 4 . . . O2. . . . . . . . . . . O O . .
 3 . . . . . . . . . . . . . . . . . . .
 2 . . . . . . . . . . . . . . . . . . .
 1 . . . . . . . . . . . . . . . . . . .

koPOSITIONALscoreAREAtaxNONEsui1komi7.5
Time taken: 0.731892
Root visits: 208
New playouts: 208
NN rows: 207
NN batches: 71
NN avg batch size: 2.91549
PV: R9 Q7 Q8 P7 R7 R17 R16
Tree:
: T 114.24c W  99.98c S  14.17c (+52.6 L +50.4) N     208  --  R9 Q7 Q8 P7 R7 R17 R16
---White(^)---
R9  : T 114.71c W  99.98c S  14.56c (+53.1 L +50.9) LCB  114.06c P 41.50% WF 426.8 PSV     425 N      69  --  R9 Q7 Q8 P7 R7 R17 R16
R8  : T 114.06c W  99.99c S  13.99c (+52.3 L +50.1) LCB  113.09c P 11.23% WF 207.9 PSV      75 N      34  --  R8 L3 N3 R17 R16
L3  : T 114.14c W  99.98c S  14.07c (+52.5 L +50.3) LCB  113.09c P  9.93% WF 215.1 PSV      69 N      35  --  L3 R8 Q7 R11 C7 P18
R10 : T 113.91c W  99.98c S  13.89c (+52.3 L +50.1) LCB  112.52c P  4.67% WF 157.4 PSV      29 N      26  --  R10 Q7 P6 R9
Q9  : T 114.36c W  99.98c S  14.15c (+52.6 L +50.3) LCB  112.53c P  3.17% WF 130.1 PSV      25 N      21  --  Q9 L3 N3 S9 J3
K3  : T 113.68c W  99.98c S  13.96c (+52.4 L +50.1) LCB  110.38c P  2.08% WF  91.6 PSV      11 N      15  --  K3 R8 R10 Q7
R16 : T 113.21c W  99.98c S  13.39c (+51.6 L +49.3) LCB   39.27c P  1.20% WF  18.4 PSV       5 N       3  --  R16 R8
Q8  : T 113.21c W  99.99c S  13.60c (+51.7 L +49.4) LCB  -36.22c P  0.80% WF  12.1 PSV       3 N       2  --  Q8 L3
R17 : T 112.86c W  99.98c S  13.28c (+51.4 L +49.0) LCB  -36.40c P  0.74% WF  12.0 PSV       3 N       2  --  R17 R8

2026-07-10 18:59:18+0100: = R9
2026-07-10 19:31:01+0100: Controller: play B F15
2026-07-10 19:31:01+0100: = 
2026-07-10 19:31:01+0100: Controller: genmove W
2026-07-10 19:31:02+0100: MoveNum: 33 HASH: D5F2AB33B497E59847DE05C8E6C94ECE
   A B C D E F G H J K L M N O P Q R S T
19 . . . X . . . . . . . . . . . . . . .
18 . . X1. X . . . . . . . . . . X . . .
17 . . O X . X . . X . . . . . O O . . .
16 . O . O X . . . X X . . . . . . . . .
15 . . O . O X3. . . . . . . . . . . . .
14 . . . O . . . . . . . . . . . . . . .
13 . . . . . . . . . . . . . . . . . . .
12 . . . . . . . . . . . . . . . . . . .
11 . . . . . . . . . . . . . . . . . . .
10 . . . . . . . . . . . . . . . . . . .
 9 . . . . . . . . . . . . . . . . O2. .
 8 . . . . . . . . . . . . . . . . . . .
 7 . . . . . . . . . . . . . . . . . . .
 6 . . . . . . . . . . . . . . . O X . .
 5 . . . . . . . . . . . . . . X O X . .
 4 . . . O . . . . . . . . . . . O O . .
 3 . . . . . . . . . . @ . . . . . . . .
 2 . . . . . . . . . . . . . . . . . . .
 1 . . . . . . . . . . . . . . . . . . .

koPOSITIONALscoreAREAtaxNONEsui1komi7.5
Time taken: 0.709572
Root visits: 208
New playouts: 208
NN rows: 206
NN batches: 70
NN avg batch size: 2.94286
PV: L3 E13 L5 P3 P4
Tree:
: T 115.43c W  99.98c S  15.31c (+55.5 L +53.4) N     208  --  L3 E13 L5 P3 P4
---White(^)---
L3  : T 115.71c W  99.98c S  15.54c (+55.9 L +53.7) LCB  115.02c P 34.65% WF 352.7 PSV     352 N      56  --  L3 E13 L5 P3 P4
F14 : T 115.30c W  99.98c S  15.10c (+55.3 L +53.2) LCB  114.28c P 11.45% WF 243.2 PSV      88 N      39  --  F14 Q7 Q8 P7 R7 C6
M3  : T 115.37c W  99.98c S  15.27c (+55.5 L +53.4) LCB  114.47c P  8.85% WF 220.1 PSV      71 N      35  --  M3 E13 R16 F3
K3  : T 115.65c W  99.99c S  15.46c (+55.6 L +53.3) LCB  114.17c P  3.11% WF 156.7 PSV      30 N      25  --  K3 E13 C6 N3
R16 : T 115.36c W  99.98c S  15.21c (+55.3 L +53.1) LCB  113.34c P  2.60% WF 118.3 PSV      20 N      19  --  R16 L3 N3 Q7
L4  : T 115.38c W  99.98c S  15.35c (+55.6 L +53.4) LCB  113.33c P  2.39% WF 126.0 PSV      19 N      20  --  L4 Q7 Q8 P7 R7
M4  : T 114.86c W  99.98c S  15.12c (+55.3 L +53.2) LCB   40.77c P  1.32% WF  19.1 PSV       8 N       3  --  M4 Q7
K4  : T 114.81c W  99.98c S  15.01c (+55.3 L +53.2) LCB   71.93c P  1.11% WF  25.7 PSV       6 N       4  --  K4 Q7
C6  : T 114.58c W  99.99c S  15.01c (+54.9 L +52.6) LCB  -34.67c P  1.12% WF  12.5 PSV       6 N       2  --  C6 L3
R17 : T 114.30c W  99.99c S  14.72c (+54.4 L +52.2) LCB  -34.82c P  0.80% WF  12.4 PSV       3 N       2  --  R17 L3

2026-07-10 19:31:02+0100: = L3
2026-07-10 20:04:51+0100: Controller: play B E14
2026-07-10 20:04:51+0100: = 
2026-07-10 20:04:51+0100: Controller: genmove W
2026-07-10 20:04:52+0100: MoveNum: 35 HASH: 163B49562C781E5396FA4FFC1B21FB46
   A B C D E F G H J K L M N O P Q R S T
19 . . . X . . . . . . . . . . . . . . .
18 . . X . X . . . . . . . . . . X . . .
17 . . O X . X . . X . . . . . O O . . .
16 . O . O X . . . X X . . . . . . . . .
15 . . O . O X1. . . . . . . . . . . . .
14 . . . O X3. . . . . . . . . . . . . .
13 . . . . @ . . . . . . . . . . . . . .
12 . . . . . . . . . . . . . . . . . . .
11 . . . . . . . . . . . . . . . . . . .
10 . . . . . . . . . . . . . . . . . . .
 9 . . . . . . . . . . . . . . . . O . .
 8 . . . . . . . . . . . . . . . . . . .
 7 . . . . . . . . . . . . . . . . . . .
 6 . . . . . . . . . . . . . . . O X . .
 5 . . . . . . . . . . . . . . X O X . .
 4 . . . O . . . . . . . . . . . O O . .
 3 . . . . . . . . . . O2. . . . . . . .
 2 . . . . . . . . . . . . . . . . . . .
 1 . . . . . . . . . . . . . . . . . . .

koPOSITIONALscoreAREAtaxNONEsui1komi7.5
Time taken: 0.662029
Root visits: 207
New playouts: 207
NN rows: 200
NN batches: 68
NN avg batch size: 2.94118
PV: E13 D15 L5 Q7 Q8 P7 R7
Tree:
: T 114.36c W  99.97c S  14.38c (+56.8 L +54.5) N     207  --  E13 D15 L5 Q7 Q8 P7 R7
---White(^)---
E13 : T 115.12c W  99.97c S  15.16c (+57.8 L +55.6) LCB  114.50c P 36.06% WF 611.8 PSV     608 N     100  --  E13 D15 L5 Q7 Q8 P7 R7
L5  : T 113.90c W  99.97c S  13.82c (+56.0 L +53.8) LCB  112.64c P 14.69% WF 201.0 PSV      94 N      34  --  L5 D13 E13 D15 C14 E12 F13 C13
R16 : T 113.81c W  99.97c S  13.75c (+55.9 L +53.7) LCB  112.55c P  8.76% WF 210.9 PSV      53 N      36  --  R16 D13 C13 D15 C14 Q7 Q8
C6  : T 112.27c W  99.97c S  12.47c (+54.3 L +51.9) LCB  103.38c P  6.07% WF  49.7 PSV      21 N       9  --  C6 D13 E13 D15 C14
L6  : T 112.88c W  99.97c S  13.05c (+55.1 L +52.7) LCB   98.37c P  2.73% WF  39.9 PSV      11 N       7  --  L6 D13 C13 D15
R17 : T 113.64c W  99.98c S  13.68c (+55.7 L +53.4) LCB  110.85c P  1.69% WF  98.2 PSV       9 N      17  --  R17 D13 C13 D15 C14 N3
D6  : T 112.40c W  99.98c S  12.99c (+54.9 L +52.5) LCB   36.65c P  0.95% WF  16.0 PSV       3 N       3  --  D6 D13 E13

2026-07-10 20:04:52+0100: = E13
2026-07-10 20:35:47+0100: Controller: play B D15
2026-07-10 20:35:47+0100: = 
2026-07-10 20:35:47+0100: Controller: genmove W
2026-07-10 20:35:48+0100: MoveNum: 37 HASH: BFC218503C1F9E51192C4170056DAC0D
   A B C D E F G H J K L M N O P Q R S T
19 . . . X . . . . . . . . . . . . . . .
18 . . X . X . . . . . . . . . . X . . .
17 . . O X . X . . X . . . . . O O . . .
16 . O . O X . . . X X . . . . . . . . .
15 . . O X3. X . . . . . . . . . . . . .
14 . . . O X1. . . . . . . . . . . . . .
13 . . . . O2. . . . . . . . . . . . . .
12 . . . . . . . . . . . . . . . . . . .
11 . . . . . . . . . . . . . . . . . . .
10 . . . . . . . . . . . . . . . . . . .
 9 . . . . . . . . . . . . . . . . O . .
 8 . . . . . . . . . . . . . . . . . . .
 7 . . . . . . . . . . . . . . . . . . .
 6 . . . . . . . . . . . . . . . O X . .
 5 . . . . . . . . . . @ . . . X O X . .
 4 . . . O . . . . . . . . . . . O O . .
 3 . . . . . . . . . . O . . . . . . . .
 2 . . . . . . . . . . . . . . . . . . .
 1 . . . . . . . . . . . . . . . . . . .

koPOSITIONALscoreAREAtaxNONEsui1komi7.5
Time taken: 0.453585
Root visits: 207
New playouts: 128
NN rows: 128
NN batches: 44
NN avg batch size: 2.90909
PV: L5 Q7 Q8 D13 E15 P7
Tree:
: T 114.65c W  99.97c S  14.78c (+57.3 L +55.1) N     207  --  L5 Q7 Q8 D13 E15 P7
---White(^)---
L5  : T 114.94c W  99.97c S  14.91c (+57.5 L +55.3) LCB  113.85c P 18.97% WF 268.7 PSV     343 N      45  --  L5 Q7 Q8 D13 E15 P7
C6  : T 114.73c W  99.97c S  14.87c (+57.5 L +55.3) LCB  113.66c P 22.97% WF 263.3 PSV     264 N      44  --  C6 Q7 E15 F14 Q8 P7
R16 : T 114.62c W  99.96c S  14.73c (+57.2 L +55.1) LCB  113.30c P 14.15% WF 222.3 PSV     148 N      37  --  R16 Q7 Q8 P7 R7 D13
C7  : T 114.91c W  99.97c S  14.77c (+57.3 L +55.1) LCB  112.89c P  3.33% WF 119.7 PSV      45 N      20  --  C7 Q7 Q8 P7
R17 : T 114.36c W  99.97c S  14.78c (+57.1 L +54.8) LCB  110.12c P  4.04% WF  81.9 PSV      34 N      14  --  R17 Q7 Q8 P7
D13 : T 114.19c W  99.98c S  14.16c (+56.4 L +54.1) LCB  105.40c P  3.64% WF  55.3 PSV      28 N       9  --  D13 Q7 Q8 P7
L6  : T 114.11c W  99.97c S  14.79c (+57.2 L +54.8) LCB  108.66c P  3.56% WF  68.3 PSV      26 N      12  --  L6 Q7 Q8 D13
D6  : T 114.39c W  99.97c S  14.73c (+57.2 L +54.8) LCB  109.69c P  1.64% WF  75.7 PSV      14 N      13  --  D6 Q7 E15 P7
D7  : T 114.51c W  99.95c S  14.79c (+57.4 L +55.1) LCB   86.26c P  1.20% WF  29.6 PSV      11 N       5  --  D7 Q7 Q8
D10 : T 114.70c W  99.97c S  14.87c (+57.2 L +55.1) LCB   40.32c P  0.80% WF  18.6 PSV       9 N       3  --  D10 Q7

2026-07-10 20:35:48+0100: = L5
2026-07-10 21:21:14+0100: Controller: play B C16
2026-07-10 21:21:14+0100: = 
2026-07-10 21:21:14+0100: Controller: genmove W
2026-07-10 21:21:16+0100: MoveNum: 39 HASH: 1F276B331EA402CFACD6D6865BBC1047
   A B C D E F G H J K L M N O P Q R S T
19 . . . X . . . . . . . . . . . . . . .
18 . . X . X . . . . . . . . . . X . . .
17 . . O X . X . . X . . . . . O O . . .
16 . O X3. X . . . X X . . . . . . . . .
15 . . O X1. X . . . . . . . . . . . . .
14 . . . O X . . . . . . . . . . . . . .
13 . . . @ O . . . . . . . . . . . . . .
12 . . . . . . . . . . . . . . . . . . .
11 . . . . . . . . . . . . . . . . . . .
10 . . . . . . . . . . . . . . . . . . .
 9 . . . . . . . . . . . . . . . . O . .
 8 . . . . . . . . . . . . . . . . . . .
 7 . . . . . . . . . . . . . . . . . . .
 6 . . . . . . . . . . . . . . . O X . .
 5 . . . . . . . . . . O2. . . X O X . .
 4 . . . O . . . . . . . . . . . O O . .
 3 . . . . . . . . . . O . . . . . . . .
 2 . . . . . . . . . . . . . . . . . . .
 1 . . . . . . . . . . . . . . . . . . .

koPOSITIONALscoreAREAtaxNONEsui1komi7.5
Time taken: 2.06366
Root visits: 207
New playouts: 200
NN rows: 200
NN batches: 68
NN avg batch size: 2.94118
PV: D13 Q7 Q8 P7 R7 D11 D9
Tree:
: T 115.18c W  99.98c S  15.09c (+57.7 L +55.6) N     207  --  D13 Q7 Q8 P7 R7 D11 D9
---White(^)---
D13 : T 115.67c W  99.98c S  15.55c (+58.3 L +56.2) LCB  114.89c P 28.86% WF 480.1 PSV     584 N      76  --  D13 Q7 Q8 P7 R7 D11 D9
C13 : T 115.54c W  99.98c S  15.38c (+58.0 L +55.9) LCB  114.73c P 30.87% WF 469.2 PSV     440 N      75  --  C13 P3 P4 O4 O3
C14 : T 114.46c W  99.98c S  14.59c (+56.9 L +54.8) LCB  113.34c P  9.59% WF 182.2 PSV      62 N      30  --  C14 C11 C8 Q7
F14 : T 109.78c W  99.96c S   9.98c (+51.4 L +49.4) LCB   80.94c P  9.64% WF  24.8 PSV      18 N       5  --  F14 C14 D13
R16 : T 114.04c W  99.97c S  13.90c (+56.2 L +54.0) LCB  109.04c P  2.01% WF  69.9 PSV      10 N      12  --  R16 D13 C14 E12
C6  : T 113.72c W  99.97c S  13.82c (+56.1 L +54.1) LCB   94.22c P  0.96% WF  34.6 PSV       4 N       6  --  C6 D13 C14
R17 : T 114.09c W  99.97c S  14.02c (+56.2 L +54.1) LCB  -36.28c P  0.83% WF  11.8 PSV       4 N       2  --  R17 C14

2026-07-10 21:21:16+0100: = D13
2026-07-10 22:08:57+0100: Controller: play B B17
2026-07-10 22:08:57+0100: = 
2026-07-10 22:08:57+0100: Controller: genmove W
2026-07-10 22:08:57+0100: MoveNum: 41 HASH: 80ECD31A0D3B4CAE0FB7E63D175EA4CD
   A B C D E F G H J K L M N O P Q R S T
19 . . . X . . . . . . . . . . . . . . .
18 . . X . X . . . . . . . . . . X . . .
17 . X3. X . X . . X . . . . . O O . . .
16 . O X1. X . . . X X . . . . . . . . .
15 . . O X . X . . . . . . . . . . . . .
14 . . . O X . . . . . . . . . . . . . .
13 . . . O2O . . . . . . . . . . . . . .
12 . . . . . . . . . . . . . . . . . . .
11 . . . . . . . . . . . . . . . . . . .
10 . . . . . . . . . . . . . . . . . . .
 9 . . @ . . . . . . . . . . . . . O . .
 8 . . . . . . . . . . . . . . . . . . .
 7 . . . . . . . . . . . . . . . . . . .
 6 . . . . . . . . . . . . . . . O X . .
 5 . . . . . . . . . . O . . . X O X . .
 4 . . . O . . . . . . . . . . . O O . .
 3 . . . . . . . . . . O . . . . . . . .
 2 . . . . . . . . . . . . . . . . . . .
 1 . . . . . . . . . . . . . . . . . . .

koPOSITIONALscoreAREAtaxNONEsui1komi7.5
Time taken: 0.82805
Root visits: 207
New playouts: 207
NN rows: 206
NN batches: 70
NN avg batch size: 2.94286
PV: C9 Q7 Q8 P7 R7 P6 P4
Tree:
: T 114.82c W  99.98c S  14.74c (+61.3 L +59.1) N     207  --  C9 Q7 Q8 P7 R7 P6 P4
---White(^)---
C9  : T 115.15c W  99.98c S  14.92c (+61.4 L +59.2) LCB  114.21c P  7.36% WF 245.2 PSV     513 N      40  --  C9 Q7 Q8 P7 R7 P6 P4
D9  : T 114.81c W  99.98c S  14.80c (+61.4 L +59.1) LCB  113.99c P 38.57% WF 354.2 PSV     354 N      58  --  D9 C3 D3 C4 C6 C5 D5
D7  : T 114.69c W  99.98c S  14.71c (+61.3 L +59.1) LCB  113.47c P  8.61% WF 194.3 PSV      72 N      32  --  D7 P3 P4 O4 O3 Q7
C6  : T 114.79c W  99.98c S  14.56c (+61.1 L +59.0) LCB  111.82c P  5.02% WF  97.9 PSV      45 N      16  --  C6 Q7 Q8 L2
D10 : T 114.80c W  99.98c S  14.59c (+61.1 L +58.8) LCB  112.34c P  4.19% WF 110.6 PSV      38 N      18  --  D10 C3 D3 C4 C6
R16 : T 114.61c W  99.98c S  14.34c (+60.9 L +58.8) LCB  105.87c P  2.91% WF  55.0 PSV      23 N       9  --  R16 Q7 Q8 P7
D6  : T 114.80c W  99.97c S  14.70c (+61.4 L +59.2) LCB  108.92c P  2.29% WF  67.4 PSV      20 N      11  --  D6 Q7 Q8 P7
C7  : T 115.03c W  99.98c S  15.06c (+61.8 L +59.7) LCB  106.37c P  1.90% WF  55.9 PSV      20 N       9  --  C7 Q7 Q8
C8  : T 114.46c W  99.97c S  14.61c (+61.3 L +59.2) LCB   71.57c P  1.71% WF  24.9 PSV      12 N       4  --  C8 Q7
D8  : T 114.45c W  99.97c S  14.57c (+61.3 L +59.2) LCB   71.54c P  1.54% WF  25.1 PSV      11 N       4  --  D8 Q7

2026-07-10 22:08:57+0100: = C9
2026-07-10 22:46:05+0100: Controller: play B B15
2026-07-10 22:46:05+0100: = 
2026-07-10 22:46:05+0100: Controller: genmove W
2026-07-10 22:46:06+0100: MoveNum: 43 HASH: 2688F13C800B21C1965199FBC65988DD
   A B C D E F G H J K L M N O P Q R S T
19 . . . X . . . . . . . . . . . . . . .
18 . . X . X . . . . . . . . . . X . . .
17 . X1. X . X . . X . . . . . O O . . .
16 . O X . X . . . X X . . . . . . . . .
15 . X3O X . X . . . . . . . . . . . . .
14 . . . O X . . . . . . . . . . . . . .
13 . . . O O . . . . . . . . . . . . . .
12 . . . . . . . . . . . . . . . . . . .
11 . . . . . . . . . . . . . . . . . . .
10 . . . . . . . . . . . . . . . . . . .
 9 . . O2. . . . . . . . . . . . . O . .
 8 . . . . . . . . . . . . . . . . . . .
 7 . . . . . . . . . . . . . . . . . . .
 6 . . . . . . . . . . . . . . . O X . .
 5 . . . . . . . . . . O . . . X O X . .
 4 . . . O . . . . . . . . . . . O O . .
 3 . . . . @ . . . . . O . . . . . . . .
 2 . . . . . . . . . . . . . . . . . . .
 1 . . . . . . . . . . . . . . . . . . .

koPOSITIONALscoreAREAtaxNONEsui1komi7.5
Time taken: 0.718477
Root visits: 207
New playouts: 207
NN rows: 207
NN batches: 71
NN avg batch size: 2.91549
PV: E3 Q7 Q8 P7 R7 P6
Tree:
: T 115.96c W  99.98c S  15.92c (+63.5 L +61.3) N     207  --  E3 Q7 Q8 P7 R7 P6
---White(^)---
E3  : T 116.24c W  99.98c S  16.19c (+63.9 L +61.8) LCB  115.08c P 15.67% WF 220.5 PSV     351 N      35  --  E3 Q7 Q8 P7 R7 P6
R16 : T 116.16c W  99.98c S  15.90c (+63.4 L +61.2) LCB  114.83c P 13.54% WF 233.9 PSV     234 N      37  --  R16 P3 P4 O4 O3 Q7
F4  : T 115.96c W  99.98c S  15.91c (+63.4 L +61.2) LCB  114.40c P 14.90% WF 211.8 PSV     202 N      34  --  F4 P3 P4 O4 O3 S4
D3  : T 115.96c W  99.98c S  15.74c (+63.4 L +61.2) LCB  114.91c P  9.91% WF 203.7 PSV     134 N      33  --  D3 D8 D9 E8 E9 F8
F3  : T 116.05c W  99.99c S  16.12c (+63.7 L +61.5) LCB  114.38c P  3.59% WF 155.8 PSV      54 N      25  --  F3 P3 P4 O4 O3 Q7
P9  : T 116.01c W  99.98c S  15.93c (+63.4 L +61.1) LCB  112.74c P  2.02% WF 100.8 PSV      28 N      16  --  P9 P3 N3 S3
O10 : T 115.23c W  99.99c S  15.98c (+63.2 L +60.8) LCB   87.45c P  1.62% WF  31.1 PSV      12 N       5  --  O10 P3 N3
L8  : T 114.93c W  99.98c S  15.28c (+62.8 L +60.6) LCB   41.02c P  1.83% WF  18.9 PSV      12 N       3  --  L8 Q7
O9  : T 115.67c W  99.99c S  16.62c (+63.8 L +61.4) LCB   72.82c P  1.02% WF  24.9 PSV      10 N       4  --  O9 P3 N3
K8  : T 114.76c W  99.98c S  15.05c (+62.4 L +60.2) LCB   40.83c P  1.22% WF  18.8 PSV       7 N       3  --  K8 Q7

2026-07-10 22:46:06+0100: = E3
2026-07-10 23:32:35+0100: Controller: play B A16
2026-07-10 23:32:35+0100: = 
2026-07-10 23:32:35+0100: Controller: genmove W
2026-07-10 23:32:35+0100: MoveNum: 45 HASH: A46F45AC80E4D8B49BD1BA951ADB12C3
   A B C D E F G H J K L M N O P Q R S T
19 . . . X . . . . . . . . . . . . . . .
18 . . X . X . . . . . . . . . . X . . .
17 . X . X . X . . X . . . . . O O . . .
16 X3. X . X . . . X X . . . . . . . . .
15 . X1O X . X . . . . . . . . . . . . .
14 . . . O X . . . . . . . . . . . . . .
13 . . . O O . . . . . . . . . . . . . .
12 . . . . . . . . . . . . . . . . . . .
11 . . . . . . . . . . . . . . . . . . .
10 . . . . . . . . . . . . . . . . . . .
 9 . . O . . . . . . . . . . . . . O . .
 8 . . . . . @ . . . . . . . . . . . . .
 7 . . . . . . . . . . . . . . . . . . .
 6 . . . . . . . . . . . . . . . O X . .
 5 . . . . . . . . . . O . . . X O X . .
 4 . . . O . . . . . . . . . . . O O . .
 3 . . . . O2. . . . . O . . . . . . . .
 2 . . . . . . . . . . . . . . . . . . .
 1 . . . . . . . . . . . . . . . . . . .

koPOSITIONALscoreAREAtaxNONEsui1komi7.5
Time taken: 0.725281
Root visits: 207
New playouts: 207
NN rows: 207
NN batches: 71
NN avg batch size: 2.91549
PV: F8 P3 P4 O4 O3
Tree:
: T 117.55c W  99.99c S  17.43c (+74.9 L +72.7) N     207  --  F8 P3 P4 O4 O3
---White(^)---
F8  : T 118.04c W  99.99c S  17.74c (+75.2 L +72.9) LCB  116.85c P  9.13% WF 228.8 PSV     290 N      36  --  F8 P3 P4 O4 O3
G8  : T 117.91c W  99.99c S  17.73c (+75.3 L +73.1) LCB  116.74c P 21.81% WF 254.5 PSV     254 N      40  --  G8 C6 B5 E8 E9
H8  : T 117.81c W  99.99c S  17.59c (+75.2 L +72.9) LCB  116.62c P 14.09% WF 238.1 PSV     151 N      38  --  H8 C6 D7 B4 B5
G7  : T 117.54c W  99.99c S  17.40c (+74.9 L +72.7) LCB  115.78c P  3.45% WF 156.5 PSV      30 N      25  --  G7 C6 B5 L2
H7  : T 117.50c W  99.99c S  17.38c (+74.9 L +72.7) LCB  114.68c P  2.72% WF 106.8 PSV      23 N      17  --  H7 Q7 Q8 P7
F9  : T 117.34c W  99.99c S  17.17c (+74.7 L +72.5) LCB  106.26c P  1.97% WF  51.0 PSV      15 N       8  --  F9 C6 B5
J8  : T 116.80c W  99.99c S  16.96c (+74.6 L +72.4) LCB   73.99c P  1.98% WF  25.8 PSV      11 N       4  --  J8 C6
K8  : T 116.28c W  99.98c S  16.48c (+73.9 L +71.7) LCB   73.45c P  1.88% WF  25.6 PSV       9 N       4  --  K8 L2
R16 : T 116.45c W  99.99c S  16.80c (+73.8 L +71.7) LCB   42.60c P  1.92% WF  19.2 PSV       9 N       3  --  R16 Q7
H9  : T 116.85c W  99.99c S  16.96c (+74.6 L +72.5) LCB   74.01c P  1.41% WF  25.6 PSV       8 N       4  --  H9 G7

2026-07-10 23:32:35+0100: = F8
2026-07-11 00:27:08+0100: Controller: play B C14
2026-07-11 00:27:08+0100: = 
2026-07-11 00:27:08+0100: Controller: genmove W
2026-07-11 00:27:09+0100: MoveNum: 47 HASH: 56E73D367361EA31EF732DBC8B54D3AC
   A B C D E F G H J K L M N O P Q R S T
19 . . . X . . . . . . . . . . . . . . .
18 . . X . X . . . . . . . . . . X . . .
17 . X . X . X . . X . . . . . O O . . .
16 X1. X . X . . . X X . . . . . . . . .
15 . X . X . X . . . . . . . . . . . . .
14 . . X3O X . . . . . . . . . . . . . .
13 . . . O O . . . . . . . . . . . . . .
12 . . . . . . . . . . . . . . . . . . .
11 . . . . . . . . . . . . . . . . . . .
10 . . . . . . . . . . . . . . . . . . .
 9 . . O . . . . . . . . . . . . . O . .
 8 . . . . . O2. . . . @ . . . . . . . .
 7 . . . . . . . . . . . . . . . . . . .
 6 . . . . . . . . . . . . . . . O X . .
 5 . . . . . . . . . . O . . . X O X . .
 4 . . . O . . . . . . . . . . . O O . .
 3 . . . . O . . . . . O . . . . . . . .
 2 . . . . . . . . . . . . . . . . . . .
 1 . . . . . . . . . . . . . . . . . . .

koPOSITIONALscoreAREAtaxNONEsui1komi7.5
Time taken: 0.716008
Root visits: 207
New playouts: 207
NN rows: 207
NN batches: 70
NN avg batch size: 2.95714
PV: L8 P3 N3 Q7 R7
Tree:
: T 118.44c W  99.99c S  18.19c (+82.1 L +79.9) N     207  --  L8 P3 N3 Q7 R7
---White(^)---
L8  : T 118.96c W  99.99c S  18.59c (+82.7 L +80.4) LCB  117.71c P 24.94% WF 307.8 PSV     307 N      49  --  L8 P3 N3 Q7 R7
K8  : T 118.70c W  99.99c S  18.41c (+82.4 L +80.2) LCB  117.18c P 13.81% WF 237.2 PSV     136 N      38  --  K8 P3 N3 Q7 Q8
J8  : T 118.73c W  99.99c S  18.35c (+82.2 L +80.0) LCB  117.31c P  6.09% WF 214.4 PSV      61 N      35  --  J8 P3 P4 O4 O3 Q7
K9  : T 118.41c W  99.99c S  18.06c (+81.9 L +79.7) LCB  117.15c P  5.86% WF 197.8 PSV      47 N      32  --  K9 P3 N3 Q7
L9  : T 118.77c W  99.99c S  18.39c (+82.3 L +80.0) LCB  113.71c P  3.97% WF  74.5 PSV      41 N      12  --  L9 P3 N3
M9  : T 117.22c W  99.99c S  17.39c (+81.4 L +79.4) LCB   74.38c P  2.53% WF  24.9 PSV      11 N       4  --  M9 Q7
K7  : T 117.00c W  99.99c S  17.31c (+81.1 L +78.9) LCB   74.13c P  2.00% WF  24.8 PSV       8 N       4  --  K7 L2
J9  : T 117.21c W  99.99c S  17.36c (+81.5 L +79.2) LCB   74.34c P  1.81% WF  24.7 PSV       8 N       4  --  J9 L2
R16 : T 117.27c W  99.99c S  17.50c (+81.2 L +79.2) LCB   74.44c P  1.56% WF  25.2 PSV       7 N       4  --  R16 Q7
M8  : T 117.33c W  99.99c S  17.55c (+81.5 L +79.2) LCB   43.45c P  1.52% WF  18.7 PSV       7 N       3  --  M8 L2

2026-07-11 00:27:09+0100: = L8
2026-07-11 00:52:39+0100: Controller: play B E4
2026-07-11 00:52:39+0100: = 
2026-07-11 00:52:39+0100: Controller: genmove W
2026-07-11 00:52:40+0100: MoveNum: 49 HASH: 6BEC0783C526EC443B28DD3881721832
   A B C D E F G H J K L M N O P Q R S T
19 . . . X . . . . . . . . . . . . . . .
18 . . X . X . . . . . . . . . . X . . .
17 . X . X . X . . X . . . . . O O . . .
16 X . X . X . . . X X . . . . . . . . .
15 . X . X . X . . . . . . . . . . . . .
14 . . X1O X . . . . . . . . . . . . . .
13 . . . O O . . . . . . . . . . . . . .
12 . . . . . . . . . . . . . . . . . . .
11 . . . . . . . . . . . . . . . . . . .
10 . . . . . . . . . . . . . . . . . . .
 9 . . O . . . . . . . . . . . . . O . .
 8 . . . . . O . . . . O2. . . . . . . .
 7 . . . . . . . . . . . . . . . . . . .
 6 . . . . . . . . . . . . . . . O X . .
 5 . . . . . . . . . . O . . . X O X . .
 4 . . . O X3@ . . . . . . . . . O O . .
 3 . . . . O . . . . . O . . . . . . . .
 2 . . . . . . . . . . . . . . . . . . .
 1 . . . . . . . . . . . . . . . . . . .

koPOSITIONALscoreAREAtaxNONEsui1komi7.5
Time taken: 0.663897
Root visits: 206
New playouts: 206
NN rows: 205
NN batches: 69
NN avg batch size: 2.97101
PV: D3 P3 N3 Q7 Q8
Tree:
: T 118.33c W  99.99c S  18.17c (+83.7 L +81.5) N     206  --  D3 P3 N3 Q7 Q8
---White(^)---
D3  : T 118.28c W  99.99c S  18.21c (+84.2 L +82.1) LCB  117.38c P 37.18% WF 387.8 PSV     388 N      62  --  D3 P3 N3 Q7 Q8
F4  : T 118.64c W  99.99c S  18.43c (+84.0 L +81.8) LCB  117.37c P 22.91% WF 344.5 PSV     331 N      54  --  F4 P3 P4 O4 O3 Q7
D5  : T 118.24c W  99.99c S  18.07c (+83.2 L +81.0) LCB  116.67c P 10.24% WF 224.2 PSV     103 N      36  --  D5 P3 N3 Q7 Q8
E5  : T 118.52c W  99.99c S  18.27c (+83.7 L +81.4) LCB  116.90c P  7.90% WF 234.8 PSV     101 N      37  --  E5 P3 N3 Q7 Q8
F3  : T 117.66c W  99.99c S  17.47c (+81.8 L +79.7) LCB  111.45c P  0.70% WF  63.4 PSV       4 N      11  --  F3 C4 C5 P3
C3  : T 116.46c W  99.99c S  16.68c (+81.8 L +79.7) LCB   88.66c P  0.53% WF  28.8 PSV       2 N       5  --  C3 L2

2026-07-11 00:52:40+0100: = F4
2026-07-11 01:24:28+0100: Controller: play B E5
2026-07-11 01:24:28+0100: = 
2026-07-11 01:24:28+0100: Controller: genmove W
2026-07-11 01:24:29+0100: MoveNum: 51 HASH: A1753B25A9EFD4885E3F05B9BEC35AA5
   A B C D E F G H J K L M N O P Q R S T
19 . . . X . . . . . . . . . . . . . . .
18 . . X . X . . . . . . . . . . X . . .
17 . X . X . X . . X . . . . . O O . . .
16 X . X . X . . . X X . . . . . . . . .
15 . X . X . X . . . . . . . . . . . . .
14 . . X O X . . . . . . . . . . . . . .
13 . . . O O . . . . . . . . . . . . . .
12 . . . . . . . . . . . . . . . . . . .
11 . . . . . . . . . . . . . . . . . . .
10 . . . . . . . . . . . . . . . . . . .
 9 . . O . . . . . . . . . . . . . O . .
 8 . . . . . O . . . . O . . . . . . . .
 7 . . . . . . . . . . . . . . . . . . .
 6 . . . . . . . . . . . . . . . O X . .
 5 . . . . X3. . . . . O . . . X O X . .
 4 . . . O X1O2. . . . . . . . . O O . .
 3 . . . @ O . . . . . O . . . . . . . .
 2 . . . . . . . . . . . . . . . . . . .
 1 . . . . . . . . . . . . . . . . . . .

koPOSITIONALscoreAREAtaxNONEsui1komi7.5
Time taken: 0.639496
Root visits: 206
New playouts: 191
NN rows: 188
NN batches: 64
NN avg batch size: 2.9375
PV: D3 H8 G7 P3 N3 H7
Tree:
: T 116.66c W  99.99c S  16.50c (+84.5 L +82.4) N     206  --  D3 H8 G7 P3 N3 H7
---White(^)---
D3  : T 116.99c W  99.99c S  16.78c (+85.1 L +83.0) LCB  116.18c P 69.66% WF 767.5 PSV     765 N     128  --  D3 H8 G7 P3 N3 H7
D5  : T 116.22c W  99.99c S  15.95c (+83.5 L +81.3) LCB  114.41c P 11.05% WF 244.8 PSV      73 N      41  --  D5 P3 N3 D3
F5  : T 115.64c W  99.99c S  15.61c (+82.6 L +80.5) LCB  110.58c P  3.83% WF  74.3 PSV      19 N      13  --  F5 Q7 Q8 D3
C3  : T 116.34c W  99.99c S  16.55c (+84.3 L +82.2) LCB  114.17c P  1.77% WF 122.5 PSV      12 N      21  --  C3 D5 C5 P3
F3  : T 114.52c W  99.99c S  14.96c (+82.0 L +79.9) LCB  -34.56c P  1.10% WF  11.1 PSV       3 N       2  --  F3 P3

2026-07-11 01:24:29+0100: = D3
2026-07-11 02:02:30+0100: Controller: play B F13
2026-07-11 02:02:30+0100: = 
2026-07-11 02:02:30+0100: Controller: genmove W
2026-07-11 02:02:31+0100: MoveNum: 53 HASH: 312AFA31FA4376AAE9233106EFA435FA
   A B C D E F G H J K L M N O P Q R S T
19 . . . X . . . . . . . . . . . . . . .
18 . . X . X . . . . . . . . . . X . . .
17 . X . X . X . . X . . . . . O O . . .
16 X . X . X . . . X X . . . . . . . . .
15 . X . X . X . . . . . . . . . . . . .
14 . . X O X . . . . . . . . . . . . . .
13 . . . O O X3. . . . . . . . . . . . .
12 . . . . . @ . . . . . . . . . . . . .
11 . . . . . . . . . . . . . . . . . . .
10 . . . . . . . . . . . . . . . . . . .
 9 . . O . . . . . . . . . . . . . O . .
 8 . . . . . O . . . . O . . . . . . . .
 7 . . . . . . . . . . . . . . . . . . .
 6 . . . . . . . . . . . . . . . O X . .
 5 . . . . X1. . . . . O . . . X O X . .
 4 . . . O X O . . . . . . . . . O O . .
 3 . . . O2O . . . . . O . . . . . . . .
 2 . . . . . . . . . . . . . . . . . . .
 1 . . . . . . . . . . . . . . . . . . .

koPOSITIONALscoreAREAtaxNONEsui1komi7.5
Time taken: 0.791517
Root visits: 206
New playouts: 206
NN rows: 206
NN batches: 70
NN avg batch size: 2.94286
PV: F12 P3 P4 O4 O3
Tree:
: T 117.65c W  99.99c S  17.43c (+87.0 L +84.9) N     206  --  F12 P3 P4 O4 O3
---White(^)---
F12 : T 118.27c W  99.99c S  17.90c (+87.8 L +85.7) LCB  116.99c P 30.57% WF 353.0 PSV     351 N      57  --  F12 P3 P4 O4 O3
J9  : T 117.96c W  99.99c S  17.50c (+87.2 L +85.2) LCB  116.36c P  4.57% WF 192.7 PSV      41 N      32  --  J9 P3 P4 O4 O3
H9  : T 117.99c W  99.99c S  17.63c (+87.2 L +85.2) LCB  116.38c P  4.24% WF 194.4 PSV      39 N      32  --  H9 P3 P4 O4 O3
H8  : T 117.76c W  99.99c S  17.60c (+87.0 L +85.0) LCB  115.64c P  3.29% WF 127.5 PSV      26 N      21  --  H8 P3 P4 O4
L10 : T 116.60c W  99.99c S  16.76c (+86.3 L +84.2) LCB   88.81c P  3.53% WF  30.2 PSV      16 N       5  --  L10 P3 Q2
J8  : T 117.64c W  99.99c S  17.19c (+86.6 L +84.6) LCB  103.15c P  2.06% WF  42.5 PSV      15 N       7  --  J8 Q7 Q8
E9  : T 117.34c W  99.99c S  17.15c (+86.3 L +84.4) LCB   97.87c P  2.08% WF  35.7 PSV      13 N       6  --  E9 Q7 Q8
K10 : T 116.47c W  99.99c S  16.73c (+86.2 L +84.2) LCB   42.49c P  2.07% WF  18.2 PSV       9 N       3  --  K10 M8
M10 : T 116.35c W  99.99c S  16.46c (+86.0 L +84.0) LCB   42.18c P  2.05% WF  17.8 PSV       8 N       3  --  M10 H8
R16 : T 116.57c W  99.99c S  17.03c (+86.2 L +84.1) LCB  -32.46c P  1.71% WF  12.2 PSV       7 N       2  --  R16 P3

2026-07-11 02:02:31+0100: = F12
2026-07-11 02:27:38+0100: Controller: play B E12
2026-07-11 02:27:38+0100: = 
2026-07-11 02:27:38+0100: Controller: genmove W
2026-07-11 02:27:39+0100: MoveNum: 55 HASH: FE63CF85288495DB4219EDBFDD82409C
   A B C D E F G H J K L M N O P Q R S T
19 . . . X . . . . . . . . . . . . . . .
18 . . X . X . . . . . . . . . . X . . .
17 . X . X . X . . X . . . . . O O . . .
16 X . X . X . . . X X . . . . . . . . .
15 . X . X . X . . . . . . . . . . . . .
14 . . X O X . . . . . . . . . . . . . .
13 . . . O O X1@ . . . . . . . . . . . .
12 . . . . X3O2. . . . . . . . . . . . .
11 . . . . . . . . . . . . . . . . . . .
10 . . . . . . . . . . . . . . . . . . .
 9 . . O . . . . . . . . . . . . . O . .
 8 . . . . . O . . . . O . . . . . . . .
 7 . . . . . . . . . . . . . . . . . . .
 6 . . . . . . . . . . . . . . . O X . .
 5 . . . . X . . . . . O . . . X O X . .
 4 . . . O X O . . . . . . . . . O O . .
 3 . . . O O . . . . . O . . . . . . . .
 2 . . . . . . . . . . . . . . . . . . .
 1 . . . . . . . . . . . . . . . . . . .

koPOSITIONALscoreAREAtaxNONEsui1komi7.5
Time taken: 0.681325
Root visits: 206
New playouts: 206
NN rows: 206
NN batches: 70
NN avg batch size: 2.94286
PV: G13 D5 D8 L6
Tree:
: T 117.73c W  99.99c S  17.47c (+90.9 L +88.8) N     206  --  G13 D5 D8 L6
---White(^)---
G13 : T 118.03c W  99.99c S  17.71c (+91.4 L +89.3) LCB  117.02c P 40.63% WF 426.5 PSV     425 N      68  --  G13 D5 D8 L6
E11 : T 117.55c W  99.99c S  17.52c (+90.9 L +89.0) LCB  116.58c P 29.84% WF 368.1 PSV     225 N      60  --  E11 P3 P4 O4 O3
D12 : T 118.10c W  99.99c S  17.52c (+90.7 L +88.6) LCB  116.41c P  2.27% WF 210.5 PSV      25 N      34  --  D12 Q7 Q8 L2 M3
F11 : T 117.58c W  99.99c S  17.34c (+90.6 L +88.6) LCB  115.96c P  1.56% WF 174.3 PSV      12 N      30  --  F11 E10 F10 E8 D10
L10 : T 116.87c W  99.99c S  16.44c (+89.2 L +87.3) LCB  108.05c P  0.68% WF  50.2 PSV       3 N       9  --  L10 Q7 Q8
M11 : T 115.17c W  99.99c S  15.31c (+87.7 L +85.8) LCB   72.17c P  0.67% WF  23.0 PSV       2 N       4  --  M11 Q7

2026-07-11 02:27:39+0100: = G13
2026-07-11 03:17:30+0100: Controller: play B G12
2026-07-11 03:17:30+0100: = 
2026-07-11 03:17:30+0100: Controller: genmove W
2026-07-11 03:17:30+0100: MoveNum: 57 HASH: 1613DD9C3F209904CD95599448DCD9CD
   A B C D E F G H J K L M N O P Q R S T
19 . . . X . . . . . . . . . . . . . . .
18 . . X . X . . . . . . . . . . X . . .
17 . X . X . X . . X . . . . . O O . . .
16 X . X . X . . . X X . . . . . . . . .
15 . X . X . X . . . . . . . . . . . . .
14 . . X O X . . . . . . . . . . . . . .
13 . . . O O X O2. . . . . . . . . . . .
12 . . . . X1O X3. . . . . . . . . . . .
11 . . . . . @ . . . . . . . . . . . . .
10 . . . . . . . . . . . . . . . . . . .
 9 . . O . . . . . . . . . . . . . O . .
 8 . . . . . O . . . . O . . . . . . . .
 7 . . . . . . . . . . . . . . . . . . .
 6 . . . . . . . . . . . . . . . O X . .
 5 . . . . X . . . . . O . . . X O X . .
 4 . . . O X O . . . . . . . . . O O . .
 3 . . . O O . . . . . O . . . . . . . .
 2 . . . . . . . . . . . . . . . . . . .
 1 . . . . . . . . . . . . . . . . . . .

koPOSITIONALscoreAREAtaxNONEsui1komi7.5
Time taken: 0.628265
Root visits: 206
New playouts: 206
NN rows: 203
NN batches: 69
NN avg batch size: 2.94203
PV: F11 Q7 Q8 P7 R7 C8
Tree:
: T 117.96c W 100.00c S  17.64c (+95.1 L +93.1) N     206  --  F11 Q7 Q8 P7 R7 C8
---White(^)---
F11 : T 118.63c W 100.00c S  18.28c (+96.0 L +94.0) LCB  117.95c P 60.58% WF 971.7 PSV     966 N     156  --  F11 Q7 Q8 P7 R7 C8
F14 : T 115.91c W 100.00c S  15.77c (+92.3 L +90.2) LCB  114.91c P 34.75% WF 213.6 PSV     129 N      40  --  F14 F11 F13 Q7 Q8
P9  : T 109.16c W  99.99c S   9.10c (+82.1 L +80.0) LCB   63.54c P  0.07% WF   9.8 PSV       0 N       4  --  P9 F11 H8
M11 : T 107.47c W  99.99c S   8.22c (+81.1 L +79.1) LCB   26.71c P  0.07% WF   6.6 PSV       0 N       3  --  M11 F11 E9
G11 : T 104.80c W 100.00c S   4.80c (+76.1 L +74.0) LCB -245.20c P  0.07% WF   2.0 PSV       0 N       1  --  G11
O10 : T 107.61c W 100.00c S   7.61c (+80.4 L +78.2) LCB -242.39c P  0.07% WF   2.3 PSV       0 N       1  --  O10

2026-07-11 03:17:30+0100: = F11
2026-07-11 04:01:47+0100: Controller: play B F14
2026-07-11 04:01:47+0100: = 
2026-07-11 04:01:47+0100: Controller: genmove W
2026-07-11 04:01:47+0100: MoveNum: 59 HASH: 1663D2CF27DE1A384CA6A4B2471AC9D0
   A B C D E F G H J K L M N O P Q R S T
19 . . . X . . . . . . . . . . . . . . .
18 . . X . X . . . . . . . . . . X . . .
17 . X . X . X . . X . . . . . O O . . .
16 X . X . X . . . X X . . . . . . . . .
15 . X . X . X . . . . . . . . . . . . .
14 . . X O X X3. . . . . . . . . . . . .
13 . . . O O X O . . . . . . . . . . . .
12 . . . . X O X1. . . . . . . . . . . .
11 . . . . . O2@ . . . . . . . . . . . .
10 . . . . . . . . . . . . . . . . . . .
 9 . . O . . . . . . . . . . . . . O . .
 8 . . . . . O . . . . O . . . . . . . .
 7 . . . . . . . . . . . . . . . . . . .
 6 . . . . . . . . . . . . . . . O X . .
 5 . . . . X . . . . . O . . . X O X . .
 4 . . . O X O . . . . . . . . . O O . .
 3 . . . O O . . . . . O . . . . . . . .
 2 . . . . . . . . . . . . . . . . . . .
 1 . . . . . . . . . . . . . . . . . . .

koPOSITIONALscoreAREAtaxNONEsui1komi7.5
Time taken: 0.660284
Root visits: 206
New playouts: 204
NN rows: 204
NN batches: 68
NN avg batch size: 3
PV: G11 P3 N3 Q7 R7
Tree:
: T 116.39c W  99.99c S  16.12c (+96.6 L +94.6) N     206  --  G11 P3 N3 Q7 R7
---White(^)---
G11 : T 117.05c W  99.99c S  16.76c (+97.6 L +95.7) LCB  116.31c P 41.07% WF 523.7 PSV     521 N      89  --  G11 P3 N3 Q7 R7
H12 : T 116.44c W 100.00c S  16.15c (+96.6 L +94.5) LCB  115.45c P 21.11% WF 321.2 PSV     165 N      56  --  H12 P3 N3 M4 L4
O9  : T 115.74c W  99.99c S  15.36c (+95.3 L +93.1) LCB  113.45c P  1.69% WF  95.4 PSV       9 N      18  --  O9 L2 K3
P9  : T 115.59c W  99.99c S  15.19c (+95.0 L +92.8) LCB  111.82c P  1.16% WF  73.9 PSV       5 N      14  --  P9 P3 R2
M10 : T 114.95c W  99.99c S  14.86c (+94.9 L +92.8) LCB  103.95c P  1.33% WF  42.4 PSV       5 N       8  --  M10 L2 M3
L10 : T 115.16c W  99.99c S  15.24c (+95.6 L +93.8) LCB   41.25c P  0.99% WF  16.4 PSV       4 N       3  --  L10 Q7
C12 : T 116.02c W 100.00c S  16.02c (+95.4 L +93.0) LCB -233.98c P  0.77% WF   5.5 PSV       4 N       1  --  C12
O10 : T 114.26c W  99.99c S  14.33c (+94.2 L +92.1) LCB   40.16c P  1.16% WF  16.1 PSV       3 N       3  --  O10 L2
L11 : T 114.64c W  99.99c S  14.71c (+94.7 L +92.9) LCB   40.66c P  1.02% WF  16.1 PSV       3 N       3  --  L11 Q7
N9  : T 113.92c W  99.99c S  14.18c (+93.8 L +91.4) LCB  -35.43c P  1.08% WF  10.4 PSV       3 N       2  --  N9 L2

2026-07-11 04:01:47+0100: = G11
2026-07-11 04:38:50+0100: Controller: play B C13
2026-07-11 04:38:50+0100: = 
2026-07-11 04:38:50+0100: Controller: genmove W
2026-07-11 04:38:51+0100: MoveNum: 61 HASH: 7073950DBB67B218FB44FD4592CB7DE6
   A B C D E F G H J K L M N O P Q R S T
19 . . . X . . . . . . . . . . . . . . .
18 . . X . X . . . . . . . . . . X . . .
17 . X . X . X . . X . . . . . O O . . .
16 X . X . X . . . X X . . . . . . . . .
15 . X . X . X . . . . . . . . . . . . .
14 . . X O X X1. . . . . . . . . . . . .
13 . . X3O O X O . . . . . . . . . . . .
12 . . . . X O X . . . . . . . . . . . .
11 . . . . . O O2. . . . . . . . . . . .
10 . . . . . . . . . . . . . . . . . . .
 9 . . O . . . . . . . . . . @ . . O . .
 8 . . . . . O . . . . O . . . . . . . .
 7 . . . . . . . . . . . . . . . . . . .
 6 . . . . . . . . . . . . . . . O X . .
 5 . . . . X . . . . . O . . . X O X . .
 4 . . . O X O . . . . . . . . . O O . .
 3 . . . O O . . . . . O . . . . . . . .
 2 . . . . . . . . . . . . . . . . . . .
 1 . . . . . . . . . . . . . . . . . . .

koPOSITIONALscoreAREAtaxNONEsui1komi7.5
Time taken: 0.682514
Root visits: 206
New playouts: 206
NN rows: 206
NN batches: 70
NN avg batch size: 2.94286
PV: O9 L2 M3 K3
Tree:
: T 117.31c W  99.99c S  17.17c (+102.4 L +100.4) N     206  --  O9 L2 M3 K3
---White(^)---
O9  : T 118.44c W  99.99c S  17.88c (+103.1 L +101.1) LCB  117.02c P  7.01% WF 183.2 PSV     413 N      30  --  O9 L2 M3 K3
P9  : T 117.61c W  99.99c S  17.40c (+102.5 L +100.5) LCB  116.32c P 10.31% WF 213.2 PSV     213 N      36  --  P9 P3 Q2 L2
O10 : T 117.62c W  99.99c S  17.36c (+102.7 L +100.7) LCB  116.51c P 12.19% WF 207.7 PSV     208 N      35  --  O10 P3 R2 L2 M2
D10 : T 117.56c W 100.00c S  17.33c (+102.0 L +100.2) LCB  115.50c P  3.79% WF 116.5 PSV      72 N      20  --  D10 P3 P4 O4
N10 : T 117.44c W 100.00c S  17.52c (+102.9 L +101.1) LCB  108.73c P  4.28% WF  53.8 PSV      54 N       9  --  N10 L2 M2
L11 : T 116.53c W  99.99c S  16.61c (+102.1 L +100.4) LCB  102.21c P  4.97% WF  40.5 PSV      37 N       7  --  L11 P3 R2
K12 : T 117.18c W 100.00c S  17.32c (+102.5 L +100.4) LCB  108.36c P  2.95% WF  52.0 PSV      35 N       9  --  K12 P3 P4
M11 : T 116.31c W  99.99c S  16.73c (+102.2 L +100.4) LCB   96.91c P  3.43% WF  34.8 PSV      22 N       6  --  M11 P3 R2
N11 : T 116.10c W  99.99c S  16.23c (+101.6 L +99.9) LCB   88.36c P  3.80% WF  28.9 PSV      22 N       5  --  N11 L2
P10 : T 116.09c W  99.99c S  16.08c (+101.3 L +99.5) LCB   73.19c P  3.26% WF  22.9 PSV      19 N       4  --  P10 L2

2026-07-11 04:38:51+0100: = O9
2026-07-11 05:36:21+0100: Controller: play B D12
2026-07-11 05:36:21+0100: = 
2026-07-11 05:36:21+0100: Controller: genmove W
2026-07-11 05:36:22+0100: MoveNum: 63 HASH: A88DAE0FE4887D8E94298C9A86C57FA5
   A B C D E F G H J K L M N O P Q R S T
19 . . . X . . . . . . . . . . . . . . .
18 . . X . X . . . . . . . . . . X . . .
17 . X . X . X . . X . . . . . O O . . .
16 X . X . X . . . X X . . . . . . . . .
15 . X . X . X . . . . . . . . . . . . .
14 . . X . X X . . . . . . . . . . . . .
13 . . X1. . X O . . . . . . . . . . . .
12 . . . X3X O X . . . . . . . . . . . .
11 . . . . . O O . . . . . . . . . . . .
10 . . . @ . . . . . . . . . . . . . . .
 9 . . O . . . . . . . . . . O2. . O . .
 8 . . . . . O . . . . O . . . . . . . .
 7 . . . . . . . . . . . . . . . . . . .
 6 . . . . . . . . . . . . . . . O X . .
 5 . . . . X . . . . . O . . . X O X . .
 4 . . . O X O . . . . . . . . . O O . .
 3 . . . O O . . . . . O . . . . . . . .
 2 . . . . . . . . . . . . . . . . . . .
 1 . . . . . . . . . . . . . . . . . . .

koPOSITIONALscoreAREAtaxNONEsui1komi7.5
Time taken: 0.655551
Root visits: 206
New playouts: 206
NN rows: 206
NN batches: 70
NN avg batch size: 2.94286
PV: D10 C5 D5 D6 C6
Tree:
: T 117.00c W  99.99c S  16.76c (+109.6 L +107.8) N     206  --  D10 C5 D5 D6 C6
---White(^)---
D10 : T 117.09c W  99.99c S  16.96c (+109.8 L +108.1) LCB  116.34c P 50.93% WF 482.2 PSV     482 N      81  --  D10 C5 D5 D6 C6
K12 : T 117.22c W  99.99c S  16.90c (+110.0 L +108.1) LCB  116.04c P 14.47% WF 224.4 PSV     153 N      39  --  K12 L2 M3 M2 K3
H12 : T 117.20c W  99.99c S  16.72c (+109.7 L +107.6) LCB  116.15c P  2.62% WF 219.6 PSV      27 N      38  --  H12 L2 M3 M2 K3
R16 : T 116.10c W  99.99c S  15.74c (+108.4 L +106.3) LCB  111.03c P  5.15% WF  66.1 PSV      27 N      12  --  R16 L2 M2
L12 : T 117.06c W  99.99c S  16.71c (+109.7 L +107.7) LCB  115.73c P  2.04% WF 152.7 PSV      18 N      27  --  L12 L2 M3 M2
J12 : T 115.20c W  99.99c S  15.77c (+108.3 L +106.1) LCB  -33.80c P  1.05% WF  11.0 PSV       4 N       2  --  J12 L2
E10 : T 114.81c W  99.99c S  15.47c (+107.4 L +105.4) LCB  -34.42c P  1.12% WF  11.2 PSV       3 N       2  --  E10 L2
L11 : T 115.11c W  99.99c S  15.64c (+108.0 L +105.9) LCB  -33.85c P  0.91% WF  10.9 PSV       3 N       2  --  L11 L2
K11 : T 115.25c W  99.99c S  15.91c (+108.3 L +106.2) LCB  -33.82c P  0.89% WF  11.1 PSV       3 N       2  --  K11 L2

2026-07-11 05:36:22+0100: = D10
2026-07-11 06:06:39+0100: Controller: play B H12
2026-07-11 06:06:39+0100: = 
2026-07-11 06:06:39+0100: Controller: genmove W
2026-07-11 06:06:40+0100: MoveNum: 65 HASH: C5232F2C452E0D6B63BBDD3489138211
   A B C D E F G H J K L M N O P Q R S T
19 . . . X . . . . . . . . . . . . . . .
18 . . X . X . . . . . . . . . . X . . .
17 . X . X . X . . X . . . . . O O . . .
16 X . X . X . . . X X . . . . . . . . .
15 . X . X . X . . . . . . . . . . . . .
14 . . X . X X . . . . . . . . . . . . .
13 . . X . . X O . . . . . . . . . . . .
12 . . . X1X O X X3. . . . . . . . . . .
11 . . . . . O O @ . . . . . . . . . . .
10 . . . O2. . . . . . . . . . . . . . .
 9 . . O . . . . . . . . . . O . . O . .
 8 . . . . . O . . . . O . . . . . . . .
 7 . . . . . . . . . . . . . . . . . . .
 6 . . . . . . . . . . . . . . . O X . .
 5 . . . . X . . . . . O . . . X O X . .
 4 . . . O X O . . . . . . . . . O O . .
 3 . . . O O . . . . . O . . . . . . . .
 2 . . . . . . . . . . . . . . . . . . .
 1 . . . . . . . . . . . . . . . . . . .

koPOSITIONALscoreAREAtaxNONEsui1komi7.5
Time taken: 0.693103
Root visits: 206
New playouts: 206
NN rows: 206
NN batches: 70
NN avg batch size: 2.94286
PV: H11 C5 J12 B3 B6 B5
Tree:
: T 119.67c W  99.99c S  19.49c (+111.6 L +110.1) N     206  --  H11 C5 J12 B3 B6 B5
---White(^)---
H11 : T 119.91c W  99.99c S  19.78c (+112.3 L +111.0) LCB  119.24c P 76.36% WF 811.2 PSV     810 N     127  --  H11 C5 J12 B3 B6 B5
J11 : T 119.67c W 100.00c S  19.28c (+111.0 L +109.1) LCB  118.25c P  4.16% WF 214.7 PSV      37 N      34  --  J11 C5 D5 D6
J10 : T 119.69c W 100.00c S  19.40c (+110.6 L +108.6) LCB  118.39c P  2.10% WF 216.4 PSV      18 N      34  --  J10 C5 D5 R10
K11 : T 116.56c W  99.99c S  16.74c (+108.2 L +107.0) LCB   73.69c P  0.70% WF  22.5 PSV       2 N       4  --  K11 L2
K10 : T 116.87c W  99.99c S  17.07c (+108.3 L +107.1) LCB   74.05c P  0.66% WF  22.9 PSV       2 N       4  --  K10 L2
R16 : T 116.00c W 100.00c S  16.47c (+107.5 L +105.5) LCB  -32.96c P  0.68% WF  11.2 PSV       1 N       2  --  R16 L2

2026-07-11 06:06:40+0100: = H11
2026-07-11 06:35:21+0100: Controller: play B C10
2026-07-11 06:35:21+0100: = 
2026-07-11 06:35:21+0100: Controller: genmove W
2026-07-11 06:35:22+0100: MoveNum: 67 HASH: D838B7A8DB4D531F1B3584925EBFE0D4
   A B C D E F G H J K L M N O P Q R S T
19 . . . X . . . . . . . . . . . . . . .
18 . . X . X . . . . . . . . . . X . . .
17 . X . X . X . . X . . . . . O O . . .
16 X . X . X . . . X X . . . . . . . . .
15 . X . X . X . . . . . . . . . . . . .
14 . . X . X X . . . . . . . . . . . . .
13 . . X . . X O . . . . . . . . . . . .
12 . . . X X O X X1@ . . . . . . . . . .
11 . . . . . O O O2. . . . . . . . . . .
10 . . X3O . . . . . . . . . . . . . . .
 9 . . O . . . . . . . . . . O . . O . .
 8 . . . . . O . . . . O . . . . . . . .
 7 . . . . . . . . . . . . . . . . . . .
 6 . . . . . . . . . . . . . . . O X . .
 5 . . . . X . . . . . O . . . X O X . .
 4 . . . O X O . . . . . . . . . O O . .
 3 . . . O O . . . . . O . . . . . . . .
 2 . . . . . . . . . . . . . . . . . . .
 1 . . . . . . . . . . . . . . . . . . .

koPOSITIONALscoreAREAtaxNONEsui1komi7.5
Time taken: 0.65455
Root visits: 204
New playouts: 204
NN rows: 200
NN batches: 68
NN avg batch size: 2.94118
PV: J12 L2 M2 D9 B10
Tree:
: T 119.57c W 100.00c S  19.17c (+114.2 L +112.7) N     204  --  J12 L2 M2 D9 B10
---White(^)---
J12 : T 119.90c W 100.00c S  19.39c (+114.9 L +113.2) LCB  118.83c P 28.45% WF 369.9 PSV     576 N      60  --  J12 L2 M2 D9 B10
B10 : T 119.71c W 100.00c S  19.45c (+114.2 L +112.8) LCB  118.60c P 29.47% WF 428.7 PSV     428 N      67  --  B10 Q7 Q9 N9 N10
C11 : T 119.70c W 100.00c S  19.18c (+114.0 L +112.4) LCB  118.43c P 25.30% WF 271.1 PSV     271 N      43  --  C11 B10 B9 E10 E11
R16 : T 118.71c W 100.00c S  18.20c (+113.2 L +111.5) LCB  116.07c P  1.19% WF  94.6 PSV       8 N      17  --  R16 D9 D8 E9
K12 : T 118.53c W  99.99c S  18.37c (+113.4 L +112.0) LCB  112.50c P  0.59% WF  61.3 PSV       3 N      11  --  K12 D9 D8 E9
B9  : T 117.50c W  99.99c S  17.83c (+112.4 L +111.6) LCB   89.54c P  0.72% WF  28.9 PSV       3 N       5  --  B9 L2

2026-07-11 06:35:22+0100: = J12
2026-07-11 07:04:55+0100: Controller: play B H13
2026-07-11 07:04:55+0100: = 
2026-07-11 07:04:55+0100: Controller: genmove W
2026-07-11 07:04:55+0100: MoveNum: 69 HASH: 1608121A9CBB8BB52D2B9A3ED581805F
   A B C D E F G H J K L M N O P Q R S T
19 . . . X . . . . . . . . . . . . . . .
18 . . X . X . . . . . . . . . . X . . .
17 . X . X . X . . X . . . . . O O . . .
16 X . X . X . . . X X . . . . . . . . .
15 . X . X . X . . . . . . . . . . . . .
14 . . X . X X . . . . . . . . . . . . .
13 . . X . . X O X3. . . . . . . . . . .
12 . . . X X O X X O2. . . . . . . . . .
11 . . . . . O O O . . . . . . . . . . .
10 . @ X1O . . . . . . . . . . . . . . .
 9 . . O . . . . . . . . . . O . . O . .
 8 . . . . . O . . . . O . . . . . . . .
 7 . . . . . . . . . . . . . . . . . . .
 6 . . . . . . . . . . . . . . . O X . .
 5 . . . . X . . . . . O . . . X O X . .
 4 . . . O X O . . . . . . . . . O O . .
 3 . . . O O . . . . . O . . . . . . . .
 2 . . . . . . . . . . . . . . . . . . .
 1 . . . . . . . . . . . . . . . . . . .

koPOSITIONALscoreAREAtaxNONEsui1komi7.5
Time taken: 0.648682
Root visits: 204
New playouts: 204
NN rows: 201
NN batches: 69
NN avg batch size: 2.91304
PV: B10 C11 J13 L2 M2
Tree:
: T 118.81c W 100.00c S  18.55c (+118.7 L +117.1) N     204  --  B10 C11 J13 L2 M2
---White(^)---
B10 : T 119.27c W 100.00c S  19.06c (+118.9 L +117.2) LCB  118.18c P 30.88% WF 431.0 PSV     429 N      68  --  B10 C11 J13 L2 M2
C11 : T 118.67c W 100.00c S  18.49c (+118.3 L +116.6) LCB  117.49c P 24.18% WF 226.0 PSV     204 N      37  --  C11 B10 B9 R10 Q10
J13 : T 119.00c W 100.00c S  18.57c (+119.1 L +117.5) LCB  117.51c P  9.92% WF 197.6 PSV     107 N      33  --  J13 D9 B10 L2 M3
R16 : T 118.53c W 100.00c S  18.24c (+118.8 L +117.1) LCB  116.43c P  6.26% WF 119.5 PSV      48 N      21  --  R16 D9 D8 E9 E10
N13 : T 118.67c W  99.99c S  18.23c (+119.0 L +117.5) LCB  116.86c P  2.63% WF 136.2 PSV      22 N      24  --  N13 D9 D8 E9 E10
R12 : T 117.87c W  99.99c S  17.54c (+117.6 L +116.4) LCB   98.21c P  1.43% WF  34.9 PSV       7 N       6  --  R12 D9 D8
M13 : T 117.64c W 100.00c S  18.19c (+118.5 L +116.9) LCB  -31.32c P  1.23% WF  11.5 PSV       6 N       2  --  M13 D9
O13 : T 117.51c W  99.99c S  17.72c (+117.8 L +116.0) LCB  -31.45c P  1.14% WF  11.3 PSV       5 N       2  --  O13 D9
R11 : T 116.93c W 100.00c S  17.66c (+117.3 L +115.6) LCB  -32.23c P  1.09% WF  11.4 PSV       4 N       2  --  R11 D9
Q13 : T 117.25c W  99.99c S  17.59c (+117.3 L +115.7) LCB  -31.69c P  1.06% WF  11.4 PSV       4 N       2  --  Q13 D9

2026-07-11 07:04:55+0100: = B10
2026-07-11 08:00:04+0100: Controller: play B C11
2026-07-11 08:00:04+0100: = 
2026-07-11 08:00:04+0100: Controller: genmove W
2026-07-11 08:00:05+0100: MoveNum: 71 HASH: 6F01804D13764CF0AF335045946BEBF1
   A B C D E F G H J K L M N O P Q R S T
19 . . . X . . . . . . . . . . . . . . .
18 . . X . X . . . . . . . . . . X . . .
17 . X . X . X . . X . . . . . O O . . .
16 X . X . X . . . X X . . . . . . . . .
15 . X . X . X . . . . . . . . . . . . .
14 . . X . X X . . . . . . . . . . . . .
13 . . X . . X O X1. . . . . . . . . . .
12 . . . X X O X X O . . . . . . . . . .
11 . . X3. . O O O . . . . . . . . @ . .
10 . O2X O . . . . . . . . . . . . . . .
 9 . . O . . . . . . . . . . O . . O . .
 8 . . . . . O . . . . O . . . . . . . .
 7 . . . . . . . . . . . . . . . . . . .
 6 . . . . . . . . . . . . . . . O X . .
 5 . . . . X . . . . . O . . . X O X . .
 4 . . . O X O . . . . . . . . . O O . .
 3 . . . O O . . . . . O . . . . . . . .
 2 . . . . . . . . . . . . . . . . . . .
 1 . . . . . . . . . . . . . . . . . . .

koPOSITIONALscoreAREAtaxNONEsui1komi7.5
Time taken: 0.576894
Root visits: 205
New playouts: 184
NN rows: 184
NN batches: 62
NN avg batch size: 2.96774
PV: R11 D9 D8 E9 E10
Tree:
: T 118.11c W 100.00c S  17.95c (+118.8 L +117.2) N     205  --  R11 D9 D8 E9 E10
---White(^)---
R11 : T 118.95c W 100.00c S  18.62c (+119.8 L +118.0) LCB  117.33c P  5.07% WF 170.4 PSV     406 N      28  --  R11 D9 D8 E9 E10
J13 : T 118.53c W 100.00c S  18.18c (+119.3 L +117.7) LCB  117.07c P 15.27% WF 234.6 PSV     234 N      39  --  J13 L2 M3 M2 N2
R16 : T 118.37c W 100.00c S  18.17c (+119.6 L +117.8) LCB  117.24c P 14.30% WF 197.7 PSV     184 N      34  --  R16 D9 D8 E9 E10
D9  : T 117.45c W 100.00c S  17.36c (+117.2 L +115.7) LCB  115.76c P 22.93% WF 225.0 PSV     153 N      38  --  D9 R10 S10 Q9
R12 : T 118.48c W 100.00c S  18.22c (+119.4 L +117.8) LCB  116.87c P  7.28% WF 180.0 PSV     106 N      30  --  R12 D9 D8 E9 C8
B8  : T 116.92c W  99.99c S  16.85c (+116.8 L +115.9) LCB  102.39c P  6.30% WF  41.3 PSV      33 N       7  --  B8 R10 Q9
N13 : T 117.07c W  99.99c S  17.37c (+118.8 L +117.9) LCB   74.21c P  2.93% WF  23.1 PSV      16 N       4  --  N13 L2
Q13 : T 116.89c W  99.99c S  17.23c (+118.1 L +116.9) LCB   42.78c P  2.48% WF  17.3 PSV      12 N       3  --  Q13 S9
O12 : T 117.23c W  99.99c S  17.66c (+118.5 L +116.7) LCB  -31.77c P  1.34% WF  11.6 PSV       8 N       2  --  O12 D9
D8  : T 117.89c W 100.00c S  17.67c (+117.4 L +115.7) LCB  -31.67c P  0.86% WF  12.3 PSV       7 N       2  --  D8 R10

2026-07-11 08:00:05+0100: = R11
2026-07-11 08:38:12+0100: Controller: play B A10
2026-07-11 08:38:12+0100: = 
2026-07-11 08:38:12+0100: Controller: genmove W
2026-07-11 08:38:15+0100: MoveNum: 73 HASH: F565FB0CB4F6952A98744EDA7FA56663
   A B C D E F G H J K L M N O P Q R S T
19 . . . X . . . . . . . . . . . . . . .
18 . . X . X . . . . . . . . . . X . . .
17 . X . X . X . . X . . . . . O O . . .
16 X . X . X . . . X X . . . . . . . . .
15 . X . X . X . . . . . . . . . . . . .
14 . . X . X X . . . . . . . . . . . . .
13 . . X . . X O X . . . . . . . . . . .
12 . . . X X O X X O . . . . . . . . . .
11 . . X1. . O O O . . . . . . . . O2. .
10 X3O X O . . . . . . . . . . . . . . .
 9 . @ O . . . . . . . . . . O . . O . .
 8 . . . . . O . . . . O . . . . . . . .
 7 . . . . . . . . . . . . . . . . . . .
 6 . . . . . . . . . . . . . . . O X . .
 5 . . . . X . . . . . O . . . X O X . .
 4 . . . O X O . . . . . . . . . O O . .
 3 . . . O O . . . . . O . . . . . . . .
 2 . . . . . . . . . . . . . . . . . . .
 1 . . . . . . . . . . . . . . . . . . .

koPOSITIONALscoreAREAtaxNONEsui1komi7.5
Time taken: 2.54362
Root visits: 206
New playouts: 206
NN rows: 205
NN batches: 69
NN avg batch size: 2.97101
PV: B9 Q7 S4 M12 J13
Tree:
: T 119.77c W 100.00c S  19.32c (+126.4 L +125.0) N     206  --  B9 Q7 S4 M12 J13
---White(^)---
B9  : T 120.25c W 100.00c S  19.80c (+127.3 L +125.6) LCB  119.09c P 47.16% WF 536.9 PSV     535 N      85  --  B9 Q7 S4 M12 J13
J13 : T 119.41c W 100.00c S  19.05c (+126.1 L +124.9) LCB  117.66c P  9.77% WF 199.7 PSV      64 N      33  --  J13 L2 M3 M2 N2
B8  : T 119.93c W 100.00c S  19.22c (+125.7 L +124.1) LCB  118.11c P  5.26% WF 178.7 PSV      47 N      28  --  B8 Q7 S4 L2
N13 : T 119.89c W 100.00c S  19.21c (+126.3 L +124.9) LCB  117.89c P  4.41% WF 156.2 PSV      38 N      26  --  N13 D9 D8 B9 C8
M13 : T 119.38c W 100.00c S  18.78c (+125.6 L +124.6) LCB  116.78c P  5.43% WF 113.7 PSV      35 N      19  --  M13 D9 C8 L2
R16 : T 117.62c W  99.99c S  18.23c (+124.5 L +123.8) LCB   43.70c P  2.83% WF  17.9 PSV       9 N       3  --  R16 D9
N14 : T 117.52c W 100.00c S  17.98c (+124.3 L +123.7) LCB   43.66c P  2.65% WF  17.5 PSV       9 N       3  --  N14 D9
M14 : T 117.65c W 100.00c S  18.35c (+124.8 L +123.5) LCB  -31.31c P  2.14% WF  11.7 PSV       7 N       2  --  M14 D9
R17 : T 117.54c W  99.99c S  18.38c (+124.8 L +123.5) LCB  -31.44c P  1.93% WF  11.6 PSV       6 N       2  --  R17 D9
O14 : T 117.68c W 100.00c S  18.32c (+124.5 L +123.2) LCB  -31.30c P  1.18% WF  11.9 PSV       4 N       2  --  O14 B9

2026-07-11 08:38:15+0100: = B9
2026-07-11 09:39:37+0100: Controller: play B G14
2026-07-11 09:39:37+0100: = 
2026-07-11 09:39:37+0100: Controller: genmove W
2026-07-11 09:39:38+0100: MoveNum: 75 HASH: B3984A5E5A6259533B8703495FA84B44
   A B C D E F G H J K L M N O P Q R S T
19 . . . X . . . . . . . . . . . . . . .
18 . . X . X . . . . . . . . . . X . . .
17 . X . X . X . . X . . . . . O O . . .
16 X . X . X . . . X X . . . . . . . . .
15 . X . X . X . . . . . . . . . . . . .
14 . . X . X X X3. . . . . . . . . . . .
13 . . X . . X . X . . . @ . . . . . . .
12 . . . X X O X X O . . . . . . . . . .
11 . . X . . O O O . . . . . . . . O . .
10 X1O X O . . . . . . . . . . . . . . .
 9 . O2O . . . . . . . . . . O . . O . .
 8 . . . . . O . . . . O . . . . . . . .
 7 . . . . . . . . . . . . . . . . . . .
 6 . . . . . . . . . . . . . . . O X . .
 5 . . . . X . . . . . O . . . X O X . .
 4 . . . O X O . . . . . . . . . O O . .
 3 . . . O O . . . . . O . . . . . . . .
 2 . . . . . . . . . . . . . . . . . . .
 1 . . . . . . . . . . . . . . . . . . .

koPOSITIONALscoreAREAtaxNONEsui1komi7.5
Time taken: 0.872123
Root visits: 205
New playouts: 205
NN rows: 201
NN batches: 69
NN avg batch size: 2.91304
PV: M13 L2 M2 M3 M4
Tree:
: T 120.59c W 100.00c S  20.43c (+134.1 L +132.7) N     205  --  M13 L2 M2 M3 M4
---White(^)---
M13 : T 120.91c W 100.00c S  20.71c (+134.9 L +133.7) LCB  119.89c P 33.68% WF 331.3 PSV     331 N      52  --  M13 L2 M2 M3 M4
N13 : T 120.88c W 100.00c S  20.69c (+134.9 L +133.4) LCB  119.77c P  8.92% WF 224.0 PSV      85 N      35  --  N13 L2 M3 E10
R16 : T 120.79c W 100.00c S  20.48c (+134.1 L +132.4) LCB  119.32c P  9.51% WF 205.0 PSV      85 N      32  --  R16 E10 E9 J11
L12 : T 120.69c W 100.00c S  20.54c (+133.8 L +132.4) LCB  119.23c P  9.91% WF 219.5 PSV      83 N      34  --  L12 E10 E9 F10 R16
M12 : T 120.77c W 100.00c S  20.44c (+133.6 L +132.2) LCB  118.85c P  8.09% WF 187.6 PSV      72 N      29  --  M12 E10 E9 J11
R17 : T 118.67c W  99.99c S  19.15c (+132.3 L +131.7) LCB   75.18c P  4.13% WF  24.6 PSV      15 N       4  --  R17 L2
L13 : T 118.97c W  99.99c S  19.26c (+132.9 L +132.3) LCB   75.94c P  3.92% WF  24.6 PSV      15 N       4  --  L13 L2
N14 : T 118.63c W 100.00c S  19.14c (+131.8 L +130.1) LCB  -30.54c P  1.47% WF  12.3 PSV       5 N       2  --  N14 M13
M14 : T 119.16c W 100.00c S  19.55c (+132.6 L +130.9) LCB  -29.87c P  1.33% WF  12.4 PSV       5 N       2  --  M14 L13
O14 : T 118.57c W 100.00c S  18.90c (+131.6 L +130.0) LCB  -30.74c P  1.20% WF  12.2 PSV       4 N       2  --  O14 E10

2026-07-11 09:39:38+0100: = M13
