2026-07-09 17:43:30+0100: Running with following config:
allowResignation = true
lagBuffer = 1.0
logAllGTPCommunication = true
logDir = gtp_logs
logSearchInfo = true
logSearchInfoForChosenMove = false
logToStderr = false
maxTimePondering = 60.0
maxVisits = 500
numSearchThreads = 6
ponderingEnabled = false
resignConsecTurns = 3
resignThreshold = -0.90
rules = tromp-taylor
searchFactorAfterOnePass = 0.50
searchFactorAfterTwoPass = 0.25
searchFactorWhenWinning = 0.40
searchFactorWhenWinningThreshold = 0.95

2026-07-09 17:43:30+0100: GTP Engine starting...
2026-07-09 17:43:30+0100: KataGo v1.16.5
2026-07-09 17:43:30+0100: Using TrompTaylor rules initially, unless GTP/GUI overrides this
2026-07-09 17:43:30+0100: Using 6 CPU thread(s) for search
2026-07-09 17:43:31+0100: nnRandSeed0 = 17558898603773123567
2026-07-09 17:43:31+0100: After dedups: nnModelFile0 = /opt/homebrew/Cellar/katago/1.16.5/share/katago/kata1-b18c384nbt-s9996604416-d4316597426.bin.gz useFP16 auto useNHWC auto
2026-07-09 17:43:31+0100: Initializing neural net buffer to be size 19 * 19 exactly
2026-07-09 17:43:31+0100: Loaded neural net with nnXLen 19 nnYLen 19
2026-07-09 17:43:31+0100: Initializing board with boardXSize 19 boardYSize 19
2026-07-09 17:43:31+0100: Loaded config /opt/homebrew/Cellar/katago/1.16.5/share/katago/configs/gtp_example.cfg
2026-07-09 17:43:31+0100: Loaded model /opt/homebrew/Cellar/katago/1.16.5/share/katago/kata1-b18c384nbt-s9996604416-d4316597426.bin.gz
2026-07-09 17:43:31+0100: Model name: kata1-b18c384nbt-s9996604416-d4316597426
2026-07-09 17:43:31+0100: GTP ready, beginning main protocol loop
2026-07-09 17:43:31+0100: Controller: boardsize 9
2026-07-09 17:43:31+0100: GPU -1 finishing, processed 0 rows 0 batches
2026-07-09 17:43:31+0100: Cleaned up old neural net and bot
2026-07-09 17:43:31+0100: nnRandSeed0 = 156517567996989004
2026-07-09 17:43:31+0100: After dedups: nnModelFile0 = /opt/homebrew/Cellar/katago/1.16.5/share/katago/kata1-b18c384nbt-s9996604416-d4316597426.bin.gz useFP16 auto useNHWC auto
2026-07-09 17:43:31+0100: Initializing neural net buffer to be size 9 * 9 exactly
2026-07-09 17:43:32+0100: Loaded neural net with nnXLen 9 nnYLen 9
2026-07-09 17:43:32+0100: Initializing board with boardXSize 9 boardYSize 9
2026-07-09 17:43:32+0100: = 
2026-07-09 17:43:32+0100: Controller: clear_board
2026-07-09 17:43:32+0100: = 
2026-07-09 17:43:32+0100: Controller: play B C7
2026-07-09 17:43:32+0100: = 
2026-07-09 17:43:32+0100: Controller: genmove W
2026-07-09 17:43:37+0100: MoveNum: 1 HASH: 8897750E497AE23F1CF62B5670525D20
   A B C D E F G H J
 9 . . . . . . . . .
 8 . . . . . . . . .
 7 . . X1. . . . . .
 6 . . . . . . . . .
 5 . . . . . . . . .
 4 . . . . . @ . . .
 3 . . . . . . . . .
 2 . . . . . . . . .
 1 . . . . . . . . .

koPOSITIONALscoreAREAtaxNONEsui1komi7.5
Time taken: 5.41836
Root visits: 503
New playouts: 503
NN rows: 477
NN batches: 161
NN avg batch size: 2.96273
PV: F4 F6 D4 G4 G3 G5 D6 D7 C6 E6 B7 E3
Tree:
: T  91.39c W  92.13c S  -0.56c ( +2.7 L  +1.7) N     503  --  F4 F6 D4 G4 G3 G5 D6
---White(^)---
F4  : T  92.76c W  93.26c S  -0.49c ( +2.7 L  +1.7) LCB   91.24c P 15.36% WF 398.7 PSV     605 N     225  --  F4 F6 D4 G4 G3 G5 D6 D7
D6  : T  91.10c W  91.90c S  -0.36c ( +2.8 L  +1.8) LCB   89.30c P 35.94% WF 304.4 PSV     207 N     191  --  D6 D4 C6 F6 F7 E6 D7 E7
E4  : T  89.35c W  90.89c S  -1.30c ( +2.4 L  +1.4) LCB   85.97c P 13.02% WF  87.1 PSV      41 N      54  --  E4 G4 E6 D5 E5 G6
D4  : T  88.42c W  88.93c S  -0.69c ( +2.6 L  +1.4) LCB   83.04c P  0.76% WF  25.3 PSV       1 N      17  --  D4 E5 E4 F4 F3 G3 D5
E5  : T  83.79c W  85.78c S  -1.99c ( +1.9 L  +1.5) LCB -266.21c P  0.76% WF   1.4 PSV       0 N       1  --  E5
E3  : T  78.92c W  82.12c S  -3.20c ( +1.4 L  +1.1) LCB -271.08c P  0.58% WF   1.2 PSV       0 N       1  --  E3
F3  : T  83.31c W  85.98c S  -2.67c ( +1.6 L  +1.4) LCB -266.69c P  0.31% WF   1.5 PSV       0 N       1  --  F3
D5  : T  84.58c W  86.21c S  -1.64c ( +2.1 L  +1.3) LCB -265.42c P  0.23% WF   1.6 PSV       0 N       1  --  D5
D3  : T  80.35c W  83.06c S  -2.71c ( +1.6 L  +1.3) LCB -269.65c P  0.21% WF   1.4 PSV       0 N       1  --  D3
C4  : T  76.90c W  79.65c S  -2.74c ( +1.5 L  +1.0) LCB -273.10c P  0.12% WF   1.5 PSV       0 N       1  --  C4

2026-07-09 17:43:37+0100: = F4
2026-07-09 17:43:38+0100: Controller: play B C9
2026-07-09 17:43:38+0100: = 
2026-07-09 17:43:38+0100: Controller: genmove W
2026-07-09 17:43:39+0100: MoveNum: 3 HASH: BEA755EFE9D5A9D44FDD223B1926E30B
   A B C D E F G H J
 9 . . X3. . . . . .
 8 . . . . . . . . .
 7 . . X1. . . . . .
 6 . . . . . . . . .
 5 . . . . . . . . .
 4 . . . . . O2. . .
 3 . . . @ . . . . .
 2 . . . . . . . . .
 1 . . . . . . . . .

koPOSITIONALscoreAREAtaxNONEsui1komi7.5
Time taken: 0.956038
Root visits: 504
New playouts: 504
NN rows: 495
NN batches: 167
NN avg batch size: 2.96407
PV: D4 G6 H5 E2 E7 E6
Tree:
: T 105.41c W  99.81c S   5.60c (+11.0 L +11.2) N     504  --  D4 G6 H5 E2 E7 E6
---White(^)---
D4  : T 106.12c W  99.82c S   6.28c (+11.3 L +11.4) LCB  105.27c P 13.28% WF 447.1 PSV    1238 N     109  --  D4 G6 H5 E2 E7 E6
C4  : T 105.49c W  99.79c S   5.78c (+11.1 L +11.3) LCB  104.20c P 19.58% WF 502.2 PSV     502 N     138  --  C4 F6 G6 F5 G5 E4 F7 E3
D3  : T 105.68c W  99.84c S   5.78c (+11.0 L +11.1) LCB  104.73c P 16.90% WF 352.7 PSV     353 N      89  --  D3 G6 G5 F6 D5 C4 D4
D6  : T 105.48c W  99.79c S   5.59c (+11.0 L +11.2) LCB  104.06c P 10.27% WF 282.5 PSV     257 N      71  --  D6 E5 D3 F5 G4 G5 C6
F7  : T 104.23c W  99.82c S   4.68c (+10.6 L +10.8) LCB  102.07c P  9.60% WF 106.0 PSV      85 N      28  --  F7 D4 D3 E4 E3 F5 G5 G4
D5  : T 105.16c W  99.81c S   5.35c (+10.9 L +11.1) LCB  102.89c P  3.71% WF 100.2 PSV      63 N      24  --  D5 G6 F7 F6
F6  : T 104.56c W  99.82c S   4.79c (+10.6 L +10.8) LCB  102.04c P  5.22% WF  77.5 PSV      56 N      19  --  F6 D3 D4 C4 C5
C5  : T 103.84c W  99.81c S   4.00c (+10.3 L +10.7) LCB   84.33c P  2.60% WF  25.3 PSV      19 N       6  --  C5 F6 E6
G7  : T 104.75c W  99.87c S   5.02c (+10.7 L +10.9) LCB   76.57c P  1.11% WF  20.7 PSV      13 N       5  --  G7 D3 D4
G6  : T 102.37c W  99.88c S   2.80c ( +9.8 L +10.1) LCB   27.92c P  2.54% WF  12.6 PSV      11 N       3  --  G6 D3 D4

2026-07-09 17:43:39+0100: = D3
2026-07-09 17:43:40+0100: Controller: play B B8
2026-07-09 17:43:40+0100: = 
2026-07-09 17:43:40+0100: Controller: genmove W
2026-07-09 17:43:43+0100: MoveNum: 5 HASH: C335CEED293CDE0FAA8EDE7208F83DAB
   A B C D E F G H J
 9 . . X1. . . . . .
 8 . X3. . . . . . .
 7 . . X . . . . . .
 6 . . . . . . @ . .
 5 . . . . . . . . .
 4 . . . . . O . . .
 3 . . . O2. . . . .
 2 . . . . . . . . .
 1 . . . . . . . . .

koPOSITIONALscoreAREAtaxNONEsui1komi7.5
Time taken: 3.51009
Root visits: 505
New playouts: 505
NN rows: 464
NN batches: 156
NN avg batch size: 2.97436
PV: G6 G3 G4 F2 F3 C4 E2 F8 G8
Tree:
: T 111.53c W  99.94c S  11.50c (+19.5 L +19.5) N     505  --  G6 G3 G4 F2 F3 C4 E2
---White(^)---
G6  : T 111.78c W  99.94c S  11.75c (+19.6 L +19.6) LCB  110.93c P 75.54% WF 2101.4 PSV    2097 N     427  --  G6 G3 G4 F2 F3 C4 E2 F8
G5  : T 109.25c W  99.94c S   9.39c (+18.5 L +18.5) LCB  105.96c P 11.27% WF  93.8 PSV      73 N      19  --  G5 G3 H4 E2 D2
H5  : T 111.14c W  99.96c S  10.90c (+19.1 L +19.0) LCB  109.20c P  2.66% WF 158.3 PSV      40 N      31  --  H5 G6 H6 C3 C4 B4
G7  : T 110.06c W  99.87c S  10.27c (+19.0 L +18.9) LCB  106.43c P  2.23% WF  79.3 PSV      19 N      17  --  G7 G4 G5 F3 G3
F6  : T 109.16c W  99.97c S   9.50c (+18.6 L +18.5) LCB   93.92c P  1.90% WF  33.6 PSV      12 N       7  --  F6 H5 H4
F7  : T 105.94c W  99.98c S   5.96c (+17.1 L +17.8) LCB -244.06c P  0.97% WF   4.5 PSV       3 N       1  --  F7
H6  : T 100.67c W  99.97c S   0.70c (+14.7 L +15.8) LCB -249.33c P  0.59% WF   4.9 PSV       1 N       1  --  H6

2026-07-09 17:43:43+0100: = G6
2026-07-09 17:43:44+0100: Controller: play B A8
2026-07-09 17:43:44+0100: = 
2026-07-09 17:43:44+0100: Controller: genmove W
2026-07-09 17:43:46+0100: MoveNum: 7 HASH: 8E2168431A17265B4D28851E21ED040C
   A B C D E F G H J
 9 . . X . . . . . .
 8 X3X1. . . . . . .
 7 . . X . . . . . .
 6 . . . . . . O2. .
 5 . . @ . . . . . .
 4 . . . . . O . . .
 3 . . . O . . . . .
 2 . . . . . . . . .
 1 . . . . . . . . .

koPOSITIONALscoreAREAtaxNONEsui1komi7.5
Time taken: 2.03475
Root visits: 505
New playouts: 505
NN rows: 485
NN batches: 163
NN avg batch size: 2.97546
PV: C5 F3 E3 C4 B4 D5
Tree:
: T 115.10c W  99.99c S  15.11c (+30.5 L +30.3) N     505  --  C5 F3 E3 C4 B4 D5
---White(^)---
C5  : T 115.56c W  99.99c S  15.54c (+30.8 L +30.5) LCB  114.79c P 42.29% WF 1459.7 PSV    1452 N     257  --  C5 F3 E3 C4 B4 D5
C4  : T 114.81c W  99.98c S  14.82c (+30.4 L +30.3) LCB  113.35c P 30.29% WF 762.4 PSV     485 N     144  --  C4 G4 G5 F3 E3 G7 F7 H4
F7  : T 114.51c W  99.99c S  14.60c (+30.3 L +30.1) LCB  112.61c P 13.95% WF 402.7 PSV     183 N      74  --  F7 F3 E3 G4 G5 C3
E7  : T 113.89c W 100.00c S  13.86c (+29.9 L +29.7) LCB  105.11c P  3.49% WF  50.0 PSV      33 N       9  --  E7 G4 G3
B4  : T 114.13c W 100.00c S  14.36c (+30.2 L +29.8) LCB  104.97c P  1.31% WF  49.6 PSV      14 N       9  --  B4 F3 G3
F8  : T 113.58c W 100.00c S  13.84c (+29.9 L +29.6) LCB   98.97c P  1.34% WF  38.3 PSV      11 N       7  --  F8 G4 G3
D5  : T 112.34c W 100.00c S  12.54c (+29.2 L +29.2) LCB  -36.71c P  0.99% WF  11.2 PSV       5 N       2  --  D5 G4
E6  : T 111.40c W 100.00c S  11.40c (+28.6 L +29.4) LCB -238.60c P  0.65% WF   5.4 PSV       3 N       1  --  E6
B5  : T 112.17c W 100.00c S  12.17c (+29.1 L +29.7) LCB -237.83c P  0.60% WF   5.0 PSV       3 N       1  --  B5

2026-07-09 17:43:46+0100: = C5
2026-07-09 17:43:47+0100: Controller: play B D8
2026-07-09 17:43:47+0100: = 
2026-07-09 17:43:47+0100: Controller: genmove W
2026-07-09 17:43:48+0100: MoveNum: 9 HASH: F2FBD8AB4041BF052098AACF3202918E
   A B C D E F G H J
 9 . . X . . . . . .
 8 X1X . X3. . . . .
 7 . . X . . @ . . .
 6 . . . . . . O . .
 5 . . O2. . . . . .
 4 . . . . . O . . .
 3 . . . O . . . . .
 2 . . . . . . . . .
 1 . . . . . . . . .

koPOSITIONALscoreAREAtaxNONEsui1komi7.5
Time taken: 0.45161
Root visits: 217
New playouts: 217
NN rows: 217
NN batches: 73
NN avg batch size: 2.9726
PV: F7 C3 C4 D2 C2 E3 D4 B2
Tree:
: T 114.76c W  99.99c S  14.78c (+35.5 L +35.4) N     217  --  F7 C3 C4 D2 C2 E3 D4
---White(^)---
F7  : T 116.17c W  99.99c S  16.07c (+36.1 L +36.0) LCB  114.43c P 28.81% WF 520.0 PSV     881 N      89  --  F7 C3 C4 D2 C2 E3 D4 B2
F8  : T 113.79c W  99.99c S  13.84c (+35.1 L +34.9) LCB  112.45c P 55.82% WF 394.8 PSV     241 N      72  --  F8 C3 C4 D2 C2 E3 D4 C1
F6  : T 113.96c W  99.99c S  14.08c (+34.9 L +35.0) LCB  111.28c P  2.29% WF 137.7 PSV      10 N      26  --  F6 C3 C4 B3 C2 F8
E6  : T 113.11c W 100.00c S  13.42c (+34.6 L +34.8) LCB  105.75c P  2.71% WF  55.9 PSV       9 N      10  --  E6 C3 D2 G4
D6  : T 113.28c W 100.00c S  13.39c (+34.7 L +34.6) LCB  106.09c P  1.26% WF  53.6 PSV       4 N      10  --  D6 C3 D2 C4
E7  : T 113.30c W 100.00c S  13.41c (+34.7 L +34.6) LCB   85.33c P  1.26% WF  28.2 PSV       4 N       5  --  E7 C3 C4
G7  : T 111.76c W  99.99c S  12.28c (+34.1 L +34.4) LCB  -37.20c P  0.96% WF  11.1 PSV       2 N       2  --  G7 C3
G8  : T 111.97c W 100.00c S  12.63c (+34.3 L +34.4) LCB  -37.00c P  0.88% WF  11.4 PSV       2 N       2  --  G8 C3

2026-07-09 17:43:48+0100: = F7
2026-07-09 17:43:49+0100: Controller: play B E9
2026-07-09 17:43:49+0100: = 
2026-07-09 17:43:49+0100: Controller: genmove W
2026-07-09 17:43:49+0100: MoveNum: 11 HASH: 71339003FA7F900D3CFC5AA22828C803
   A B C D E F G H J
 9 . . X . X3. . . .
 8 X X . X1. . . . .
 7 . . X . . O2. . .
 6 . . . @ . . O . .
 5 . . O . . . . . .
 4 . . . . . O . . .
 3 . . . O . . . . .
 2 . . . . . . . . .
 1 . . . . . . . . .

koPOSITIONALscoreAREAtaxNONEsui1komi7.5
Time taken: 0.401295
Root visits: 209
New playouts: 209
NN rows: 204
NN batches: 69
NN avg batch size: 2.95652
PV: D6 G8 F8 G3 H4 F9
Tree:
: T 118.63c W 100.00c S  18.70c (+39.2 L +39.1) N     209  --  D6 G8 F8 G3 H4 F9
---White(^)---
D6  : T 119.36c W 100.00c S  19.41c (+39.5 L +39.4) LCB  118.50c P 56.64% WF 963.3 PSV     958 N     155  --  D6 G8 F8 G3 H4 F9
G8  : T 115.96c W  99.99c S  16.27c (+38.1 L +38.1) LCB  110.19c P 15.33% WF  94.5 PSV      50 N      17  --  G8 C3 C4 B3 C2 B2
B5  : T 116.17c W 100.00c S  16.31c (+37.7 L +38.0) LCB  112.57c P 13.70% WF  87.6 PSV      47 N      15  --  B5 E6 G8
B4  : T 116.99c W 100.00c S  17.04c (+38.1 L +38.2) LCB  109.55c P  3.01% WF  61.1 PSV      13 N      10  --  B4 G8 F8 F9
F8  : T 115.16c W 100.00c S  15.43c (+37.6 L +37.8) LCB   40.61c P  3.35% WF  16.6 PSV       9 N       3  --  F8 C3 C4
B6  : T 116.04c W 100.00c S  16.12c (+38.0 L +37.3) LCB   73.08c P  2.22% WF  24.1 PSV       7 N       4  --  B6 D2
E6  : T 117.81c W 100.00c S  17.74c (+38.7 L +38.2) LCB   74.94c P  0.96% WF  24.2 PSV       5 N       4  --  E6 G3

2026-07-09 17:43:49+0100: = D6
2026-07-09 17:43:50+0100: Controller: play B F9
2026-07-09 17:43:50+0100: = 
2026-07-09 17:43:50+0100: Controller: genmove W
2026-07-09 17:43:51+0100: MoveNum: 13 HASH: 1530C40E75A34CC388026B447343C869
   A B C D E F G H J
 9 . . X . X1X3. . .
 8 X X . X . . @ . .
 7 . . X . . O . . .
 6 . . . O2. . O . .
 5 . . O . . . . . .
 4 . . . . . O . . .
 3 . . . O . . . . .
 2 . . . . . . . . .
 1 . . . . . . . . .

koPOSITIONALscoreAREAtaxNONEsui1komi7.5
Time taken: 0.39784
Root visits: 205
New playouts: 205
NN rows: 200
NN batches: 68
NN avg batch size: 2.94118
PV: G8 A5 A6 B6 B5 A7 B4
Tree:
: T 121.66c W 100.00c S  21.51c (+43.1 L +43.0) N     205  --  G8 A5 A6 B6 B5 A7 B4
---White(^)---
G8  : T 121.92c W 100.00c S  21.79c (+43.2 L +43.0) LCB  120.95c P 53.36% WF 647.9 PSV     647 N      99  --  G8 A5 A6 B6 B5 A7 B4
B6  : T 122.05c W  99.99c S  21.89c (+43.6 L +43.6) LCB  120.76c P 36.34% WF 489.3 PSV     488 N      75  --  B6 D2 C2 G3 H4
B5  : T 120.34c W 100.00c S  19.96c (+42.0 L +41.9) LCB  115.59c P  5.29% WF  89.2 PSV      26 N      14  --  B5 G8 H7 H8 E7
H8  : T 119.61c W 100.00c S  19.55c (+41.8 L +41.4) LCB  105.17c P  0.76% WF  41.8 PSV       3 N       7  --  H8 B5 B4
H7  : T 119.08c W 100.00c S  19.12c (+41.6 L +41.3) LCB   99.05c P  0.65% WF  34.2 PSV       2 N       6  --  H7 A5 A6
A5  : T 118.08c W 100.00c S  18.53c (+41.4 L +41.3) LCB   43.98c P  0.53% WF  18.2 PSV       1 N       3  --  A5 H7

2026-07-09 17:43:51+0100: = G8
2026-07-09 17:43:52+0100: Controller: play B H9
2026-07-09 17:43:52+0100: = 
2026-07-09 17:43:52+0100: Controller: genmove W
2026-07-09 17:43:53+0100: MoveNum: 15 HASH: 17438B33F27DDE5004C569A211DA3AB4
   A B C D E F G H J
 9 . . X . X X1@ X3.
 8 X X . X . . O2. .
 7 . . X . . O . . .
 6 . . . O . . O . .
 5 . . O . . . . . .
 4 . . . . . O . . .
 3 . . . O . . . . .
 2 . . . . . . . . .
 1 . . . . . . . . .

koPOSITIONALscoreAREAtaxNONEsui1komi7.5
Time taken: 0.424912
Root visits: 205
New playouts: 205
NN rows: 201
NN batches: 69
NN avg batch size: 2.91304
PV: G9 A5 A6 B6 B5 A4
Tree:
: T 121.37c W 100.00c S  21.24c (+47.1 L +47.1) N     205  --  G9 A5 A6 B6 B5 A4
---White(^)---
G9  : T 122.02c W 100.00c S  21.86c (+47.5 L +47.5) LCB  121.01c P 66.48% WF 939.6 PSV     935 N     145  --  G9 A5 A6 B6 B5 A4
B6  : T 120.63c W 100.00c S  20.60c (+46.5 L +46.4) LCB  119.48c P 27.04% WF 277.0 PSV     158 N      43  --  B6 G9 H8 D2 C2
B5  : T 117.45c W 100.00c S  17.53c (+44.8 L +44.6) LCB   97.28c P  1.90% WF  37.1 PSV       4 N       6  --  B5 G9 J8
A5  : T 118.11c W 100.00c S  18.06c (+45.2 L +44.8) LCB   98.60c P  0.62% WF  33.5 PSV       1 N       6  --  A5 D2
A6  : T 114.94c W 100.00c S  14.55c (+43.6 L +43.8) LCB   40.38c P  0.53% WF  16.0 PSV       0 N       3  --  A6 B5
B4  : T 111.83c W 100.00c S  11.83c (+42.1 L +42.9) LCB -238.17c P  0.46% WF   5.3 PSV       0 N       1  --  B4

2026-07-09 17:43:53+0100: = G9
2026-07-09 17:43:54+0100: Controller: play B B6
2026-07-09 17:43:54+0100: = 
2026-07-09 17:43:54+0100: Controller: genmove W
2026-07-09 17:43:54+0100: MoveNum: 17 HASH: D158C8E5E6552000B5686537C13DABE0
   A B C D E F G H J
 9 . . X . X X O2X1.
 8 X X . X . . O . .
 7 . . X . . O . . .
 6 . X3. O . . O . .
 5 . @ O . . . . . .
 4 . . . . . O . . .
 3 . . . O . . . . .
 2 . . . . . . . . .
 1 . . . . . . . . .

koPOSITIONALscoreAREAtaxNONEsui1komi7.5
Time taken: 0.405328
Root visits: 206
New playouts: 206
NN rows: 182
NN batches: 62
NN avg batch size: 2.93548
PV: B5 E7 E6 A5 A4 A6 B4 F8 D7 H4
Tree:
: T 121.87c W 100.00c S  21.87c (+48.1 L +48.1) N     206  --  B5 E7 E6 A5 A4 A6 B4
---White(^)---
B5  : T 122.28c W 100.00c S  22.26c (+48.3 L +48.4) LCB  121.64c P 87.48% WF 1064.2 PSV    1061 N     163  --  B5 E7 E6 A5 A4 A6 B4 F8
B4  : T 120.27c W 100.00c S  20.25c (+47.0 L +47.0) LCB  116.73c P  4.57% WF  90.9 PSV      19 N      14  --  B4 B5 A4 C4
A4  : T 120.14c W 100.00c S  20.19c (+47.0 L +47.1) LCB  108.92c P  2.40% WF  51.6 PSV      10 N       8  --  A4 B5 B4 C4
A5  : T 121.06c W 100.00c S  21.13c (+47.7 L +47.7) LCB  117.79c P  1.56% WF  98.4 PSV       9 N      16  --  A5 B5 B4 C4
B3  : T 116.97c W 100.00c S  17.39c (+45.4 L +45.4) LCB  -32.81c P  0.92% WF  12.7 PSV       1 N       2  --  B3 B5
A3  : T 116.89c W 100.00c S  17.56c (+45.6 L +45.7) LCB  -32.56c P  0.53% WF  12.5 PSV       1 N       2  --  A3 B5

2026-07-09 17:43:54+0100: = B5
2026-07-09 17:43:55+0100: Controller: play B A6
2026-07-09 17:43:55+0100: = 
2026-07-09 17:43:55+0100: Controller: genmove W
2026-07-09 17:43:56+0100: MoveNum: 19 HASH: 5B42F7CD6A7B96D75D7EDF5CCDC5BAA0
   A B C D E F G H J
 9 . . X . X X O X .
 8 X X . X . . O . .
 7 . . X . . O . . .
 6 X3X1. O . . O . .
 5 @ O2O . . . . . .
 4 . . . . . O . . .
 3 . . . O . . . . .
 2 . . . . . . . . .
 1 . . . . . . . . .

koPOSITIONALscoreAREAtaxNONEsui1komi7.5
Time taken: 0.386463
Root visits: 204
New playouts: 204
NN rows: 184
NN batches: 63
NN avg batch size: 2.92063
PV: A5 E7 E6 F8 D7 G3 H4 G4
Tree:
: T 122.83c W 100.00c S  22.74c (+49.7 L +49.8) N     204  --  A5 E7 E6 F8 D7 G3 H4
---White(^)---
A5  : T 123.28c W 100.00c S  23.20c (+50.0 L +50.1) LCB  122.47c P 89.23% WF 1068.9 PSV    1065 N     163  --  A5 E7 E6 F8 D7 G3 H4 G4
A4  : T 120.60c W 100.00c S  20.50c (+48.2 L +48.2) LCB  111.24c P  2.39% WF  57.4 PSV       7 N       9  --  A4 A5 B3 E7 E6
B3  : T 121.68c W 100.00c S  21.38c (+48.8 L +48.7) LCB  117.66c P  1.24% WF  97.8 PSV       5 N      16  --  B3 E7 E6 A5 A4
B4  : T 120.81c W 100.00c S  20.74c (+48.3 L +48.2) LCB  112.97c P  1.75% WF  62.4 PSV       5 N      10  --  B4 E7 E6 A5
A3  : T 119.01c W 100.00c S  19.57c (+47.6 L +47.7) LCB  -30.41c P  1.00% WF  13.1 PSV       2 N       2  --  A3 A5
C4  : T 119.71c W 100.00c S  19.89c (+47.8 L +47.6) LCB   45.11c P  0.75% WF  19.8 PSV       1 N       3  --  C4 A5

2026-07-09 17:43:56+0100: = A5
2026-07-09 17:43:57+0100: Controller: play B J8
2026-07-09 17:43:57+0100: = 
2026-07-09 17:43:57+0100: Controller: genmove W
2026-07-09 17:43:57+0100: MoveNum: 21 HASH: 0B0B9D46B8BFEBA2E02B68CA2E51A79B
   A B C D E F G H J
 9 . . X . X X O X .
 8 X X . X . . O . X3
 7 . . X . @ O . . .
 6 X1X . O . . O . .
 5 O2O O . . . . . .
 4 . . . . . O . . .
 3 . . . O . . . . .
 2 . . . . . . . . .
 1 . . . . . . . . .

koPOSITIONALscoreAREAtaxNONEsui1komi7.5
Time taken: 0.364315
Root visits: 206
New playouts: 206
NN rows: 183
NN batches: 63
NN avg batch size: 2.90476
PV: E7 E8 F8 C6 D7 pass H8
Tree:
: T 123.45c W 100.00c S  23.39c (+53.1 L +53.4) N     206  --  E7 E8 F8 C6 D7 pass H8
---White(^)---
E7  : T 123.93c W 100.00c S  23.96c (+53.2 L +53.3) LCB  123.22c P 49.99% WF 576.4 PSV     574 N      83  --  E7 E8 F8 C6 D7 pass H8
E8  : T 123.87c W  99.99c S  23.60c (+53.7 L +54.3) LCB  122.35c P 20.73% WF 320.4 PSV     226 N      49  --  E8 E7 F8 G3 H4 G4
F8  : T 122.90c W  99.99c S  22.76c (+52.7 L +53.0) LCB  121.42c P 22.21% WF 316.7 PSV     138 N      48  --  F8 E7 E8 G3 H4 G4
D7  : T 122.17c W 100.00c S  22.50c (+52.4 L +52.7) LCB  117.77c P  2.63% WF  93.2 PSV      12 N      15  --  D7 E7 E6 F8 E8
E6  : T 122.45c W 100.00c S  22.61c (+52.3 L +52.6) LCB  102.34c P  0.83% WF  38.4 PSV       3 N       6  --  E6 F8 E7
C6  : T 119.71c W 100.00c S  20.01c (+50.8 L +51.1) LCB   45.55c P  0.62% WF  18.2 PSV       1 N       3  --  C6 E7

2026-07-09 17:43:57+0100: = E7
2026-07-09 17:43:58+0100: Controller: play B H7
2026-07-09 17:43:58+0100: = 
2026-07-09 17:43:58+0100: Controller: genmove W
2026-07-09 17:43:59+0100: MoveNum: 23 HASH: F8FC1B8D335EC71065B84B96F894A78A
   A B C D E F G H J
 9 . . X . X X O X .
 8 X X . X . @ O . X1
 7 . . X . O2O . X3.
 6 X X . O . . O . .
 5 O O O . . . . . .
 4 . . . . . O . . .
 3 . . . O . . . . .
 2 . . . . . . . . .
 1 . . . . . . . . .

koPOSITIONALscoreAREAtaxNONEsui1komi7.5
Time taken: 0.375483
Root visits: 206
New playouts: 198
NN rows: 190
NN batches: 64
NN avg batch size: 2.96875
PV: F8 E8 D7 H6 H4 H8
Tree:
: T 121.59c W  99.98c S  21.52c (+53.2 L +53.6) N     206  --  F8 E8 D7 H6 H4 H8
---White(^)---
F8  : T 122.32c W 100.00c S  22.24c (+53.4 L +53.7) LCB  121.58c P 29.32% WF 539.6 PSV    1141 N      84  --  F8 E8 D7 H6 H4 H8
E8  : T 121.67c W  99.95c S  21.47c (+53.4 L +54.2) LCB  119.78c P 43.46% WF 427.2 PSV     424 N      75  --  E8 H6 H5 D7 F8 D9
H6  : T 119.55c W 100.00c S  19.50c (+51.8 L +51.7) LCB  110.16c P  9.02% WF  58.2 PSV      34 N       9  --  H6 F8 G7 E8
G7  : T 121.02c W 100.00c S  21.18c (+52.7 L +52.9) LCB  119.01c P  3.09% WF 133.5 PSV      20 N      21  --  G7 E8 F8 D7
H5  : T 118.69c W 100.00c S  18.89c (+51.4 L +51.1) LCB   43.91c P  2.26% WF  19.4 PSV       6 N       3  --  H5 F8
C6  : T 120.49c W  99.98c S  20.32c (+52.4 L +52.9) LCB   46.29c P  1.13% WF  16.2 PSV       6 N       3  --  C6 H5
D7  : T 119.88c W  99.97c S  20.69c (+52.8 L +53.3) LCB   91.46c P  1.25% WF  26.8 PSV       5 N       5  --  D7 H6 H4
H8  : T 116.32c W 100.00c S  17.88c (+51.0 L +51.1) LCB  -33.16c P  2.41% WF  12.0 PSV       4 N       2  --  H8 F8
H4  : T 117.19c W 100.00c S  18.13c (+51.1 L +51.1) LCB  -32.69c P  1.26% WF  12.3 PSV       2 N       2  --  H4 F8
H3  : T 119.21c W 100.00c S  19.21c (+51.5 L +51.6) LCB -231.25c P  0.74% WF   6.2 PSV       2 N       1  --  H3

2026-07-09 17:43:59+0100: = F8
2026-07-09 17:43:59+0100: Controller: play B J6
2026-07-09 17:43:59+0100: = 
2026-07-09 17:43:59+0100: Controller: genmove W
2026-07-09 17:44:00+0100: MoveNum: 25 HASH: 04AB474D08D756DCC0E479E3ADE68BE6
   A B C D E F G H J
 9 . . X . X X O X .
 8 X X . X . O2O . X
 7 . . X . O O . X1.
 6 X X . O . . O @ X3
 5 O O O . . . . . .
 4 . . . . . O . . .
 3 . . . O . . . . .
 2 . . . . . . . . .
 1 . . . . . . . . .

koPOSITIONALscoreAREAtaxNONEsui1komi7.5
Time taken: 0.42613
Root visits: 207
New playouts: 207
NN rows: 201
NN batches: 68
NN avg batch size: 2.95588
PV: H6 E8 C6 D7 H8 B7
Tree:
: T 114.60c W  99.99c S  14.16c (+53.3 L +53.4) N     207  --  H6 E8 C6 D7 H8 B7
---White(^)---
H6  : T 115.53c W 100.00c S  15.57c (+53.6 L +53.6) LCB  114.32c P 16.04% WF 325.0 PSV     323 N      53  --  H6 E8 C6 D7 H8 B7
H8  : T 115.65c W 100.00c S  15.32c (+53.5 L +53.6) LCB  114.28c P 14.00% WF 264.2 PSV     263 N      44  --  H8 E8 C6 D7 H6 B7
H5  : T 115.14c W 100.00c S  15.11c (+53.5 L +53.5) LCB  112.32c P  6.48% WF 214.3 PSV      67 N      35  --  H5 E8 C6 D7 H6 pass
H4  : T 114.38c W 100.00c S  14.45c (+53.2 L +53.1) LCB  109.50c P  9.48% WF 111.2 PSV      53 N      18  --  H4 E8 C6 D7 H6
E8  : T 108.61c W  99.83c S   8.01c (+50.8 L +52.4) LCB   95.92c P 21.70% WF  59.4 PSV      39 N      16  --  E8 G3 H4 H3 F2
H3  : T 113.94c W 100.00c S  13.99c (+53.0 L +53.0) LCB  106.97c P  4.87% WF  67.1 PSV      28 N      11  --  H3 E8 D7 C6
G3  : T 111.62c W 100.00c S  12.73c (+52.5 L +52.4) LCB   35.90c P  4.31% WF  17.5 PSV      11 N       3  --  G3 E8 D7
G4  : T 113.90c W 100.00c S  14.11c (+53.0 L +53.3) LCB   84.93c P  2.22% WF  28.5 PSV      10 N       5  --  G4 H3 G2
G2  : T 112.32c W 100.00c S  12.56c (+52.4 L +52.4) LCB   36.28c P  2.53% WF  17.5 PSV       7 N       3  --  G2 E8 D7
J4  : T 114.82c W 100.00c S  14.90c (+53.4 L +53.8) LCB   94.33c P  0.92% WF  34.3 PSV       6 N       6  --  J4 G3 G4

2026-07-09 17:44:00+0100: = H6
2026-07-09 17:44:00+0100: Controller: play B E8
2026-07-09 17:44:00+0100: = 
2026-07-09 17:44:00+0100: Controller: genmove W
2026-07-09 17:44:01+0100: MoveNum: 27 HASH: B88CD194D6C3DDEFC733742ED0A8AEEB
   A B C D E F G H J
 9 . . X . X X O X .
 8 X X . X X3O O . X
 7 . . X @ O O . X .
 6 X X . O . . O O2X1
 5 O O O . . . . . .
 4 . . . . . O . . .
 3 . . . O . . . . .
 2 . . . . . . . . .
 1 . . . . . . . . .

koPOSITIONALscoreAREAtaxNONEsui1komi7.5
Time taken: 0.26328
Root visits: 207
New playouts: 177
NN rows: 130
NN batches: 44
NN avg batch size: 2.95455
PV: D7 C6 J5 pass J7
Tree:
: T 122.37c W 100.00c S  22.32c (+53.0 L +52.8) N     207  --  D7 C6 J5 pass J7
---White(^)---
D7  : T 122.82c W 100.00c S  22.76c (+53.3 L +53.2) LCB  121.98c P 22.44% WF 325.5 PSV     644 N      49  --  D7 C6 J5 pass J7
C6  : T 122.55c W 100.00c S  22.53c (+53.2 L +53.1) LCB  121.66c P 28.15% WF 401.9 PSV     401 N      61  --  C6 D7 J5 B7 J7
J5  : T 122.22c W 100.00c S  22.19c (+52.9 L +52.4) LCB  120.59c P  7.30% WF 204.9 PSV      77 N      30  --  J5 D7 C6 B7 J7
G7  : T 122.64c W 100.00c S  22.42c (+53.1 L +53.0) LCB  120.33c P  3.31% WF 139.1 PSV      52 N      21  --  G7 D7 C6 B7 J5
H8  : T 122.03c W 100.00c S  21.94c (+52.8 L +52.5) LCB  119.22c P  5.48% WF 134.1 PSV      50 N      20  --  H8 D7 C6 B7 J5
D5  : T 120.60c W 100.00c S  20.75c (+52.0 L +51.7) LCB   46.61c P  3.41% WF  20.4 PSV      16 N       3  --  D5 D7
E6  : T 120.63c W 100.00c S  20.89c (+52.1 L +51.8) LCB   46.67c P  2.86% WF  20.5 PSV      13 N       3  --  E6 C6
F6  : T 121.04c W 100.00c S  21.13c (+52.2 L +52.1) LCB   47.03c P  2.37% WF  20.7 PSV      13 N       3  --  F6 D7
H5  : T 121.78c W 100.00c S  22.00c (+52.7 L +52.6) LCB  -27.90c P  1.55% WF  13.7 PSV       9 N       2  --  H5 C6
H3  : T 121.56c W 100.00c S  21.62c (+52.5 L +52.5) LCB  -28.10c P  1.16% WF  13.7 PSV       6 N       2  --  H3 C6

2026-07-09 17:44:01+0100: = D7
2026-07-09 17:44:01+0100: Controller: play B H8
2026-07-09 17:44:01+0100: = 
2026-07-09 17:44:01+0100: Controller: genmove W
2026-07-09 17:44:02+0100: MoveNum: 29 HASH: 9664218A9B636585DE3F7178100624D5
   A B C D E F G H J
 9 . . X . X X O X .
 8 X X . X X1O O X3X
 7 . . X O2O O . X .
 6 X X @ O . . O O X
 5 O O O . . . . . .
 4 . . . . . O . . .
 3 . . . O . . . . .
 2 . . . . . . . . .
 1 . . . . . . . . .

koPOSITIONALscoreAREAtaxNONEsui1komi7.5
Time taken: 0.419303
Root visits: 207
New playouts: 207
NN rows: 202
NN batches: 69
NN avg batch size: 2.92754
PV: C6 H3 H5 F2 E2 H4 H1
Tree:
: T 119.65c W  99.91c S  19.49c (+54.0 L +53.9) N     207  --  C6 H3 H5 F2 E2 H4 H1
---White(^)---
C6  : T 120.85c W  99.85c S  20.67c (+54.7 L +54.8) LCB  119.08c P 45.23% WF 707.0 PSV     700 N     122  --  C6 H3 H5 F2 E2 H4 H1
H3  : T 119.23c W 100.00c S  19.03c (+53.5 L +52.9) LCB  116.87c P  5.58% WF 176.7 PSV      25 N      28  --  H3 C6 J5 pass J7 pass
J5  : T 118.58c W 100.00c S  18.45c (+53.2 L +52.9) LCB  116.30c P  5.52% WF 122.4 PSV      24 N      20  --  J5 C6 H5 pass
D5  : T 117.36c W  99.91c S  17.56c (+52.9 L +53.5) LCB  102.13c P  2.84% WF  34.9 PSV       9 N       7  --  D5 H3 G2 H2
H4  : T 117.60c W 100.00c S  17.40c (+52.6 L +52.2) LCB   42.22c P  3.46% WF  18.2 PSV       9 N       3  --  H4 C6 J5
H5  : T 116.80c W 100.00c S  16.96c (+52.4 L +52.0) LCB   88.01c P  3.35% WF  29.3 PSV       8 N       5  --  H5 C6 J5 pass
G2  : T 117.16c W 100.00c S  17.12c (+52.5 L +52.2) LCB   41.93c P  3.18% WF  17.6 PSV       8 N       3  --  G2 C6 J5
H2  : T 117.10c W 100.00c S  17.07c (+52.5 L +52.2) LCB   41.69c P  2.97% WF  17.7 PSV       7 N       3  --  H2 C6 J5
G3  : T 114.79c W 100.00c S  14.79c (+51.5 L +51.5) LCB -236.12c P  2.40% WF   5.5 PSV       4 N       1  --  G3
F2  : T 114.14c W 100.00c S  14.14c (+51.2 L +51.5) LCB -236.61c P  1.99% WF   5.4 PSV       3 N       1  --  F2

2026-07-09 17:44:02+0100: = C6
2026-07-09 17:44:02+0100: Controller: play B G7
2026-07-09 17:44:02+0100: = 
2026-07-09 17:44:02+0100: Controller: genmove W
2026-07-09 17:44:03+0100: MoveNum: 31 HASH: E3B2F6DA7F0626157C2145826A0CC1FE
   A B C D E F G H J
 9 . . X . X X O X .
 8 X X . X X O O X1X
 7 . . X O O O X3X .
 6 X X O2O . . O O X
 5 O O O . . . . . @
 4 . . . . . O . . .
 3 . . . O . . . . .
 2 . . . . . . . . .
 1 . . . . . . . . .

koPOSITIONALscoreAREAtaxNONEsui1komi7.5
Time taken: 0.429614
Root visits: 211
New playouts: 211
NN rows: 205
NN batches: 70
NN avg batch size: 2.92857
PV: H3 B7 J5 pass J7
Tree:
: T 120.10c W  99.99c S  20.04c (+55.3 L +55.0) N     211  --  H3 B7 J5 pass J7
---White(^)---
H3  : T 120.79c W 100.00c S  20.69c (+55.6 L +55.0) LCB  118.56c P  8.57% WF 177.2 PSV     282 N      27  --  H3 B7 J5 pass J7
J5  : T 119.77c W 100.00c S  19.73c (+55.2 L +55.2) LCB  118.46c P 21.30% WF 249.0 PSV     250 N      42  --  J5 H5 J7 H3 H4
H4  : T 120.59c W 100.00c S  20.61c (+55.5 L +54.9) LCB  118.55c P  9.56% WF 210.3 PSV     124 N      32  --  H4 pass J5 pass J7
H5  : T 120.86c W 100.00c S  20.77c (+55.6 L +55.2) LCB  117.89c P  7.10% WF 132.6 PSV     122 N      20  --  H5 pass J5 pass
H2  : T 121.03c W 100.00c S  20.86c (+55.7 L +55.2) LCB  116.74c P  3.16% WF  98.4 PSV      86 N      15  --  H2 pass J5 pass
F6  : T 118.82c W  99.94c S  18.85c (+54.9 L +55.2) LCB  115.54c P 12.47% WF 115.1 PSV      80 N      21  --  F6 H3 G2 H2 H5
G3  : T 120.57c W 100.00c S  20.58c (+55.5 L +55.0) LCB  117.58c P  4.98% WF 129.0 PSV      77 N      20  --  G3 pass J5 B7
G2  : T 119.80c W 100.00c S  19.93c (+55.2 L +54.8) LCB  107.67c P  3.36% WF  49.9 PSV      28 N       8  --  G2 H4 H3
G4  : T 119.00c W 100.00c S  18.90c (+54.7 L +54.7) LCB   89.81c P  4.58% WF  29.8 PSV      23 N       5  --  G4 H3 G2
J4  : T 120.10c W 100.00c S  19.97c (+55.2 L +55.2) LCB   99.29c P  2.37% WF  34.2 PSV      22 N       6  --  J4 pass J5

2026-07-09 17:44:03+0100: = J5
2026-07-09 17:44:03+0100: Controller: play B E6
2026-07-09 17:44:03+0100: = 
2026-07-09 17:44:03+0100: Controller: genmove W
2026-07-09 17:44:04+0100: MoveNum: 33 HASH: 8695066BE0E7296A3BEC6D7BEEE292C4
   A B C D E F G H J
 9 . . X . X X O X .
 8 X X . X X O O X X
 7 . . X O O O X1X .
 6 X X O O X3. O O X
 5 O O O . . . . @ O2
 4 . . . . . O . . .
 3 . . . O . . . . .
 2 . . . . . . . . .
 1 . . . . . . . . .

koPOSITIONALscoreAREAtaxNONEsui1komi7.5
Time taken: 0.427922
Root visits: 211
New playouts: 211
NN rows: 204
NN batches: 70
NN avg batch size: 2.91429
PV: H5 B7 E5 pass J7
Tree:
: T 121.55c W 100.00c S  21.44c (+55.8 L +55.4) N     211  --  H5 B7 E5 pass J7
---White(^)---
H5  : T 122.04c W 100.00c S  21.75c (+56.0 L +55.4) LCB  121.05c P 13.65% WF 278.7 PSV     361 N      42  --  H5 B7 E5 pass J7
J7  : T 121.92c W 100.00c S  21.82c (+56.0 L +55.5) LCB  120.79c P 21.56% WF 263.1 PSV     263 N      39  --  J7 pass J9 B7
E5  : T 121.61c W 100.00c S  21.53c (+55.9 L +55.6) LCB  120.27c P  9.53% WF 195.8 PSV     118 N      30  --  E5 pass J7 B7
F6  : T 121.24c W 100.00c S  21.37c (+55.7 L +55.3) LCB  119.26c P  6.96% WF 138.2 PSV      64 N      21  --  F6 pass J7 B7
G5  : T 121.91c W 100.00c S  21.80c (+56.0 L +55.5) LCB  112.58c P  2.04% WF  59.9 PSV      23 N       9  --  G5 pass E5
G4  : T 122.36c W 100.00c S  22.13c (+56.2 L +55.7) LCB  110.72c P  1.54% WF  53.7 PSV      23 N       8  --  G4 pass J7
F5  : T 121.53c W 100.00c S  21.28c (+55.7 L +55.5) LCB  109.83c P  2.60% WF  50.9 PSV      21 N       8  --  F5 pass J7
H3  : T 122.69c W 100.00c S  22.25c (+56.3 L +55.8) LCB   48.24c P  1.45% WF  20.1 PSV      21 N       3  --  H3 pass
J4  : T 121.78c W 100.00c S  21.87c (+56.0 L +55.6) LCB  112.60c P  1.68% WF  59.9 PSV      19 N       9  --  J4 pass J7
H4  : T 122.05c W 100.00c S  21.98c (+56.1 L +55.6) LCB  110.49c P  1.51% WF  54.1 PSV      17 N       8  --  H4 B7 J7

2026-07-09 17:44:04+0100: = H5
2026-07-09 17:44:04+0100: Controller: play B F6
2026-07-09 17:44:04+0100: = 
2026-07-09 17:44:04+0100: Controller: genmove W
2026-07-09 17:44:05+0100: MoveNum: 35 HASH: 364CE92A73BAD732DE8C124C3C2CAC7B
   A B C D E F G H J
 9 . . X . X X O X .
 8 X X . X X O O X X
 7 . . X O O O X X .
 6 X X O O X1X3O O X
 5 O O O . . @ . O2O
 4 . . . . . O . . .
 3 . . . O . . . . .
 2 . . . . . . . . .
 1 . . . . . . . . .

koPOSITIONALscoreAREAtaxNONEsui1komi7.5
Time taken: 0.408558
Root visits: 211
New playouts: 211
NN rows: 198
NN batches: 68
NN avg batch size: 2.91176
PV: F5 pass J7 pass J9
Tree:
: T 120.90c W 100.00c S  20.80c (+55.8 L +55.4) N     211  --  F5 pass J7 pass J9
---White(^)---
F5  : T 121.19c W 100.00c S  21.08c (+56.0 L +55.4) LCB  120.14c P  8.15% WF 260.2 PSV     306 N      39  --  F5 pass J7 pass J9
J7  : T 121.04c W 100.00c S  20.98c (+55.9 L +55.5) LCB  120.11c P 24.49% WF 293.5 PSV     293 N      44  --  J7 pass J9 pass E5
E5  : T 121.13c W 100.00c S  21.05c (+56.0 L +55.5) LCB  120.07c P 13.67% WF 272.2 PSV     178 N      41  --  E5 pass J7 B7
G5  : T 121.18c W 100.00c S  21.16c (+56.1 L +55.7) LCB  117.50c P  5.74% WF 110.7 PSV      48 N      17  --  G5 pass J7 B7
E2  : T 122.35c W 100.00c S  22.06c (+56.6 L +56.1) LCB  110.64c P  1.34% WF  53.4 PSV      42 N       8  --  E2 pass J7
G4  : T 121.60c W 100.00c S  21.39c (+56.2 L +55.7) LCB  116.38c P  1.99% WF  86.4 PSV      21 N      13  --  G4 pass J7 pass
E4  : T 121.37c W 100.00c S  21.18c (+56.1 L +55.7) LCB  115.42c P  1.87% WF  78.8 PSV      17 N      12  --  E4 pass J7 pass
D5  : T 121.69c W 100.00c S  20.67c (+55.9 L +55.6) LCB  -29.40c P  2.26% WF  13.0 PSV      13 N       2  --  D5 pass
B7  : T 116.57c W 100.00c S  16.57c (+53.7 L +53.3) LCB -234.16c P  2.57% WF   5.8 PSV       5 N       1  --  B7
D4  : T 118.53c W 100.00c S  18.53c (+54.6 L +54.3) LCB -232.30c P  1.73% WF   6.0 PSV       5 N       1  --  D4

2026-07-09 17:44:05+0100: = F5
2026-07-09 17:44:05+0100: Controller: play B D5
2026-07-09 17:44:05+0100: = 
2026-07-09 17:44:05+0100: Controller: genmove W
2026-07-09 17:44:06+0100: MoveNum: 37 HASH: 13DD2AA5040A9131DB3635BE8FCF20AC
   A B C D E F G H J
 9 . . X . X X O X .
 8 X X . X X O O X X
 7 . . X O O O X X .
 6 X X O O X X1O O X
 5 O O O X3. O2. O O
 4 . . . @ . O . . .
 3 . . . O . . . . .
 2 . . . . . . . . .
 1 . . . . . . . . .

koPOSITIONALscoreAREAtaxNONEsui1komi7.5
Time taken: 0.399838
Root visits: 206
New playouts: 206
NN rows: 188
NN batches: 65
NN avg batch size: 2.89231
PV: D4 pass J7 A7
Tree:
: T 120.83c W 100.00c S  20.78c (+55.9 L +55.5) N     206  --  D4 pass J7 A7
---White(^)---
D4  : T 121.16c W 100.00c S  21.12c (+56.1 L +55.6) LCB  120.19c P 10.70% WF 281.5 PSV     394 N      43  --  D4 pass J7 A7
E5  : T 120.88c W 100.00c S  20.84c (+55.9 L +55.3) LCB  120.07c P 15.40% WF 274.6 PSV     264 N      41  --  E5 pass J7 A7
J7  : T 120.86c W 100.00c S  20.87c (+55.9 L +55.5) LCB  119.66c P 23.46% WF 223.3 PSV     224 N      34  --  J7 pass J9 C8
G5  : T 120.80c W 100.00c S  20.76c (+55.9 L +55.6) LCB  118.43c P  6.05% WF 133.6 PSV      94 N      21  --  G5 pass J7 pass
E4  : T 121.53c W 100.00c S  21.38c (+56.2 L +55.9) LCB  115.58c P  2.65% WF  78.8 PSV      41 N      12  --  E4 pass J7 pass
G4  : T 122.22c W 100.00c S  21.88c (+56.6 L +56.2) LCB  101.99c P  1.61% WF  39.6 PSV      40 N       6  --  G4 pass J7
C4  : T 121.51c W 100.00c S  21.34c (+56.2 L +55.8) LCB  113.51c P  2.03% WF  65.5 PSV      31 N      10  --  C4 B7 J7
E2  : T 122.59c W 100.00c S  22.26c (+56.8 L +56.3) LCB   79.06c P  1.26% WF  26.6 PSV      27 N       4  --  E2 pass
B7  : T 119.17c W 100.00c S  19.72c (+55.4 L +55.1) LCB   44.22c P  3.19% WF  18.1 PSV      14 N       3  --  B7 A7 J7
E3  : T 119.55c W 100.00c S  19.55c (+55.1 L +54.8) LCB -231.34c P  1.36% WF   6.2 PSV       6 N       1  --  E3

2026-07-09 17:44:06+0100: = D4
2026-07-09 17:44:06+0100: Controller: play B G5
2026-07-09 17:44:06+0100: = 
2026-07-09 17:44:06+0100: Controller: genmove W
2026-07-09 17:44:07+0100: MoveNum: 39 HASH: 44B94A67373D7DA7477CBB2BC065C272
   A B C D E F G H J
 9 . . X . X X O X .
 8 X X . X X O O X X
 7 . . X O O O X X .
 6 X X O O X X O O X
 5 O O O X1. O X3O O
 4 . . . O2. O @ . .
 3 . . . O . . . . .
 2 . . . . . . . . .
 1 . . . . . . . . .

koPOSITIONALscoreAREAtaxNONEsui1komi7.5
Time taken: 0.38587
Root visits: 206
New playouts: 206
NN rows: 188
NN batches: 65
NN avg batch size: 2.89231
PV: G4 pass E5 pass J7
Tree:
: T 120.92c W 100.00c S  20.89c (+56.0 L +55.7) N     206  --  G4 pass E5 pass J7
---White(^)---
G4  : T 121.21c W 100.00c S  21.16c (+56.2 L +55.8) LCB  120.27c P 13.00% WF 269.4 PSV     486 N      41  --  G4 pass E5 pass J7
E5  : T 121.03c W 100.00c S  20.96c (+56.0 L +55.6) LCB  120.27c P 16.34% WF 268.2 PSV     265 N      40  --  E5 pass J7 A7
J7  : T 120.82c W 100.00c S  20.93c (+56.0 L +55.8) LCB  119.72c P 20.98% WF 261.1 PSV     262 N      40  --  J7 B7 J9 pass E5
C4  : T 121.00c W 100.00c S  20.98c (+56.1 L +55.9) LCB  118.43c P  5.48% WF 120.8 PSV      86 N      19  --  C4 pass J7 pass
E4  : T 120.96c W 100.00c S  20.91c (+56.1 L +55.9) LCB  118.27c P  5.68% WF 126.9 PSV      84 N      20  --  E4 B7 G4
H4  : T 121.88c W 100.00c S  21.73c (+56.5 L +56.2) LCB  115.95c P  1.69% WF  78.8 PSV      33 N      12  --  H4 pass J7
E2  : T 122.82c W 100.00c S  22.50c (+57.0 L +56.6) LCB   79.37c P  1.22% WF  26.5 PSV      27 N       4  --  E2 C8
F2  : T 122.48c W 100.00c S  21.81c (+56.6 L +56.2) LCB  -27.33c P  1.18% WF  13.3 PSV      14 N       2  --  F2 pass
E3  : T 119.44c W 100.00c S  19.44c (+55.2 L +55.1) LCB -231.40c P  1.67% WF   6.3 PSV       6 N       1  --  E3
F3  : T 120.00c W 100.00c S  20.00c (+55.4 L +55.4) LCB -230.81c P  1.35% WF   6.4 PSV       6 N       1  --  F3

2026-07-09 17:44:07+0100: = G4
2026-07-09 17:44:07+0100: Controller: play B A4
2026-07-09 17:44:07+0100: = 
2026-07-09 17:44:07+0100: Controller: genmove W
2026-07-09 17:44:07+0100: MoveNum: 41 HASH: A888A27240F42B094E4CBE03BE6F9CC8
   A B C D E F G H J
 9 . . X . X X O X .
 8 X X . X X O O X X
 7 . . X O O O X X .
 6 X X O O X X O O X
 5 O O O X . O .1O O
 4 X3. . O . O O2. .
 3 @ . . O . . . . .
 2 . . . . . . . . .
 1 . . . . . . . . .

koPOSITIONALscoreAREAtaxNONEsui1komi7.5
Time taken: 0.404456
Root visits: 206
New playouts: 206
NN rows: 194
NN batches: 67
NN avg batch size: 2.89552
PV: A3 pass J7 B7
Tree:
: T 120.48c W 100.00c S  20.44c (+56.1 L +55.8) N     206  --  A3 pass J7 B7
---White(^)---
A3  : T 121.13c W 100.00c S  20.92c (+56.4 L +56.0) LCB  119.89c P 12.92% WF 238.7 PSV     335 N      37  --  A3 pass J7 B7
B4  : T 121.02c W 100.00c S  20.88c (+56.4 L +56.1) LCB  119.72c P  9.04% WF 232.4 PSV     146 N      36  --  B4 B7 A3 pass E5
J7  : T 120.08c W 100.00c S  20.24c (+56.0 L +55.9) LCB  118.42c P 17.32% WF 190.2 PSV     131 N      30  --  J7 C2 J9 B3
C4  : T 120.59c W 100.00c S  20.56c (+56.2 L +55.9) LCB  118.73c P  7.91% WF 153.8 PSV      84 N      24  --  C4 A7 J7 pass
E5  : T 120.02c W 100.00c S  20.18c (+55.9 L +55.5) LCB  116.75c P  9.57% WF  97.2 PSV      70 N      15  --  E5 B7 A3 pass
E4  : T 120.38c W 100.00c S  20.48c (+56.2 L +55.9) LCB  113.75c P  4.59% WF  70.0 PSV      41 N      11  --  E4 pass E5
G5  : T 122.52c W 100.00c S  22.19c (+57.2 L +56.7) LCB  103.04c P  1.85% WF  39.6 PSV      40 N       6  --  G5 C8
H4  : T 120.41c W 100.00c S  20.35c (+56.1 L +55.8) LCB  113.93c P  3.99% WF  69.6 PSV      37 N      11  --  H4 B7 E5
B3  : T 121.02c W 100.00c S  21.08c (+56.5 L +56.1) LCB  115.31c P  1.99% WF  78.5 PSV      23 N      12  --  B3 B7 A3
C3  : T 119.12c W 100.00c S  19.12c (+55.3 L +55.2) LCB -231.61c P  1.60% WF   6.1 PSV       6 N       1  --  C3

2026-07-09 17:44:07+0100: = A3
2026-07-09 17:44:08+0100: Controller: play B E5
2026-07-09 17:44:08+0100: = 
2026-07-09 17:44:08+0100: Controller: genmove W
2026-07-09 17:44:08+0100: MoveNum: 43 HASH: 3682361B139A4E7A07646B26B5284032
   A B C D E F G H J
 9 . . X . X X O X .
 8 X X . X X O O X X
 7 . . X O O O X X .
 6 X X O O X X O O X
 5 O O O X X3O . O O
 4 X1@ . O . O O . .
 3 O2. . O . . . . .
 2 . . . . . . . . .
 1 . . . . . . . . .

koPOSITIONALscoreAREAtaxNONEsui1komi7.5
Time taken: 0.386991
Root visits: 206
New playouts: 206
NN rows: 196
NN batches: 67
NN avg batch size: 2.92537
PV: B4 pass J7 C8
Tree:
: T 120.46c W 100.00c S  20.53c (+56.3 L +56.1) N     206  --  B4 pass J7 C8
---White(^)---
B4  : T 120.64c W 100.00c S  20.75c (+56.4 L +56.1) LCB  119.66c P 15.16% WF 251.6 PSV     359 N      38  --  B4 pass J7 C8
J7  : T 120.39c W 100.00c S  20.56c (+56.3 L +56.2) LCB  119.22c P 20.57% WF 218.7 PSV     219 N      34  --  J7 B7 J9 pass B4
E4  : T 120.06c W 100.00c S  20.15c (+56.1 L +55.7) LCB  118.69c P 13.36% WF 157.8 PSV     128 N      24  --  E4 pass J7 pass
C4  : T 120.40c W 100.00c S  20.56c (+56.3 L +56.1) LCB  117.81c P  4.98% WF 114.9 PSV      63 N      18  --  C4 pass J7 pass
H4  : T 120.25c W 100.00c S  20.39c (+56.3 L +56.0) LCB  116.40c P  4.84% WF  93.0 PSV      53 N      15  --  H4 B7 B4
E3  : T 121.84c W 100.00c S  21.59c (+57.0 L +56.5) LCB  106.60c P  1.91% WF  45.6 PSV      46 N       7  --  E3 pass J7
C3  : T 122.06c W 100.00c S  21.88c (+57.1 L +56.6) LCB  106.97c P  1.44% WF  45.8 PSV      46 N       7  --  C3 pass E4
G5  : T 120.49c W 100.00c S  20.61c (+56.5 L +56.2) LCB  112.62c P  2.70% WF  62.8 PSV      37 N      10  --  G5 B7 E4
B3  : T 121.27c W 100.00c S  21.22c (+56.7 L +56.4) LCB  111.83c P  1.77% WF  58.5 PSV      34 N       9  --  B3 pass J7
B2  : T 121.36c W 100.00c S  21.38c (+56.8 L +56.4) LCB  113.50c P  1.31% WF  65.2 PSV      30 N      10  --  B2 pass E4

2026-07-09 17:44:08+0100: = B4
2026-07-09 17:44:09+0100: Controller: play B C4
2026-07-09 17:44:09+0100: = 
2026-07-09 17:44:09+0100: Controller: genmove W
2026-07-09 17:44:09+0100: MoveNum: 45 HASH: 8466E5C68D10660FAE9404723F43C655
   A B C D E F G H J
 9 . . X . X X O X .
 8 X X . X X O O X X
 7 . . X O O O X X @
 6 X X O O X X O O X
 5 O O O X X1O . O O
 4 . O2X3O . O O . .
 3 O . . O . . . . .
 2 . . . . . . . . .
 1 . . . . . . . . .

koPOSITIONALscoreAREAtaxNONEsui1komi7.5
Time taken: 0.406601
Root visits: 204
New playouts: 204
NN rows: 194
NN batches: 68
NN avg batch size: 2.85294
PV: J7 B7 J9 pass E4 pass
Tree:
: T 120.43c W 100.00c S  20.46c (+56.5 L +56.3) N     204  --  J7 B7 J9 pass E4 pass
---White(^)---
J7  : T 120.31c W 100.00c S  20.38c (+56.4 L +56.3) LCB  119.30c P 22.10% WF 248.4 PSV     249 N      38  --  J7 B7 J9 pass E4 pass
E4  : T 120.12c W 100.00c S  20.16c (+56.3 L +56.0) LCB  118.83c P 12.93% WF 159.4 PSV     126 N      24  --  E4 pass J7 B7
C3  : T 120.47c W 100.00c S  20.66c (+56.6 L +56.3) LCB  119.01c P  9.06% WF 171.6 PSV     118 N      26  --  C3 pass J7 B7
B3  : T 120.55c W 100.00c S  20.66c (+56.6 L +56.5) LCB  118.20c P  5.26% WF 128.5 PSV      74 N      20  --  B3 B7 J7 pass
A4  : T 120.63c W 100.00c S  20.62c (+56.7 L +56.4) LCB  116.72c P  4.46% WF 101.0 PSV      68 N      16  --  A4 B7 J7 pass
G5  : T 120.41c W 100.00c S  20.47c (+56.6 L +56.4) LCB  115.43c P  4.37% WF  81.3 PSV      54 N      13  --  G5 pass E4 pass
H4  : T 120.26c W 100.00c S  20.50c (+56.6 L +56.4) LCB  115.99c P  4.95% WF  87.8 PSV      53 N      14  --  H4 B7 C3
C2  : T 122.13c W 100.00c S  21.83c (+57.3 L +56.9) LCB  107.16c P  1.55% WF  45.5 PSV      46 N       7  --  C2 pass J7
E3  : T 121.41c W 100.00c S  21.25c (+57.0 L +56.7) LCB  114.51c P  2.04% WF  70.9 PSV      33 N      11  --  E3 pass J7 pass
F3  : T 122.42c W 100.00c S  22.13c (+57.5 L +57.1) LCB   93.97c P  1.48% WF  32.3 PSV      32 N       5  --  F3 C8

2026-07-09 17:44:09+0100: = J7
2026-07-09 17:44:09+0100: Controller: play B E4
2026-07-09 17:44:09+0100: = 
2026-07-09 17:44:09+0100: Controller: genmove W
2026-07-09 17:44:10+0100: MoveNum: 47 HASH: 8CFFF08AC2476BEA48A63694846BE823
   A B C D E F G H J
 9 . . X . X X O X .
 8 X X . X X O O X X
 7 . . X O O O X X O2
 6 X X O O X X O O @
 5 O O O X X O . O O
 4 . O X1O X3O O . .
 3 O . . O . . . . .
 2 . . . . . . . . .
 1 . . . . . . . . .

koPOSITIONALscoreAREAtaxNONEsui1komi7.5
Time taken: 0.377815
Root visits: 206
New playouts: 206
NN rows: 183
NN batches: 63
NN avg batch size: 2.90476
PV: J6 pass J9 A7
Tree:
: T 119.92c W 100.00c S  20.00c (+56.3 L +56.1) N     206  --  J6 pass J9 A7
---White(^)---
J6  : T 120.44c W 100.00c S  20.62c (+56.7 L +56.4) LCB  119.02c P  5.54% WF 170.6 PSV     401 N      26  --  J6 pass J9 A7
J9  : T 119.53c W 100.00c S  19.67c (+56.1 L +55.9) LCB  118.77c P 25.05% WF 256.0 PSV     257 N      38  --  J9 pass E3 pass C3
E3  : T 119.45c W 100.00c S  19.57c (+56.1 L +55.8) LCB  118.02c P 16.39% WF 155.0 PSV     156 N      23  --  E3 pass J9 pass
A4  : T 120.49c W 100.00c S  20.53c (+56.7 L +56.5) LCB  117.77c P  3.78% WF 129.0 PSV     129 N      20  --  A4 B7 J9 pass E3
H4  : T 120.38c W 100.00c S  20.46c (+56.6 L +56.4) LCB  117.75c P  3.90% WF 123.1 PSV     114 N      19  --  H4 pass J9 B7
B3  : T 120.21c W 100.00c S  20.38c (+56.5 L +56.4) LCB  117.51c P  4.58% WF 110.7 PSV      97 N      17  --  B3 pass J9 pass
C3  : T 120.15c W 100.00c S  20.34c (+56.5 L +56.2) LCB  117.19c P  4.79% WF 107.1 PSV      92 N      16  --  C3 pass J9 pass
G5  : T 120.35c W 100.00c S  20.36c (+56.6 L +56.4) LCB  116.10c P  3.53% WF  89.4 PSV      90 N      14  --  G5 pass J9 pass
C2  : T 122.17c W 100.00c S  21.86c (+57.4 L +57.0) LCB   93.88c P  1.43% WF  32.8 PSV      33 N       5  --  C2 C8
B2  : T 122.13c W 100.00c S  21.73c (+57.3 L +57.0) LCB   78.77c P  1.44% WF  26.4 PSV      27 N       4  --  B2 pass

2026-07-09 17:44:10+0100: = J6
2026-07-09 17:44:10+0100: Controller: play B H4
2026-07-09 17:44:10+0100: = 
2026-07-09 17:44:10+0100: Controller: genmove W
2026-07-09 17:44:10+0100: MoveNum: 49 HASH: E37CEAF6C4C781FC26FC11962E8E17F7
   A B C D E F G H J
 9 . . X . X X O X .
 8 X X . X X O O X X
 7 . . X O O O X X O
 6 X X O O X X O O O2
 5 O O O X X O . O O
 4 . O X O X1O O X3.
 3 O . . O . . . @ .
 2 . . . . . . . . .
 1 . . . . . . . . .

koPOSITIONALscoreAREAtaxNONEsui1komi7.5
Time taken: 0.362411
Root visits: 205
New playouts: 205
NN rows: 173
NN batches: 60
NN avg batch size: 2.88333
PV: H3 pass J4 pass E3
Tree:
: T 120.35c W 100.00c S  20.42c (+56.6 L +56.6) N     205  --  H3 pass J4 pass E3
---White(^)---
H3  : T 120.82c W 100.00c S  20.98c (+56.9 L +56.9) LCB  119.80c P 10.05% WF 216.2 PSV     545 N      33  --  H3 pass J4 pass E3
J9  : T 119.97c W 100.00c S  20.04c (+56.3 L +56.4) LCB  119.09c P 23.50% WF 224.1 PSV     225 N      34  --  J9 pass E3 B7
E3  : T 119.97c W 100.00c S  20.04c (+56.3 L +56.3) LCB  118.86c P 16.11% WF 172.2 PSV     155 N      26  --  E3 pass H3 B7
J4  : T 120.83c W 100.00c S  21.02c (+56.9 L +56.9) LCB  119.52c P  6.01% WF 176.0 PSV     152 N      27  --  J4 pass H3 pass E3
G5  : T 121.08c W 100.00c S  21.02c (+56.9 L +56.8) LCB  118.59c P  4.10% WF 123.1 PSV     123 N      19  --  G5 pass J9 B7
A4  : T 120.85c W 100.00c S  20.89c (+56.9 L +56.9) LCB  116.27c P  4.51% WF  88.8 PSV      89 N      14  --  A4 pass J9 pass
C3  : T 120.67c W 100.00c S  20.68c (+56.7 L +56.6) LCB  117.33c P  4.04% WF  98.2 PSV      78 N      15  --  C3 pass E3 pass
B3  : T 120.47c W 100.00c S  20.46c (+56.6 L +56.5) LCB  116.57c P  3.90% WF  94.6 PSV      58 N      15  --  B3 pass J9 pass
F3  : T 119.52c W 100.00c S  19.52c (+56.0 L +56.4) LCB -231.35c P  1.31% WF   6.4 PSV       6 N       1  --  F3
C2  : T 119.49c W 100.00c S  19.49c (+56.0 L +56.4) LCB -231.30c P  1.28% WF   6.4 PSV       6 N       1  --  C2

2026-07-09 17:44:10+0100: = H3
2026-07-09 17:44:11+0100: Controller: play B J4
2026-07-09 17:44:11+0100: = 
2026-07-09 17:44:11+0100: Controller: genmove W
2026-07-09 17:44:11+0100: MoveNum: 51 HASH: A83A5C3DC86549AD6173481B49A13404
   A B C D E F G H J
 9 . . X . X X O X .
 8 X X . X X O O X X
 7 . . X O O O X X O
 6 X X O O X X O O O
 5 O O O X X O . O O
 4 . O X O X O O X1X3
 3 O . . O . . . O2@
 2 . . . . . . . . .
 1 . . . . . . . . .

koPOSITIONALscoreAREAtaxNONEsui1komi7.5
Time taken: 0.327076
Root visits: 206
New playouts: 206
NN rows: 160
NN batches: 55
NN avg batch size: 2.90909
PV: J3 pass J9 pass C3
Tree:
: T 123.66c W 100.00c S  23.12c (+56.4 L +56.3) N     206  --  J3 pass J9 pass C3
---White(^)---
J3  : T 123.90c W 100.00c S  23.98c (+56.6 L +56.5) LCB  123.49c P 26.07% WF 371.5 PSV     554 N      53  --  J3 pass J9 pass C3
J9  : T 123.79c W 100.00c S  23.83c (+56.4 L +56.4) LCB  123.44c P 34.37% WF 441.9 PSV     442 N      63  --  J9 pass E3 pass J3 pass
E3  : T 123.75c W 100.00c S  23.79c (+56.4 L +56.3) LCB  123.40c P 19.69% WF 350.4 PSV     246 N      50  --  E3 pass C3 pass J9
G5  : T 124.16c W 100.00c S  24.26c (+56.9 L +56.9) LCB  123.24c P 19.16% WF 239.0 PSV     239 N      35  --  G5 pass E3 C8
B7  : T  80.67c W  99.55c S -18.89c (+23.9 L +24.7) LCB -269.40c P  0.33% WF   3.6 PSV       0 N       1  --  B7
C3  : T  78.21c W  99.70c S -21.49c (+16.2 L +17.5) LCB -271.79c P  0.04% WF   1.2 PSV       0 N       1  --  C3
A7  : T  77.90c W  98.82c S -20.92c (+18.0 L +19.3) LCB -272.19c P  0.04% WF   1.1 PSV       0 N       1  --  A7
F3  : T  78.73c W  99.64c S -20.90c (+18.1 L +19.6) LCB -271.38c P  0.03% WF   0.8 PSV       0 N       1  --  F3

2026-07-09 17:44:11+0100: = J3
2026-07-09 17:44:11+0100: Controller: play B H4
2026-07-09 17:44:11+0100: = 
2026-07-09 17:44:11+0100: Controller: genmove W
2026-07-09 17:44:12+0100: MoveNum: 53 HASH: B3FB47E97B1B1E1865E4783EFDE099E4
   A B C D E F G H J
 9 . . X . X X O X .
 8 X X . X X O O X X
 7 . . X O O O X X O
 6 X X O O X X O O O
 5 O O O X X O . O O
 4 . O X O X O O X3.1
 3 O . . O @ . . O O2
 2 . . . . . . . . .
 1 . . . . . . . . .

koPOSITIONALscoreAREAtaxNONEsui1komi7.5
Time taken: 0.360377
Root visits: 205
New playouts: 205
NN rows: 172
NN batches: 60
NN avg batch size: 2.86667
PV: E3 pass J9 C8
Tree:
: T 120.31c W 100.00c S  20.40c (+56.7 L +56.8) N     205  --  E3 pass J9 C8
---White(^)---
E3  : T 119.90c W 100.00c S  19.95c (+56.4 L +56.4) LCB  119.19c P 21.42% WF 226.6 PSV     242 N      34  --  E3 pass J9 C8
J9  : T 119.94c W 100.00c S  20.12c (+56.5 L +56.6) LCB  119.14c P 22.26% WF 219.7 PSV     221 N      33  --  J9 pass E3 pass C3
J4  : T 120.39c W 100.00c S  20.51c (+56.8 L +56.9) LCB  118.95c P  9.57% WF 162.5 PSV     163 N      25  --  J4 pass J9 pass E3
A4  : T 120.62c W 100.00c S  20.81c (+57.0 L +57.1) LCB  118.12c P  4.88% WF 121.4 PSV     121 N      19  --  A4 pass J9 B7
G5  : T 120.83c W 100.00c S  20.86c (+57.0 L +57.1) LCB  118.06c P  3.90% WF 109.7 PSV     110 N      17  --  G5 pass J4 pass
G3  : T 120.72c W 100.00c S  20.92c (+57.0 L +57.1) LCB  117.96c P  3.45% WF 110.3 PSV     107 N      17  --  G3 pass J9 pass
C3  : T 120.51c W 100.00c S  20.64c (+56.8 L +56.7) LCB  118.06c P  5.13% WF 111.8 PSV     106 N      17  --  C3 pass E3 pass J9
B3  : T 120.67c W 100.00c S  20.77c (+56.9 L +57.0) LCB  117.66c P  3.81% WF 103.0 PSV     103 N      16  --  B3 pass J9 pass
B2  : T 121.90c W 100.00c S  21.74c (+57.5 L +57.4) LCB  101.77c P  1.26% WF  38.4 PSV      39 N       6  --  B2 pass E3
C2  : T 122.30c W 100.00c S  21.85c (+57.6 L +57.5) LCB   47.75c P  1.21% WF  19.2 PSV      20 N       3  --  C2 B7

2026-07-09 17:44:12+0100: = E3
2026-07-09 17:44:12+0100: Controller: play B E6
2026-07-09 17:44:12+0100: = 
2026-07-09 17:44:12+0100: Controller: genmove W
2026-07-09 17:44:13+0100: MoveNum: 55 HASH: 6F371D7D46F409BE5DA2C76B41D13B54
   A B C D E F G H J
 9 . . X . X X O X .
 8 X X . X X O O X X
 7 . . X O O O X X O
 6 X X O O X3. O O O
 5 O O O . . O . O O
 4 . O X O . O O X1@
 3 O . . O O2. . O O
 2 . . . . . . . . .
 1 . . . . . . . . .

koPOSITIONALscoreAREAtaxNONEsui1komi7.5
Time taken: 0.366734
Root visits: 206
New playouts: 206
NN rows: 177
NN batches: 62
NN avg batch size: 2.85484
PV: C3 pass J9 pass J4
Tree:
: T 122.64c W 100.00c S  22.70c (+56.7 L +56.9) N     206  --  C3 pass J9 pass J4
---White(^)---
C3  : T 122.50c W 100.00c S  22.56c (+56.6 L +56.8) LCB  121.76c P 17.57% WF 237.3 PSV     271 N      34  --  C3 pass J9 pass J4
J9  : T 122.46c W 100.00c S  22.47c (+56.5 L +56.7) LCB  121.66c P 17.29% WF 224.7 PSV     226 N      32  --  J9 pass J4 B7
J4  : T 122.53c W 100.00c S  22.61c (+56.6 L +56.8) LCB  121.66c P 15.11% WF 207.2 PSV     208 N      30  --  J4 pass J9 B7
E5  : T 122.93c W 100.00c S  23.10c (+56.9 L +57.0) LCB  120.14c P  4.65% WF 110.1 PSV     110 N      16  --  E5 pass C3 pass
A4  : T 122.85c W 100.00c S  22.90c (+56.8 L +56.9) LCB  117.02c P  3.52% WF  74.8 PSV      73 N      11  --  A4 pass C3
D5  : T 122.84c W 100.00c S  22.89c (+56.8 L +57.0) LCB  115.83c P  3.29% WF  68.5 PSV      68 N      10  --  D5 pass C3
E4  : T 122.90c W 100.00c S  22.93c (+56.8 L +57.1) LCB  115.87c P  2.78% WF  68.0 PSV      62 N      10  --  E4 pass C3
F6  : T 122.72c W 100.00c S  22.89c (+56.8 L +56.8) LCB  114.09c P  3.46% WF  62.3 PSV      60 N       9  --  F6 pass J9
G5  : T 122.82c W 100.00c S  22.83c (+56.8 L +57.0) LCB  114.14c P  2.98% WF  61.2 PSV      59 N       9  --  G5 pass C3
G3  : T 122.79c W 100.00c S  22.95c (+56.8 L +57.0) LCB  114.12c P  3.08% WF  61.6 PSV      58 N       9  --  G3 pass J9

2026-07-09 17:44:13+0100: = J4
2026-07-09 17:44:13+0100: Controller: play B F6
2026-07-09 17:44:13+0100: = 
2026-07-09 17:44:13+0100: Controller: genmove W
2026-07-09 17:44:13+0100: MoveNum: 57 HASH: 42C636CA0339AFFD581BB832E6A27376
   A B C D E F G H J
 9 . . X . X X O X .
 8 X X . X X O O X X
 7 . . X O O O X X O
 6 X X O O X1X3O O O
 5 O O O . . O . O O
 4 . O X O . O O . O2
 3 O . @ O O . . O O
 2 . . . . . . . . .
 1 . . . . . . . . .

koPOSITIONALscoreAREAtaxNONEsui1komi7.5
Time taken: 0.389136
Root visits: 206
New playouts: 206
NN rows: 181
NN batches: 62
NN avg batch size: 2.91935
PV: C3 pass J9 pass E5 pass
Tree:
: T 122.11c W 100.00c S  22.19c (+56.6 L +56.7) N     206  --  C3 pass J9 pass E5 pass
---White(^)---
C3  : T 121.87c W 100.00c S  21.92c (+56.4 L +56.4) LCB  121.09c P 21.16% WF 271.8 PSV     318 N      39  --  C3 pass J9 pass E5 pass
J9  : T 121.73c W 100.00c S  21.76c (+56.3 L +56.6) LCB  120.99c P 23.14% WF 264.6 PSV     263 N      38  --  J9 pass C3 pass E5 pass
A4  : T 122.34c W 100.00c S  22.52c (+56.8 L +57.0) LCB  120.05c P  5.05% WF 122.7 PSV     116 N      18  --  A4 pass C3 B7
E5  : T 121.81c W 100.00c S  22.09c (+56.5 L +56.4) LCB  119.60c P  8.67% WF 116.8 PSV     105 N      17  --  E5 pass C3 pass J9
D5  : T 122.37c W 100.00c S  22.49c (+56.7 L +57.0) LCB  118.72c P  4.07% WF  96.3 PSV      97 N      14  --  D5 pass C3
B3  : T 122.26c W 100.00c S  22.47c (+56.7 L +56.9) LCB  118.57c P  4.19% WF  95.7 PSV      85 N      14  --  B3 pass C3 pass
E4  : T 122.32c W 100.00c S  22.47c (+56.7 L +57.1) LCB  119.09c P  3.64% WF 102.1 PSV      80 N      15  --  E4 pass J9 pass
F3  : T 122.22c W 100.00c S  22.55c (+56.8 L +57.0) LCB  117.18c P  3.57% WF  81.3 PSV      68 N      12  --  F3 pass J9
G5  : T 122.97c W 100.00c S  22.97c (+57.1 L +57.3) LCB  102.85c P  1.75% WF  41.2 PSV      34 N       6  --  G5 pass J9
G3  : T 122.91c W 100.00c S  22.74c (+56.9 L +57.0) LCB   94.44c P  1.87% WF  34.3 PSV      32 N       5  --  G3 C8

2026-07-09 17:44:13+0100: = C3
2026-07-09 17:44:14+0100: Controller: play B B3
2026-07-09 17:44:14+0100: = 
2026-07-09 17:44:14+0100: Controller: genmove W
2026-07-09 17:44:14+0100: MoveNum: 59 HASH: 72FF2CBB03137AD0C83538A554841553
   A B C D E F G H J
 9 . . X . X X O X .
 8 X X . X X O O X X
 7 . . X O O O X X O
 6 X X O O X X1O O O
 5 O O O . . O . O O
 4 . O . O . O O . O
 3 O X3O2O O . . O O
 2 . @ . . . . . . .
 1 . . . . . . . . .

koPOSITIONALscoreAREAtaxNONEsui1komi7.5
Time taken: 0.372131
Root visits: 206
New playouts: 206
NN rows: 176
NN batches: 61
NN avg batch size: 2.88525
PV: B2 pass J9 pass E5
Tree:
: T 122.45c W 100.00c S  22.56c (+56.6 L +56.8) N     206  --  B2 pass J9 pass E5
---White(^)---
B2  : T 122.11c W 100.00c S  22.21c (+56.4 L +56.4) LCB  121.35c P 24.76% WF 289.9 PSV     327 N      41  --  B2 pass J9 pass E5
J9  : T 122.01c W 100.00c S  21.99c (+56.2 L +56.5) LCB  121.04c P 19.55% WF 211.1 PSV     212 N      30  --  J9 pass E5 B7
E5  : T 122.45c W 100.00c S  22.63c (+56.6 L +56.6) LCB  121.09c P  8.55% WF 161.5 PSV     141 N      23  --  E5 pass B2 pass pass
D5  : T 122.79c W 100.00c S  23.06c (+56.9 L +57.1) LCB  119.91c P  3.87% WF 110.3 PSV     109 N      16  --  D5 pass B2 pass
A4  : T 122.69c W 100.00c S  22.90c (+56.8 L +57.1) LCB  119.89c P  4.01% WF 110.2 PSV      93 N      16  --  A4 pass B2 pass
C4  : T 122.66c W 100.00c S  22.82c (+56.7 L +57.1) LCB  119.48c P  4.11% WF 103.2 PSV      91 N      15  --  C4 pass B2
E4  : T 122.35c W 100.00c S  22.82c (+56.8 L +57.1) LCB  113.54c P  3.69% WF  61.9 PSV      54 N       9  --  E4 pass B2
F3  : T 122.35c W 100.00c S  22.72c (+56.7 L +57.0) LCB  113.62c P  3.40% WF  61.7 PSV      50 N       9  --  F3 pass B2
G5  : T 123.27c W 100.00c S  23.15c (+57.0 L +57.1) LCB   94.86c P  1.58% WF  34.6 PSV      29 N       5  --  G5 C8
H4  : T 123.27c W 100.00c S  23.14c (+57.0 L +57.1) LCB   94.84c P  1.52% WF  34.6 PSV      28 N       5  --  H4 C8

2026-07-09 17:44:14+0100: = B2
2026-07-09 17:44:15+0100: Controller: play B F3
2026-07-09 17:44:15+0100: = 
2026-07-09 17:44:15+0100: Controller: genmove W
2026-07-09 17:44:15+0100: MoveNum: 61 HASH: 37A5089E40E3A10042456F9EE2CDEBBF
   A B C D E F G H J
 9 . . X . X X O X .
 8 X X . X X O O X X
 7 . . X O O O X X O
 6 X X O O X X O O O
 5 O O O . . O . O O
 4 . O . O . O O . O
 3 O .1O O O X3. O O
 2 . O2. . . @ . . .
 1 . . . . . . . . .

koPOSITIONALscoreAREAtaxNONEsui1komi7.5
Time taken: 0.365606
Root visits: 206
New playouts: 206
NN rows: 184
NN batches: 63
NN avg batch size: 2.92063
PV: F2 pass J9 pass G3
Tree:
: T 123.23c W 100.00c S  23.25c (+56.8 L +57.2) N     206  --  F2 pass J9 pass G3
---White(^)---
F2  : T 123.26c W 100.00c S  23.30c (+56.9 L +57.2) LCB  122.58c P 17.96% WF 269.3 PSV     417 N      38  --  F2 pass J9 pass G3
J9  : T 122.87c W 100.00c S  22.75c (+56.5 L +56.9) LCB  121.79c P 17.44% WF 198.8 PSV     183 N      28  --  J9 pass F2 B7
E5  : T 123.31c W 100.00c S  23.23c (+56.8 L +57.1) LCB  121.75c P  8.36% WF 147.4 PSV     132 N      21  --  E5 pass F2 pass G3
G3  : T 123.39c W 100.00c S  23.33c (+56.9 L +57.3) LCB  120.84c P  5.72% WF 112.2 PSV     100 N      16  --  G3 pass E5
A2  : T 123.54c W 100.00c S  23.62c (+57.1 L +57.2) LCB  119.34c P  3.62% WF  90.5 PSV      77 N      13  --  A2 pass F2
C2  : T 123.44c W 100.00c S  23.54c (+57.0 L +57.2) LCB  119.26c P  3.91% WF  90.5 PSV      72 N      13  --  C2 pass E5
A4  : T 123.02c W 100.00c S  23.22c (+56.8 L +57.2) LCB  116.00c P  5.48% WF  69.6 PSV      64 N      10  --  A4 pass F2
B3  : T 123.69c W 100.00c S  23.80c (+57.2 L +57.5) LCB  119.50c P  2.17% WF  91.1 PSV      60 N      13  --  B3 pass J9
D5  : T 123.29c W 100.00c S  23.48c (+57.0 L +57.1) LCB  112.36c P  3.31% WF  56.1 PSV      51 N       8  --  D5 pass F2
C4  : T 122.92c W 100.00c S  23.12c (+56.8 L +57.1) LCB  114.27c P  4.20% WF  62.4 PSV      46 N       9  --  C4 pass F2

2026-07-09 17:44:15+0100: = F2
2026-07-09 17:44:15+0100: Controller: play B D5
2026-07-09 17:44:15+0100: = 
2026-07-09 17:44:15+0100: Controller: genmove W
2026-07-09 17:44:16+0100: MoveNum: 63 HASH: 3CFB1E93FEEA596917E3CB0059F58705
   A B C D E F G H J
 9 . . X . X X O X .
 8 X X . X X O O X X
 7 . . X O O O X X O
 6 X X O O X X O O O
 5 O O O X3. O . O O
 4 . O . O . O O . O
 3 O . O O O X1@ O O
 2 . O . . . O2. . .
 1 . . . . . . . . .

koPOSITIONALscoreAREAtaxNONEsui1komi7.5
Time taken: 0.370278
Root visits: 205
New playouts: 205
NN rows: 180
NN batches: 62
NN avg batch size: 2.90323
PV: G3 pass J9 pass E5 pass
Tree:
: T 122.63c W 100.00c S  22.77c (+56.9 L +57.2) N     205  --  G3 pass J9 pass E5 pass
---White(^)---
G3  : T 122.39c W 100.00c S  22.45c (+56.7 L +57.1) LCB  121.49c P 20.40% WF 252.8 PSV     258 N      36  --  G3 pass J9 pass E5 pass
J9  : T 122.26c W 100.00c S  22.34c (+56.6 L +57.1) LCB  121.45c P 21.60% WF 246.1 PSV     241 N      35  --  J9 pass G3 pass E5 pass
E4  : T 122.85c W 100.00c S  22.93c (+57.0 L +57.4) LCB  118.67c P  4.36% WF  89.8 PSV      90 N      13  --  E4 pass G3
C2  : T 122.92c W 100.00c S  23.18c (+57.2 L +57.4) LCB  118.59c P  3.73% WF  89.4 PSV      90 N      13  --  C2 pass G3 pass
A2  : T 122.92c W 100.00c S  23.21c (+57.2 L +57.3) LCB  119.15c P  3.40% WF  96.7 PSV      81 N      14  --  A2 pass G3 pass
B3  : T 122.92c W 100.00c S  23.21c (+57.2 L +57.5) LCB  116.98c P  3.25% WF  76.0 PSV      76 N      11  --  B3 pass J9 pass
E2  : T 122.76c W 100.00c S  22.89c (+57.0 L +57.3) LCB  116.96c P  3.94% WF  75.6 PSV      74 N      11  --  E2 pass E5
E5  : T 121.89c W 100.00c S  22.26c (+56.6 L +56.5) LCB  116.48c P  8.51% WF  76.2 PSV      72 N      11  --  E5 pass G3 B7
A4  : T 122.56c W 100.00c S  22.95c (+57.0 L +57.4) LCB  113.87c P  4.40% WF  61.7 PSV      62 N       9  --  A4 pass J9
C4  : T 122.60c W 100.00c S  22.96c (+57.0 L +57.4) LCB  113.93c P  3.99% WF  61.9 PSV      61 N       9  --  C4 pass G3

2026-07-09 17:44:16+0100: = G3
2026-07-09 17:44:16+0100: Controller: play B A2
2026-07-09 17:44:16+0100: = 
2026-07-09 17:44:16+0100: Controller: genmove W
2026-07-09 17:44:16+0100: MoveNum: 65 HASH: 81673B1FA97DC35183DCEBFD386E5714
   A B C D E F G H J
 9 . . X . X X O X .
 8 X X . X X O O X X
 7 . . X O O O X X O
 6 X X O O X X O O O
 5 O O O X1. O . O O
 4 . O . O . O O . O
 3 O . O O O . O2O O
 2 X3O . . . O . . .
 1 @ . . . . . . . .

koPOSITIONALscoreAREAtaxNONEsui1komi7.5
Time taken: 0.368142
Root visits: 206
New playouts: 206
NN rows: 180
NN batches: 62
NN avg batch size: 2.90323
PV: A1 pass J9 pass E5
Tree:
: T 122.59c W 100.00c S  22.70c (+56.9 L +57.3) N     206  --  A1 pass J9 pass E5
---White(^)---
A1  : T 122.44c W 100.00c S  22.53c (+56.8 L +57.3) LCB  121.55c P 18.57% WF 239.1 PSV     308 N      34  --  A1 pass J9 pass E5
J9  : T 122.29c W 100.00c S  22.26c (+56.6 L +57.1) LCB  121.34c P 20.25% WF 225.2 PSV     226 N      32  --  J9 pass A1 pass E5
E5  : T 122.47c W 100.00c S  22.59c (+56.8 L +57.1) LCB  120.51c P  8.87% WF 132.8 PSV     118 N      19  --  E5 pass A1 pass pass
B3  : T 123.13c W 100.00c S  23.26c (+57.3 L +57.6) LCB  120.60c P  3.37% WF 118.3 PSV     118 N      17  --  B3 pass A1 pass
C2  : T 123.02c W 100.00c S  23.16c (+57.2 L +57.5) LCB  119.86c P  3.41% WF 103.3 PSV      96 N      15  --  C2 pass A1 pass
A4  : T 122.70c W 100.00c S  22.95c (+57.1 L +57.5) LCB  119.05c P  5.05% WF  96.1 PSV      86 N      14  --  A4 pass E5
E4  : T 122.65c W 100.00c S  22.87c (+57.0 L +57.4) LCB  115.60c P  3.99% WF  69.0 PSV      64 N      10  --  E4 pass A1 pass
G2  : T 122.54c W 100.00c S  22.81c (+57.0 L +57.3) LCB  111.59c P  3.75% WF  54.9 PSV      53 N       8  --  G2 B7 A1
C4  : T 122.44c W 100.00c S  22.78c (+57.0 L +57.4) LCB  111.47c P  3.88% WF  55.1 PSV      50 N       8  --  C4 B7 J9
E2  : T 122.41c W 100.00c S  22.68c (+56.9 L +57.3) LCB  111.43c P  3.89% WF  54.9 PSV      48 N       8  --  E2 B7 A1

2026-07-09 17:44:16+0100: = A1
2026-07-09 17:44:17+0100: Controller: play B C2
2026-07-09 17:44:17+0100: = 
2026-07-09 17:44:17+0100: Controller: genmove W
2026-07-09 17:44:17+0100: MoveNum: 67 HASH: F39C924EFC8B9D77FB835F2849955AD2
   A B C D E F G H J
 9 . . X . X X O X .
 8 X X . X X O O X X
 7 . . X O O O X X O
 6 X X O O X X O O O
 5 O O O X . O . O O
 4 . O . O . O O . O
 3 O . O O O . O O O
 2 .1O X3. . O . . .
 1 O2. @ . . . . . .

koPOSITIONALscoreAREAtaxNONEsui1komi7.5
Time taken: 0.393099
Root visits: 206
New playouts: 206
NN rows: 189
NN batches: 66
NN avg batch size: 2.86364
PV: C1 pass D2 pass J9
Tree:
: T 123.11c W 100.00c S  23.17c (+57.0 L +57.5) N     206  --  C1 pass D2 pass J9
---White(^)---
C1  : T 123.33c W 100.00c S  23.36c (+57.1 L +57.6) LCB  122.46c P 12.52% WF 225.7 PSV     442 N      32  --  C1 pass D2 pass J9
J9  : T 122.76c W 100.00c S  22.78c (+56.7 L +57.5) LCB  121.77c P 19.41% WF 204.1 PSV     200 N      29  --  J9 pass E5 pass C1
B1  : T 123.56c W 100.00c S  23.62c (+57.3 L +57.8) LCB  121.05c P  4.33% WF 120.0 PSV     110 N      17  --  B1 pass J9 pass
E5  : T 122.95c W 100.00c S  22.94c (+56.8 L +57.3) LCB  120.01c P  8.54% WF 105.3 PSV     102 N      15  --  E5 pass J9 pass
D2  : T 123.23c W 100.00c S  23.31c (+57.1 L +57.5) LCB  120.68c P  5.93% WF 112.6 PSV      94 N      16  --  D2 pass J9 pass
B3  : T 123.46c W 100.00c S  23.59c (+57.3 L +57.9) LCB  118.55c P  3.76% WF  84.0 PSV      81 N      12  --  B3 pass C1
A2  : T 123.50c W 100.00c S  23.65c (+57.3 L +57.8) LCB  117.67c P  3.14% WF  76.8 PSV      72 N      11  --  A2 pass C1
A4  : T 123.03c W 100.00c S  23.21c (+57.0 L +57.6) LCB  116.02c P  4.43% WF  69.9 PSV      57 N      10  --  A4 pass J9 pass
E4  : T 123.04c W 100.00c S  23.16c (+57.0 L +57.5) LCB  114.40c P  4.20% WF  62.5 PSV      54 N       9  --  E4 pass J9
F3  : T 122.98c W 100.00c S  23.07c (+56.9 L +57.4) LCB  112.05c P  3.95% WF  55.4 PSV      48 N       8  --  F3 pass E5

2026-07-09 17:44:17+0100: = C1
2026-07-09 17:44:17+0100: Controller: play B E5
2026-07-09 17:44:17+0100: = 
2026-07-09 17:44:17+0100: Controller: genmove W
2026-07-09 17:44:18+0100: MoveNum: 69 HASH: 37512A4090DC939DB604CEBF0DBA3DBE
   A B C D E F G H J
 9 . . X . X X O X .
 8 X X . X X O O X X
 7 . . X O O O X X O
 6 X X O O X X O O O
 5 O O O X X3O . O O
 4 . O . O . O O . O
 3 O . O O O . O O O
 2 . O X1@ . O . . .
 1 O . O2. . . . . .

koPOSITIONALscoreAREAtaxNONEsui1komi7.5
Time taken: 0.392083
Root visits: 204
New playouts: 204
NN rows: 188
NN batches: 65
NN avg batch size: 2.89231
PV: D2 pass J9 pass H9
Tree:
: T 123.02c W 100.00c S  23.07c (+57.1 L +57.6) N     204  --  D2 pass J9 pass H9
---White(^)---
D2  : T 123.23c W 100.00c S  23.25c (+57.2 L +57.5) LCB  122.62c P 15.86% WF 261.8 PSV     612 N      37  --  D2 pass J9 pass H9
J9  : T 122.50c W 100.00c S  22.57c (+56.8 L +57.3) LCB  121.54c P 23.18% WF 226.3 PSV     204 N      32  --  J9 pass D2 B7
A2  : T 123.31c W 100.00c S  23.42c (+57.3 L +57.7) LCB  120.17c P  4.43% WF 104.0 PSV      81 N      15  --  A2 pass D2 pass
B1  : T 123.31c W 100.00c S  23.46c (+57.4 L +57.8) LCB  120.49c P  4.22% WF 111.5 PSV      77 N      16  --  B1 pass D2 pass
E4  : T 122.37c W 100.00c S  22.32c (+56.6 L +57.0) LCB  117.93c P  9.60% WF  83.3 PSV      77 N      12  --  E4 pass D2 B7
F3  : T 123.15c W 100.00c S  23.19c (+57.2 L +57.8) LCB  117.35c P  3.97% WF  76.1 PSV      60 N      11  --  F3 pass D2
B3  : T 123.31c W 100.00c S  23.35c (+57.3 L +57.9) LCB  117.51c P  3.31% WF  75.9 PSV      60 N      11  --  B3 pass D2
C4  : T 123.09c W 100.00c S  23.13c (+57.1 L +57.9) LCB  116.09c P  4.23% WF  69.1 PSV      60 N      10  --  C4 pass D2
A4  : T 122.98c W 100.00c S  23.19c (+57.2 L +57.9) LCB  117.14c P  4.67% WF  76.2 PSV      59 N      11  --  A4 pass J9 pass
E2  : T 123.17c W 100.00c S  23.20c (+57.2 L +57.9) LCB  117.37c P  3.58% WF  76.2 PSV      55 N      11  --  E2 pass D2

2026-07-09 17:44:18+0100: = D2
2026-07-09 17:44:18+0100: Controller: play B E2
2026-07-09 17:44:18+0100: = 
2026-07-09 17:44:18+0100: Controller: genmove W
2026-07-09 17:44:18+0100: MoveNum: 71 HASH: 5E4FC22692093FC2114C7618D1D015D3
   A B C D E F G H J
 9 . . X . X X O X .
 8 X X . X X O O X X
 7 . . X O O O X X O
 6 X X O O X X O O O
 5 O O O X X1O . O O
 4 . O . O . O O . O
 3 O . O O O . O O O
 2 . O . O2X3O . . .
 1 O . O . @ . . . .

koPOSITIONALscoreAREAtaxNONEsui1komi7.5
Time taken: 0.369645
Root visits: 205
New playouts: 205
NN rows: 176
NN batches: 62
NN avg batch size: 2.83871
PV: E1 pass J9 pass H9
Tree:
: T 122.55c W 100.00c S  22.60c (+57.4 L +57.9) N     205  --  E1 pass J9 pass H9
---White(^)---
E1  : T 122.51c W 100.00c S  22.58c (+57.4 L +57.8) LCB  122.00c P 27.86% WF 327.6 PSV     475 N      47  --  E1 pass J9 pass H9
J9  : T 122.04c W 100.00c S  22.13c (+57.1 L +57.6) LCB  121.33c P 21.23% WF 251.1 PSV     178 N      36  --  J9 pass E1 pass H9
E4  : T 121.98c W 100.00c S  22.10c (+57.1 L +57.6) LCB  118.80c P  9.29% WF 103.0 PSV      75 N      15  --  E4 pass E1 pass
F3  : T 122.70c W 100.00c S  22.85c (+57.6 L +58.1) LCB  120.63c P  4.74% WF 131.0 PSV      66 N      19  --  F3 pass E1 B7
G2  : T 122.70c W 100.00c S  22.86c (+57.6 L +58.1) LCB  120.16c P  3.94% WF 116.6 PSV      55 N      17  --  G2 pass E1 pass
B1  : T 123.26c W 100.00c S  23.23c (+57.8 L +58.2) LCB  108.28c P  2.25% WF  48.3 PSV      27 N       7  --  B1 pass E1
A4  : T 123.18c W 100.00c S  23.21c (+57.8 L +58.3) LCB  111.46c P  2.03% WF  55.1 PSV      22 N       8  --  A4 pass E1
A2  : T 123.15c W 100.00c S  23.04c (+57.7 L +58.0) LCB   94.71c P  2.08% WF  34.3 PSV      22 N       5  --  A2 C8
C2  : T 123.16c W 100.00c S  23.01c (+57.7 L +58.0) LCB   94.70c P  1.77% WF  34.2 PSV      19 N       5  --  C2 C8
D1  : T 122.95c W 100.00c S  22.89c (+57.6 L +58.2) LCB   79.41c P  1.99% WF  27.5 PSV      18 N       4  --  D1 pass E1

2026-07-09 17:44:18+0100: = E1
2026-07-09 17:44:18+0100: Controller: play B G2
2026-07-09 17:44:18+0100: = 
2026-07-09 17:44:18+0100: Controller: genmove W
2026-07-09 17:44:19+0100: MoveNum: 73 HASH: C3BE2C6C60A93BA7A3735C8EF32131ED
   A B C D E F G H J
 9 . . X . X X O X .
 8 X X . X X O O X X
 7 . . X O O O X X O
 6 X X O O X X O O O
 5 O O O X X O . O O
 4 . O . O . O O . O
 3 O . O O O . O O O
 2 . O . O .1O X3@ .
 1 O . O . O2. . . .

koPOSITIONALscoreAREAtaxNONEsui1komi7.5
Time taken: 0.371359
Root visits: 206
New playouts: 206
NN rows: 183
NN batches: 63
NN avg batch size: 2.90476
PV: H2 pass G1 C8
Tree:
: T 122.95c W 100.00c S  22.88c (+57.6 L +58.3) N     206  --  H2 pass G1 C8
---White(^)---
H2  : T 123.56c W 100.00c S  23.51c (+58.0 L +58.6) LCB  122.96c P 13.22% WF 287.5 PSV     753 N      41  --  H2 pass G1 C8
G1  : T 123.29c W 100.00c S  23.24c (+57.8 L +58.6) LCB  122.70c P 17.25% WF 295.3 PSV     294 N      42  --  G1 pass H2 A7
J9  : T 122.50c W 100.00c S  22.35c (+57.3 L +58.1) LCB  121.73c P 22.50% WF 260.3 PSV     194 N      37  --  J9 pass H2 B7
E4  : T 121.93c W 100.00c S  22.08c (+57.1 L +57.8) LCB  119.11c P 11.06% WF 110.3 PSV      70 N      16  --  E4 pass J9 pass
F3  : T 122.97c W 100.00c S  22.94c (+57.7 L +58.1) LCB   94.54c P  2.47% WF  34.5 PSV      18 N       5  --  F3 C8
F1  : T 122.84c W 100.00c S  22.86c (+57.6 L +58.0) LCB   94.41c P  2.58% WF  34.5 PSV      17 N       5  --  F1 C8
D1  : T 123.06c W 100.00c S  22.97c (+57.7 L +58.1) LCB   94.63c P  2.31% WF  34.5 PSV      17 N       5  --  D1 D9
E2  : T 123.05c W 100.00c S  22.99c (+57.7 L +58.1) LCB   94.62c P  2.01% WF  34.7 PSV      15 N       5  --  E2 D9
A4  : T 123.12c W 100.00c S  23.02c (+57.7 L +58.1) LCB   94.69c P  1.98% WF  34.4 PSV      15 N       5  --  A4 D9
B1  : T 122.93c W 100.00c S  22.87c (+57.6 L +58.1) LCB   79.41c P  2.09% WF  27.5 PSV      15 N       4  --  B1 C8

2026-07-09 17:44:19+0100: = H2
2026-07-09 17:44:19+0100: Controller: play B J2
2026-07-09 17:44:19+0100: = 
2026-07-09 17:44:19+0100: Controller: genmove W
2026-07-09 17:44:19+0100: MoveNum: 75 HASH: CACB1B10A5D269AD47CE55B849043D88
   A B C D E F G H J
 9 . . X . X X O X .
 8 X X . X X O O X X
 7 . . X O O O X X O
 6 X X O O X X O O O
 5 O O O X X O . O O
 4 . O . O . O O . O
 3 O . O O O . O O O
 2 . O . O . O X1O2X3
 1 O . O . O . . . @

koPOSITIONALscoreAREAtaxNONEsui1komi7.5
Time taken: 0.344015
Root visits: 206
New playouts: 204
NN rows: 169
NN batches: 58
NN avg batch size: 2.91379
PV: J1 pass G1 D9
Tree:
: T 122.45c W 100.00c S  22.40c (+57.9 L +58.5) N     206  --  J1 pass G1 D9
---White(^)---
J1  : T 122.75c W 100.00c S  22.70c (+58.0 L +58.8) LCB  122.26c P 22.27% WF 332.4 PSV     515 N      48  --  J1 pass G1 D9
G1  : T 122.56c W 100.00c S  22.54c (+57.9 L +58.6) LCB  121.90c P 20.02% WF 313.2 PSV     248 N      45  --  G1 pass J9 B7
J9  : T 121.96c W 100.00c S  21.91c (+57.5 L +58.3) LCB  121.22c P 18.20% WF 243.5 PSV     146 N      35  --  J9 pass G1 B7
E4  : T 121.82c W 100.00c S  21.87c (+57.5 L +58.2) LCB  119.03c P  8.58% WF 109.7 PSV      63 N      16  --  E4 pass G1
F1  : T 122.90c W 100.00c S  22.93c (+58.2 L +58.5) LCB  111.23c P  2.84% WF  54.2 PSV      26 N       8  --  F1 pass J9
F3  : T 122.84c W 100.00c S  22.71c (+58.1 L +58.6) LCB  102.76c P  2.46% WF  41.0 PSV      21 N       6  --  F3 D9
H1  : T 123.05c W 100.00c S  23.16c (+58.3 L +58.5) LCB  107.95c P  1.82% WF  47.0 PSV      18 N       7  --  H1 pass J9
A2  : T 122.96c W 100.00c S  22.83c (+58.2 L +58.7) LCB  102.87c P  1.82% WF  41.0 PSV      17 N       6  --  A2 D9
B1  : T 123.02c W 100.00c S  22.89c (+58.2 L +58.7) LCB  102.94c P  1.76% WF  41.0 PSV      17 N       6  --  B1 D9
D1  : T 122.81c W 100.00c S  22.63c (+58.0 L +58.5) LCB   94.33c P  1.93% WF  34.1 PSV      16 N       5  --  D1 D9

2026-07-09 17:44:19+0100: = J1
2026-07-09 17:44:19+0100: Controller: play B F1
2026-07-09 17:44:19+0100: = 
2026-07-09 17:44:19+0100: Controller: genmove W
2026-07-09 17:44:20+0100: MoveNum: 77 HASH: 7B6844A33B64A7E1FD2C4E6C3CFFC94E
   A B C D E F G H J
 9 . . X . X X O X .
 8 X X . X X O O X X
 7 . . X O O O X X O
 6 X X O O X X O O O
 5 O O O X X O . O O
 4 . O . O . O O . O
 3 O . O O O . O O O
 2 . O . O . O X O .1
 1 O . O . O X3. @ O2

koPOSITIONALscoreAREAtaxNONEsui1komi7.5
Time taken: 0.338383
Root visits: 206
New playouts: 204
NN rows: 162
NN batches: 56
NN avg batch size: 2.89286
PV: H1 pass G1 D9
Tree:
: T 122.20c W 100.00c S  22.20c (+57.8 L +58.6) N     206  --  H1 pass G1 D9
---White(^)---
H1  : T 122.43c W 100.00c S  22.49c (+58.0 L +58.7) LCB  121.48c P 15.31% WF 207.5 PSV     448 N      30  --  H1 pass G1 D9
J9  : T 121.98c W 100.00c S  21.95c (+57.6 L +58.6) LCB  121.46c P 20.58% WF 318.4 PSV     319 N      46  --  J9 pass G1 B7
G1  : T 121.93c W 100.00c S  21.95c (+57.6 L +58.4) LCB  121.06c P 19.78% WF 243.4 PSV     244 N      35  --  G1 pass J9 pass J8
J2  : T 122.36c W 100.00c S  22.46c (+57.9 L +58.6) LCB  121.16c P  7.37% WF 180.3 PSV     180 N      26  --  J2 pass G1 B7
E4  : T 121.68c W 100.00c S  21.78c (+57.5 L +58.4) LCB  118.88c P  9.06% WF 109.0 PSV     105 N      16  --  E4 pass H1
E2  : T 122.77c W 100.00c S  22.70c (+58.1 L +58.9) LCB  107.79c P  2.95% WF  48.1 PSV      48 N       7  --  E2 pass G1
F3  : T 122.82c W 100.00c S  22.72c (+58.2 L +58.8) LCB  102.74c P  2.14% WF  40.7 PSV      37 N       6  --  F3 C8
A4  : T 122.96c W 100.00c S  22.84c (+58.2 L +58.8) LCB  102.88c P  1.81% WF  40.6 PSV      37 N       6  --  A4 D9
D1  : T 122.81c W 100.00c S  22.72c (+58.2 L +58.8) LCB   94.36c P  2.06% WF  34.0 PSV      34 N       5  --  D1 D9
B1  : T 122.88c W 100.00c S  22.74c (+58.2 L +58.9) LCB   94.44c P  1.73% WF  33.9 PSV      32 N       5  --  B1 C8

2026-07-09 17:44:20+0100: = H1
2026-07-09 17:44:20+0100: Controller: play B A9
2026-07-09 17:44:20+0100: = 
2026-07-09 17:44:20+0100: Controller: genmove W
2026-07-09 17:44:20+0100: MoveNum: 79 HASH: 97944329C16183F137CEC823FBC26C53
   A B C D E F G H J
 9 X3. X . X X O X .
 8 X X . X X O O X X
 7 . . X O O O X X O
 6 X X O O X X O O O
 5 O O O X X O . O O
 4 . O . O . O O . O
 3 O . O O O . O O O
 2 . O . O . O X O .
 1 O . O . O X1@ O2O

koPOSITIONALscoreAREAtaxNONEsui1komi7.5
Time taken: 0.368712
Root visits: 206
New playouts: 204
NN rows: 174
NN batches: 61
NN avg batch size: 2.85246
PV: G1 pass J9 B7
Tree:
: T 122.32c W 100.00c S  22.31c (+57.6 L +58.2) N     206  --  G1 pass J9 B7
---White(^)---
G1  : T 122.15c W 100.00c S  22.17c (+57.5 L +58.3) LCB  121.52c P 22.99% WF 278.0 PSV     297 N      40  --  G1 pass J9 B7
J9  : T 122.22c W 100.00c S  22.15c (+57.5 L +58.4) LCB  121.51c P 26.91% WF 286.5 PSV     287 N      41  --  J9 pass G1 B7
E4  : T 121.85c W 100.00c S  21.86c (+57.3 L +58.0) LCB  120.77c P 11.11% WF 186.9 PSV      92 N      27  --  E4 pass G1 B7
pss : T 121.73c W 100.00c S  21.79c (+57.3 L +57.3) LCB  117.24c P  6.71% WF  95.4 PSV      51 N      13  --  pass pass
A4  : T 122.89c W 100.00c S  22.94c (+58.0 L +58.3) LCB  111.21c P  2.54% WF  54.5 PSV      25 N       8  --  A4 pass J9
A2  : T 122.82c W 100.00c S  22.89c (+58.0 L +58.4) LCB  107.82c P  2.53% WF  47.7 PSV      24 N       7  --  A2 pass J9
B1  : T 122.83c W 100.00c S  22.90c (+58.0 L +58.4) LCB  107.83c P  2.47% WF  47.7 PSV      23 N       7  --  B1 pass J9
B7  : T 122.28c W 100.00c S  22.15c (+57.5 L +58.5) LCB  102.20c P  3.37% WF  40.4 PSV      23 N       6  --  B7 A7 pass
D1  : T 122.72c W 100.00c S  22.71c (+57.8 L +58.1) LCB  102.62c P  2.39% WF  40.4 PSV      21 N       6  --  D1 pass
E2  : T 122.78c W 100.00c S  22.77c (+57.9 L +58.0) LCB  102.68c P  2.18% WF  40.5 PSV      20 N       6  --  E2 pass

2026-07-09 17:44:20+0100: = G1
2026-07-09 17:44:20+0100: Controller: play B B9
2026-07-09 17:44:20+0100: = 
2026-07-09 17:44:20+0100: Controller: genmove W
2026-07-09 17:44:21+0100: MoveNum: 81 HASH: 8D3E43E7C37EEA8A88A4D5032469FC6F
   A B C D E F G H J
 9 X1X3X . X X O X @
 8 X X . X X O O X X
 7 . . X O O O X X O
 6 X X O O X X O O O
 5 O O O X X O . O O
 4 . O . O . O O . O
 3 O . O O O . O O O
 2 . O . O . O . O .
 1 O . O . O . O2O O

koPOSITIONALscoreAREAtaxNONEsui1komi7.5
Time taken: 0.367353
Root visits: 206
New playouts: 204
NN rows: 177
NN batches: 61
NN avg batch size: 2.90164
PV: J9 pass H9 C8
Tree:
: T 122.43c W 100.00c S  22.42c (+57.6 L +58.3) N     206  --  J9 pass H9 C8
---White(^)---
J9  : T 122.32c W 100.00c S  22.25c (+57.5 L +58.4) LCB  121.72c P 31.81% WF 327.5 PSV     380 N      47  --  J9 pass H9 C8
E4  : T 121.74c W 100.00c S  21.71c (+57.1 L +57.9) LCB  121.02c P 19.28% WF 250.2 PSV     139 N      36  --  E4 pass J9 B7 H9
pss : T 121.83c W 100.00c S  21.78c (+57.1 L +57.5) LCB  118.75c P  8.87% WF 110.7 PSV      67 N      15  --  pass pass
B7  : T 122.05c W 100.00c S  22.03c (+57.3 L +58.3) LCB  101.94c P  4.52% WF  40.2 PSV      26 N       6  --  B7 A7 J9 pass
A2  : T 122.96c W 100.00c S  23.04c (+58.0 L +58.8) LCB  113.57c P  2.69% WF  62.3 PSV      25 N       9  --  A2 pass E4
B1  : T 122.95c W 100.00c S  23.02c (+58.0 L +58.9) LCB  113.56c P  2.67% WF  62.3 PSV      25 N       9  --  B1 pass E4
A4  : T 122.93c W 100.00c S  22.96c (+57.9 L +58.7) LCB  111.26c P  2.62% WF  55.1 PSV      24 N       8  --  A4 pass J9
H4  : T 122.96c W 100.00c S  22.98c (+57.9 L +58.6) LCB  107.98c P  2.24% WF  48.3 PSV      21 N       7  --  H4 pass J9
A7  : T 122.35c W 100.00c S  22.39c (+57.5 L +58.5) LCB  102.23c P  3.16% WF  40.1 PSV      21 N       6  --  A7 B7 J9 pass
J2  : T 122.85c W 100.00c S  22.91c (+57.9 L +58.6) LCB  111.18c P  2.36% WF  55.1 PSV      20 N       8  --  J2 pass J9

2026-07-09 17:44:21+0100: = J9
2026-07-09 17:44:21+0100: Controller: play B H9
2026-07-09 17:44:21+0100: = 
2026-07-09 17:44:21+0100: Controller: genmove W
2026-07-09 17:44:22+0100: MoveNum: 83 HASH: 2AA3CC580CC5E5FCE0FAB8BEDD44CA2D
   A B C D E F G H J
 9 X X1X . X X O X3O2
 8 X X . X X O O . @
 7 . . X O O O . . O
 6 X X O O X X O O O
 5 O O O X X O . O O
 4 . O . O . O O . O
 3 O . O O O . O O O
 2 . O . O . O . O .
 1 O . O . O . O O O

koPOSITIONALscoreAREAtaxNONEsui1komi7.5
Time taken: 1.28539
Root visits: 205
New playouts: 205
NN rows: 172
NN batches: 59
NN avg batch size: 2.91525
PV: J8 pass H8 B7
Tree:
: T 123.48c W 100.00c S  23.40c (+57.4 L +58.3) N     205  --  J8 pass H8 B7
---White(^)---
J8  : T 123.69c W 100.00c S  23.63c (+57.5 L +58.4) LCB  123.05c P 21.97% WF 326.7 PSV     731 N      46  --  J8 pass H8 B7
H8  : T 123.28c W 100.00c S  23.23c (+57.2 L +57.9) LCB  122.60c P 26.35% WF 338.2 PSV     339 N      47  --  H8 pass E4 A7
E4  : T 123.80c W 100.00c S  23.53c (+57.5 L +58.4) LCB  122.98c P 16.23% WF 253.2 PSV     253 N      36  --  E4 pass H8 A7
B7  : T 123.34c W 100.00c S  23.26c (+57.3 L +58.3) LCB  111.77c P  3.68% WF  54.3 PSV      31 N       8  --  B7 A7 H8 B7
G7  : T 123.18c W 100.00c S  23.24c (+57.2 L +58.3) LCB   94.79c P  2.79% WF  35.3 PSV      20 N       5  --  G7 D9
A7  : T 123.19c W 100.00c S  23.09c (+57.1 L +58.5) LCB   94.79c P  2.32% WF  34.2 PSV      17 N       5  --  A7 B7 J8
A2  : T 123.32c W 100.00c S  23.33c (+57.3 L +58.6) LCB   79.84c P  2.17% WF  28.1 PSV      17 N       4  --  A2 B7
A4  : T 123.39c W 100.00c S  23.40c (+57.4 L +58.5) LCB   79.92c P  2.11% WF  28.1 PSV      17 N       4  --  A4 B7
B1  : T 123.39c W 100.00c S  23.41c (+57.4 L +58.6) LCB   79.91c P  2.10% WF  28.2 PSV      17 N       4  --  B1 C8
H7  : T 123.37c W 100.00c S  23.44c (+57.4 L +58.6) LCB   79.90c P  1.84% WF  28.2 PSV      15 N       4  --  H7 D9

2026-07-09 17:44:22+0100: = J8
2026-07-09 17:44:22+0100: Controller: play B H8
2026-07-09 17:44:22+0100: = 
2026-07-09 17:44:22+0100: Controller: genmove W
2026-07-09 17:44:22+0100: MoveNum: 85 HASH: 37E99939EE82BE12E300CC53FAA02408
   A B C D E F G H J
 9 X X X . X X O X1O
 8 X X . X X O O X3O2
 7 . . X O O O . @ O
 6 X X O O X X O O O
 5 O O O X X O . O O
 4 . O . O . O O . O
 3 O . O O O . O O O
 2 . O . O . O . O .
 1 O . O . O . O O O

koPOSITIONALscoreAREAtaxNONEsui1komi7.5
Time taken: 0.323972
Root visits: 206
New playouts: 206
NN rows: 147
NN batches: 55
NN avg batch size: 2.67273
PV: H7 pass E4 B7 pass
Tree:
: T 123.26c W 100.00c S  23.23c (+57.3 L +58.0) N     206  --  H7 pass E4 B7 pass
---White(^)---
H7  : T 123.22c W 100.00c S  23.16c (+57.3 L +58.1) LCB  122.44c P 28.88% WF 314.9 PSV     315 N      44  --  H7 pass E4 B7 pass
E4  : T 123.31c W 100.00c S  23.19c (+57.3 L +58.0) LCB  122.39c P 17.34% WF 278.7 PSV     204 N      39  --  E4 pass H7 B7 pass
pss : T 122.73c W 100.00c S  22.72c (+56.9 L +57.4) LCB  121.69c P 15.04% WF 224.5 PSV     118 N      30  --  pass pass
B7  : T 122.76c W 100.00c S  22.71c (+57.0 L +57.9) LCB  102.57c P  4.39% WF  41.9 PSV      25 N       6  --  B7 A7 pass pass
G7  : T 123.65c W 100.00c S  23.72c (+57.7 L +58.4) LCB  108.64c P  2.66% WF  48.2 PSV      24 N       7  --  G7 pass H7
A2  : T 123.55c W 100.00c S  23.61c (+57.6 L +58.2) LCB  103.46c P  2.44% WF  41.7 PSV      20 N       6  --  A2 A7
A4  : T 123.61c W 100.00c S  23.65c (+57.6 L +58.2) LCB  103.52c P  2.33% WF  41.6 PSV      20 N       6  --  A4 D9
B1  : T 123.60c W 100.00c S  23.64c (+57.6 L +58.3) LCB  103.51c P  2.32% WF  41.6 PSV      20 N       6  --  B1 B7
A7  : T 123.05c W 100.00c S  23.09c (+57.2 L +58.2) LCB  102.84c P  3.00% WF  42.0 PSV      19 N       6  --  A7 B7 pass pass
J2  : T 123.55c W 100.00c S  23.58c (+57.6 L +58.1) LCB  103.47c P  2.10% WF  41.6 PSV      17 N       6  --  J2 A7

2026-07-09 17:44:22+0100: = H7
2026-07-09 17:44:22+0100: Controller: play B H9
2026-07-09 17:44:22+0100: = 
2026-07-09 17:44:22+0100: Controller: genmove W
2026-07-09 17:44:23+0100: MoveNum: 87 HASH: 6B8C467DA98BCE751A1E5E6DDF0B0773
   A B C D E F G H J
 9 X X X . X X O X3O
 8 X X . X X O O @1O
 7 . . X O O O . O2O
 6 X X O O X X O O O
 5 O O O X X O . O O
 4 . O . O . O O . O
 3 O . O O O . O O O
 2 . O . O . O . O .
 1 O . O . O . O O O

koPOSITIONALscoreAREAtaxNONEsui1komi7.5
Time taken: 0.349864
Root visits: 205
New playouts: 205
NN rows: 156
NN batches: 58
NN avg batch size: 2.68966
PV: H8 pass E4 B7
Tree:
: T 123.60c W 100.00c S  23.56c (+57.3 L +58.2) N     205  --  H8 pass E4 B7
---White(^)---
H8  : T 123.52c W 100.00c S  23.47c (+57.3 L +58.1) LCB  122.81c P 32.09% WF 324.1 PSV     324 N      45  --  H8 pass E4 B7
E4  : T 123.51c W 100.00c S  23.38c (+57.2 L +58.0) LCB  122.81c P 18.46% WF 316.9 PSV     186 N      44  --  E4 pass H8 B7
pss : T 123.20c W 100.00c S  23.17c (+57.0 L +57.6) LCB  120.92c P  7.26% WF 126.4 PSV      59 N      17  --  pass pass
B7  : T 123.56c W 100.00c S  23.46c (+57.2 L +58.1) LCB  115.78c P  4.80% WF  70.5 PSV      33 N      10  --  B7 A7 H8 B7
A7  : T 123.44c W 100.00c S  23.42c (+57.2 L +58.3) LCB  103.28c P  3.23% WF  42.4 PSV      21 N       6  --  A7 B7 pass pass
A2  : T 123.81c W 100.00c S  23.84c (+57.6 L +58.5) LCB  103.74c P  2.73% WF  41.6 PSV      21 N       6  --  A2 B7
B1  : T 123.87c W 100.00c S  23.92c (+57.6 L +58.5) LCB  103.81c P  2.60% WF  41.8 PSV      21 N       6  --  B1 A7
A4  : T 123.88c W 100.00c S  23.93c (+57.6 L +58.5) LCB  103.81c P  2.56% WF  41.6 PSV      21 N       6  --  A4 B7
G7  : T 123.68c W 100.00c S  23.75c (+57.5 L +58.2) LCB  103.61c P  2.82% WF  41.5 PSV      20 N       6  --  G7 A7
J2  : T 123.92c W 100.00c S  23.92c (+57.6 L +58.7) LCB  103.88c P  2.33% WF  42.0 PSV      19 N       6  --  J2 pass H8

2026-07-09 17:44:23+0100: = H8
2026-07-09 17:44:23+0100: Controller: play B D9
2026-07-09 17:44:23+0100: = 
2026-07-09 17:44:23+0100: Controller: genmove W
2026-07-09 17:44:23+0100: MoveNum: 89 HASH: FBBDC9D789BFBE0C6E14226D3ACAC9D5
   A B C D E F G H J
 9 X X X X3X X O .1O
 8 X X . X X O O O2O
 7 . . X O O O . O O
 6 X X O O X X O O O
 5 O O O X X O . O O
 4 . O . O @ O O . O
 3 O . O O O . O O O
 2 . O . O . O . O .
 1 O . O . O . O O O

koPOSITIONALscoreAREAtaxNONEsui1komi7.5
Time taken: 0.29304
Root visits: 204
New playouts: 197
NN rows: 118
NN batches: 49
NN avg batch size: 2.40816
PV: E4 pass pass
Tree:
: T 122.60c W 100.00c S  22.56c (+57.1 L +57.9) N     204  --  E4 pass pass
---White(^)---
E4  : T 122.39c W 100.00c S  22.39c (+57.0 L +57.6) LCB  121.73c P 33.32% WF 329.9 PSV     583 N      45  --  E4 pass pass
pss : T 122.05c W 100.00c S  22.06c (+56.7 L +57.0) LCB  121.47c P 22.73% WF 330.8 PSV     332 N      43  --  pass pass
B1  : T 123.56c W 100.00c S  23.27c (+57.7 L +59.0) LCB  113.97c P  2.45% WF  63.4 PSV      64 N       9  --  B1 pass E4 pass
B7  : T 122.47c W 100.00c S  22.45c (+57.0 L +57.7) LCB  114.62c P  5.11% WF  71.9 PSV      58 N      10  --  B7 A7 E4 pass pass
E2  : T 123.22c W 100.00c S  23.01c (+57.5 L +58.7) LCB  113.57c P  2.07% WF  62.7 PSV      54 N       9  --  E2 pass E4 pass
A2  : T 122.99c W 100.00c S  22.96c (+57.4 L +58.6) LCB  107.80c P  2.51% WF  49.2 PSV      46 N       7  --  A2 pass E4
G7  : T 122.79c W 100.00c S  22.77c (+57.3 L +58.4) LCB  107.67c P  2.61% WF  49.4 PSV      38 N       7  --  G7 pass E4
A4  : T 122.82c W 100.00c S  22.84c (+57.3 L +58.5) LCB  107.63c P  2.50% WF  49.0 PSV      37 N       7  --  A4 pass E4
B3  : T 122.96c W 100.00c S  22.87c (+57.4 L +58.6) LCB  102.61c P  2.15% WF  42.0 PSV      37 N       6  --  B3 pass E4
G2  : T 122.99c W 100.00c S  22.90c (+57.4 L +58.5) LCB  102.64c P  2.06% WF  42.2 PSV      37 N       6  --  G2 pass E4

2026-07-09 17:44:23+0100: = E4
2026-07-09 17:44:23+0100: Controller: play B E6
2026-07-09 17:44:23+0100: = 
2026-07-09 17:44:23+0100: Controller: genmove W
2026-07-09 17:44:24+0100: MoveNum: 91 HASH: C8D86E24C75CA3EA9230D4F5E9FF57B6
   A B C D E F G H J
 9 X X X X1X X O . O
 8 X X . X X O O O O
 7 . . X O O O . O O
 6 X X O O X3@ O O O
 5 O O O . . O . O O
 4 . O . O O2O O . O
 3 O . O O O . O O O
 2 . O . O . O . O .
 1 O . O . O . O O O

koPOSITIONALscoreAREAtaxNONEsui1komi7.5
Time taken: 0.266931
Root visits: 206
New playouts: 204
NN rows: 106
NN batches: 45
NN avg batch size: 2.35556
PV: F6 pass E5 pass B7 A7
Tree:
: T 122.87c W 100.00c S  22.83c (+57.0 L +57.8) N     206  --  F6 pass E5 pass B7 A7
---White(^)---
F6  : T 122.86c W 100.00c S  22.81c (+57.0 L +57.7) LCB  122.22c P 18.96% WF 330.3 PSV     555 N      45  --  F6 pass E5 pass B7 A7
E5  : T 122.92c W 100.00c S  22.85c (+57.0 L +57.8) LCB  122.16c P 23.24% WF 308.4 PSV     309 N      42  --  E5 pass F6 pass B7 A7
pss : T 122.48c W 100.00c S  22.47c (+56.7 L +57.0) LCB  121.82c P 22.67% WF 284.5 PSV     269 N      37  --  pass pass
A7  : T 123.32c W 100.00c S  23.29c (+57.3 L +58.4) LCB  103.13c P  2.58% WF  43.1 PSV      35 N       6  --  A7 B7 E5 pass
B7  : T 122.69c W 100.00c S  22.64c (+56.9 L +58.0) LCB  102.54c P  4.02% WF  42.1 PSV      34 N       6  --  B7 A7 pass pass
D5  : T 123.16c W 100.00c S  23.15c (+57.3 L +58.6) LCB   79.55c P  1.96% WF  27.7 PSV      22 N       4  --  D5 B7
A4  : T 123.15c W 100.00c S  23.09c (+57.2 L +58.5) LCB   79.56c P  1.90% WF  27.9 PSV      21 N       4  --  A4 A7
A2  : T 123.07c W 100.00c S  23.11c (+57.2 L +58.3) LCB   79.15c P  1.96% WF  28.9 PSV      20 N       4  --  A2 pass pass
B1  : T 123.05c W 100.00c S  23.03c (+57.2 L +58.2) LCB   94.37c P  1.88% WF  35.9 PSV      19 N       5  --  B1 pass pass
F1  : T 123.17c W 100.00c S  23.15c (+57.3 L +58.4) LCB   79.23c P  1.70% WF  28.8 PSV      19 N       4  --  F1 pass pass

2026-07-09 17:44:24+0100: = F6
2026-07-09 17:44:24+0100: Controller: play B E5
2026-07-09 17:44:24+0100: = 
2026-07-09 17:44:24+0100: Controller: genmove W
2026-07-09 17:44:24+0100: MoveNum: 93 HASH: B0D1AD7FEE620AF623AD1703F5B1657F
   A B C D E F G H J
 9 X X X X X X O . O
 8 X X . X X O O O O
 7 . . X O O O . O O
 6 X X O O X1O2O O O
 5 O O O @ X3O . O O
 4 . O . O O O O . O
 3 O . O O O . O O O
 2 . O . O . O . O .
 1 O . O . O . O O O

koPOSITIONALscoreAREAtaxNONEsui1komi7.5
Time taken: 0.302972
Root visits: 206
New playouts: 203
NN rows: 124
NN batches: 50
NN avg batch size: 2.48
PV: D5 pass A7 B7 pass pass
Tree:
: T 123.14c W 100.00c S  23.12c (+57.0 L +57.9) N     206  --  D5 pass A7 B7 pass pass
---White(^)---
D5  : T 123.05c W 100.00c S  23.04c (+56.9 L +57.7) LCB  122.56c P 35.16% WF 395.0 PSV     407 N      54  --  D5 pass A7 B7 pass pass
pss : T 122.80c W 100.00c S  22.81c (+56.7 L +57.0) LCB  122.32c P 23.39% WF 359.5 PSV     219 N      47  --  pass pass
B7  : T 123.26c W 100.00c S  23.25c (+57.1 L +57.8) LCB  115.49c P  4.35% WF  72.2 PSV      36 N      10  --  B7 A7 D5 pass pass
A7  : T 123.40c W 100.00c S  23.48c (+57.2 L +57.9) LCB  115.11c P  2.61% WF  43.3 PSV      23 N       6  --  A7 B7 D5 pass pass
B1  : T 123.44c W 100.00c S  23.45c (+57.2 L +58.8) LCB  103.38c P  2.47% WF  41.4 PSV      21 N       6  --  B1 B7 D5
A2  : T 123.26c W 100.00c S  23.29c (+57.1 L +58.4) LCB  108.19c P  2.57% WF  49.4 PSV      20 N       7  --  A2 pass D5
A4  : T 123.42c W 100.00c S  23.44c (+57.2 L +58.7) LCB  103.34c P  2.39% WF  41.3 PSV      20 N       6  --  A4 B7 D5
G7  : T 123.36c W 100.00c S  23.38c (+57.2 L +58.4) LCB  108.31c P  2.27% WF  49.6 PSV      19 N       7  --  G7 pass D5
J2  : T 123.40c W 100.00c S  23.38c (+57.2 L +58.4) LCB  103.18c P  2.26% WF  42.4 PSV      19 N       6  --  J2 pass D5
D1  : T 123.32c W 100.00c S  23.26c (+57.1 L +58.6) LCB   94.87c P  2.27% WF  34.3 PSV      18 N       5  --  D1 pass D5

2026-07-09 17:44:24+0100: = D5
2026-07-09 17:44:24+0100: Controller: play B E6
2026-07-09 17:44:24+0100: = 
2026-07-09 17:44:24+0100: Controller: genmove W
2026-07-09 17:44:24+0100: MoveNum: 95 HASH: 2D1037EADBCC4F01972E953BE73C5DC8
   A B C D E F G H J
 9 X X X X X X O . O
 8 X X . X X O O O O
 7 . . X O O O . O O
 6 X X O O X3O O O O
 5 O O O O2@1O . O O
 4 . O . O O O O . O
 3 O . O O O . O O O
 2 . O . O . O . O .
 1 O . O . O . O O O

koPOSITIONALscoreAREAtaxNONEsui1komi7.5
Time taken: 0.234094
Root visits: 206
New playouts: 203
NN rows: 98
NN batches: 39
NN avg batch size: 2.51282
PV: E5 pass pass
Tree:
: T 122.97c W 100.00c S  22.94c (+56.9 L +57.7) N     206  --  E5 pass pass
---White(^)---
E5  : T 122.93c W 100.00c S  22.92c (+56.8 L +57.4) LCB  122.39c P 32.82% WF 416.7 PSV     417 N      55  --  E5 pass pass
pss : T 122.68c W 100.00c S  22.68c (+56.6 L +56.8) LCB  122.26c P 25.15% WF 381.0 PSV     262 N      49  --  pass pass
B7  : T 123.05c W 100.00c S  23.05c (+56.9 L +57.7) LCB  115.25c P  4.87% WF  72.8 PSV      42 N      10  --  B7 A7 E5 pass pass
A7  : T 123.22c W 100.00c S  23.22c (+57.1 L +57.9) LCB  113.65c P  3.22% WF  50.5 PSV      29 N       7  --  A7 B7 pass pass
A2  : T 123.13c W 100.00c S  23.09c (+57.0 L +58.4) LCB  102.87c P  2.44% WF  42.0 PSV      20 N       6  --  A2 pass pass
A4  : T 123.14c W 100.00c S  23.10c (+57.0 L +58.3) LCB  102.88c P  2.38% WF  42.1 PSV      20 N       6  --  A4 pass pass
G7  : T 123.18c W 100.00c S  23.15c (+57.0 L +58.3) LCB  102.94c P  2.26% WF  42.1 PSV      20 N       6  --  G7 pass E5
C4  : T 123.32c W 100.00c S  23.19c (+57.1 L +58.8) LCB   94.86c P  2.08% WF  34.0 PSV      20 N       5  --  C4 pass E5
B1  : T 123.11c W 100.00c S  23.06c (+57.0 L +58.4) LCB  102.86c P  2.33% WF  42.1 PSV      19 N       6  --  B1 pass E5
J2  : T 123.26c W 100.00c S  23.24c (+57.1 L +58.4) LCB  103.02c P  2.08% WF  42.1 PSV      19 N       6  --  J2 pass E5

2026-07-09 17:44:24+0100: = E5
2026-07-09 17:44:24+0100: Controller: play B C8
2026-07-09 17:44:24+0100: = 
2026-07-09 17:44:24+0100: Controller: genmove W
2026-07-09 17:44:25+0100: MoveNum: 97 HASH: 42788821DC648BD283559EFC0AE2179F
   A B C D E F G H J
 9 X X X X X X O . O
 8 X X X3X X O O O O
 7 @ . X O O O . O O
 6 X X O O .1O O O O
 5 O O O O O2O . O O
 4 . O . O O O O . O
 3 O . O O O . O O O
 2 . O . O . O . O .
 1 O . O . O . O O O

koPOSITIONALscoreAREAtaxNONEsui1komi7.5
Time taken: 0.374318
Root visits: 206
New playouts: 206
NN rows: 171
NN batches: 62
NN avg batch size: 2.75806
PV: B7 A7 B7 pass pass
Tree:
: T 110.01c W 100.00c S   9.07c (+87.5 L +88.5) N     206  --  B7 A7 B7 pass pass
---White(^)---
B7  : T 110.82c W 100.00c S   9.95c (+87.8 L +88.8) LCB  106.32c P 26.72% WF 599.4 PSV     783 N      86  --  B7 A7 B7 pass pass
A7  : T 110.56c W 100.00c S   9.22c (+87.5 L +88.5) LCB  105.41c P 28.71% WF 607.6 PSV     606 N      86  --  A7 pass B7 pass pass
E6  : T 110.04c W 100.00c S   8.89c (+87.4 L +88.9) LCB   92.73c P  3.43% WF  59.0 PSV      29 N       9  --  E6 B7 A7 pass
H9  : T 109.29c W 100.00c S   9.27c (+87.6 L +88.8) LCB   89.50c P  2.60% WF  58.8 PSV      17 N       9  --  H9 pass A2
B1  : T 100.04c W 100.00c S   0.04c (+83.8 L +85.3) LCB -250.97c P  3.04% WF   5.8 PSV       5 N       1  --  B1
A2  : T 100.99c W 100.00c S   0.99c (+84.2 L +85.8) LCB -250.04c P  2.95% WF   5.9 PSV       5 N       1  --  A2
A4  : T 101.04c W 100.00c S   1.04c (+84.2 L +85.6) LCB -250.02c P  2.73% WF   5.8 PSV       5 N       1  --  A4
J2  : T 101.23c W 100.00c S   1.23c (+84.3 L +85.9) LCB -249.84c P  2.69% WF   5.9 PSV       5 N       1  --  J2
D1  : T  98.40c W 100.00c S  -1.60c (+82.9 L +84.5) LCB -252.55c P  2.96% WF   5.8 PSV       4 N       1  --  D1
F1  : T  99.55c W 100.00c S  -0.45c (+83.5 L +85.1) LCB -251.44c P  2.73% WF   5.8 PSV       4 N       1  --  F1

2026-07-09 17:44:25+0100: = A7
2026-07-09 17:44:25+0100: Controller: play B B7
2026-07-09 17:44:25+0100: = 
2026-07-09 17:44:25+0100: Controller: genmove W
2026-07-09 17:44:25+0100: MoveNum: 99 HASH: DFEE2DE8091632AB02E2777894E5C777
   A B C D E F G H J
 9 X X X X X X O . O
 8 X X X1X X O O O O
 7 @2X3X O O O . O O
 6 X X O O . O O O O
 5 O O O O O O . O O
 4 . O . O O O O . O
 3 O . O O O . O O O
 2 . O . O . O . O .
 1 O . O . O . O O O

koPOSITIONALscoreAREAtaxNONEsui1komi7.5
Time taken: 0.312998
Root visits: 204
New playouts: 158
NN rows: 157
NN batches: 54
NN avg batch size: 2.90741
PV: A7 A6 B6 B8 B9
Tree:
: T 120.66c W 100.00c S  20.16c (+87.8 L +88.9) N     204  --  A7 A6 B6 B8 B9
---White(^)---
A7  : T 121.60c W 100.00c S  20.96c (+88.1 L +89.3) LCB  118.71c P 45.96% WF 1092.5 PSV    1086 N     158  --  A7 A6 B6 B8 B9
J2  : T 119.33c W 100.00c S  13.84c (+85.3 L +86.4) LCB   84.49c P  3.12% WF  38.1 PSV      16 N       6  --  J2 pass A7 pass
H9  : T 119.10c W 100.00c S  20.27c (+87.8 L +89.0) LCB   97.53c P  3.15% WF  47.2 PSV      14 N       7  --  H9 pass A7 C8
A2  : T 117.18c W 100.00c S  18.27c (+86.8 L +88.1) LCB   89.35c P  4.12% WF  38.8 PSV      13 N       6  --  A2 pass A7 pass
B1  : T 117.32c W 100.00c S  18.45c (+86.9 L +88.2) LCB   89.52c P  4.03% WF  38.8 PSV      13 N       6  --  B1 pass A7 pass
E6  : T 116.77c W 100.00c S  19.91c (+87.6 L +88.9) LCB   66.78c P  3.77% WF  26.3 PSV      11 N       4  --  E6 A7 pass
A4  : T 115.64c W 100.00c S  19.04c (+87.3 L +88.5) LCB   64.68c P  3.78% WF  26.0 PSV       9 N       4  --  A4 A7 pass
D1  : T 113.57c W 100.00c S  13.57c (+83.7 L +85.2) LCB -237.66c P  3.51% WF   5.9 PSV       6 N       1  --  D1
C2  : T 114.57c W 100.00c S  14.57c (+84.1 L +85.4) LCB -236.61c P  3.03% WF   5.9 PSV       6 N       1  --  C2
C4  : T 114.81c W 100.00c S  14.81c (+84.2 L +85.6) LCB -236.39c P  2.72% WF   6.0 PSV       6 N       1  --  C4

2026-07-09 17:44:25+0100: = A7
2026-07-09 17:44:25+0100: Controller: play B pass
2026-07-09 17:44:25+0100: = 
2026-07-09 17:44:25+0100: Controller: genmove W
2026-07-09 17:44:25+0100: MoveNum: 101 HASH: 640252FFE69A3F35BE5B001EE7569A79
   A B C D E F G H J
 9 . . . . . . O . O
 8 . . . . . O O O O
 7 O2.1. O O O . O O
 6 . . O O . O O O O
 5 O O O O O O . O O
 4 . O . O O O O . O
 3 O . O O O . O O O
 2 . O . O . O . O .
 1 O . O . O . O O O

koPOSITIONALscoreAREAtaxNONEsui1komi7.5
Time taken: 0.0940068
Root visits: 106
New playouts: 106
NN rows: 37
NN batches: 16
NN avg batch size: 2.3125
PV: pass B7 B8 C8
Tree:
: T 118.23c W 100.00c S  17.71c (+87.6 L +88.6) N     106  --  pass B7 B8 C8
---White(^)---
pss : T 121.15c W 100.00c S  20.82c (+89.0 L +90.0) LCB  115.85c P 21.38% WF 389.3 PSV     474 N      53  --  pass B7 B8 C8
A6  : T 119.64c W 100.00c S  18.81c (+88.1 L +88.9) LCB  111.36c P 44.43% WF 245.3 PSV     245 N      34  --  A6 pass pass
B6  : T 105.22c W 100.00c S   5.22c (+81.6 L +83.7) LCB -245.99c P  2.77% WF   5.2 PSV       2 N       1  --  B6
A2  : T 101.83c W 100.00c S   1.83c (+80.2 L +82.0) LCB -249.27c P  2.04% WF   5.0 PSV       1 N       1  --  A2
B1  : T 102.20c W 100.00c S   2.20c (+80.3 L +82.2) LCB -248.90c P  1.99% WF   5.0 PSV       1 N       1  --  B1
A8  : T 101.97c W 100.00c S   1.97c (+80.1 L +81.8) LCB -249.10c P  1.96% WF   4.9 PSV       1 N       1  --  A8
F9  : T  99.92c W 100.00c S  -0.08c (+79.1 L +80.8) LCB -251.08c P  1.66% WF   5.1 PSV       1 N       1  --  F9
B7  : T 102.68c W 100.00c S   2.68c (+80.5 L +82.7) LCB -248.43c P  1.62% WF   4.9 PSV       1 N       1  --  B7
H9  : T 102.60c W 100.00c S   2.60c (+80.5 L +82.1) LCB -248.50c P  1.44% WF   5.1 PSV       1 N       1  --  H9
A4  : T  99.92c W 100.00c S  -0.08c (+79.1 L +80.8) LCB -251.07c P  1.52% WF   5.1 PSV       0 N       1  --  A4

2026-07-09 17:44:25+0100: = pass
2026-07-09 17:44:25+0100: Controller: quit
2026-07-09 17:44:25+0100: Quit requested by controller
2026-07-09 17:44:25+0100: = 
2026-07-09 17:44:25+0100: GPU -1 finishing, processed 10052 rows 3488 batches
2026-07-09 17:44:26+0100: All cleaned up, quitting
