2026-07-09 18:39:38+0100: Running with following config:
allowResignation = true
lagBuffer = 1.0
logAllGTPCommunication = true
logDir = gtp_logs
logSearchInfo = true
logSearchInfoForChosenMove = false
logToStderr = false
maxTimePondering = 60.0
maxVisits = 500
numSearchThreads = 6
ponderingEnabled = false
resignConsecTurns = 3
resignThreshold = -0.90
rules = tromp-taylor
searchFactorAfterOnePass = 0.50
searchFactorAfterTwoPass = 0.25
searchFactorWhenWinning = 0.40
searchFactorWhenWinningThreshold = 0.95

2026-07-09 18:39:38+0100: GTP Engine starting...
2026-07-09 18:39:38+0100: KataGo v1.16.5
2026-07-09 18:39:38+0100: Using TrompTaylor rules initially, unless GTP/GUI overrides this
2026-07-09 18:39:38+0100: Using 6 CPU thread(s) for search
2026-07-09 18:39:38+0100: nnRandSeed0 = 2645780366659891532
2026-07-09 18:39:38+0100: After dedups: nnModelFile0 = /Users/mettamazza/.katago/default_model.bin.gz useFP16 auto useNHWC auto
2026-07-09 18:39:38+0100: Initializing neural net buffer to be size 19 * 19 exactly
2026-07-09 18:39:39+0100: Loaded neural net with nnXLen 19 nnYLen 19
2026-07-09 18:39:39+0100: Initializing board with boardXSize 19 boardYSize 19
2026-07-09 18:39:39+0100: Loaded config /Users/mettamazza/.katago/default_gtp.cfg
2026-07-09 18:39:39+0100: Loaded model /Users/mettamazza/.katago/default_model.bin.gz
2026-07-09 18:39:39+0100: Model name: b18c384nbt-humanv0
2026-07-09 18:39:39+0100: GTP ready, beginning main protocol loop
2026-07-09 18:39:39+0100: Controller: clear_board
2026-07-09 18:39:39+0100: = 
2026-07-09 18:39:39+0100: Controller: quit
2026-07-09 18:39:39+0100: Quit requested by controller
2026-07-09 18:39:39+0100: = 
2026-07-09 18:39:39+0100: GPU -1 finishing, processed 0 rows 0 batches
2026-07-09 18:39:39+0100: All cleaned up, quitting
