2026-07-09 19:05:58+0100: Running with following config:
allowResignation = true
lagBuffer = 1.0
logAllGTPCommunication = true
logDir = gtp_logs
logSearchInfo = true
logSearchInfoForChosenMove = false
logToStderr = false
maxTimePondering = 60.0
maxVisits = 500
numSearchThreads = 6
ponderingEnabled = false
resignConsecTurns = 3
resignThreshold = -0.90
rules = tromp-taylor
searchFactorAfterOnePass = 0.50
searchFactorAfterTwoPass = 0.25
searchFactorWhenWinning = 0.40
searchFactorWhenWinningThreshold = 0.95

2026-07-09 19:05:58+0100: GTP Engine starting...
2026-07-09 19:05:58+0100: KataGo v1.16.5
2026-07-09 19:05:58+0100: Using TrompTaylor rules initially, unless GTP/GUI overrides this
2026-07-09 19:05:58+0100: Using 6 CPU thread(s) for search
2026-07-09 19:05:58+0100: nnRandSeed0 = 5574763518025024241
2026-07-09 19:05:58+0100: After dedups: nnModelFile0 = /Users/mettamazza/.katago/default_model.bin.gz useFP16 auto useNHWC auto
2026-07-09 19:05:58+0100: Initializing neural net buffer to be size 19 * 19 exactly
2026-07-09 19:05:59+0100: Loaded neural net with nnXLen 19 nnYLen 19
2026-07-09 19:05:59+0100: Initializing board with boardXSize 19 boardYSize 19
2026-07-09 19:05:59+0100: Loaded config /Users/mettamazza/.katago/default_gtp.cfg
2026-07-09 19:05:59+0100: Loaded model /Users/mettamazza/.katago/default_model.bin.gz
2026-07-09 19:05:59+0100: Model name: kata1-b18c384nbt-softplusfixv13-s5971481344-d3261785976
2026-07-09 19:05:59+0100: GTP ready, beginning main protocol loop
2026-07-09 19:05:59+0100: Controller: boardsize 19
2026-07-09 19:05:59+0100: = 
2026-07-09 19:05:59+0100: Controller: clear_board
2026-07-09 19:05:59+0100: = 
2026-07-09 19:05:59+0100: Controller: play B K10
2026-07-09 19:05:59+0100: = 
2026-07-09 19:05:59+0100: Controller: genmove W
2026-07-09 19:06:03+0100: MoveNum: 1 HASH: 7BC546600F28A10FEF906A96B1D6386D
   A B C D E F G H J K L M N O P Q R S T
19 . . . . . . . . . . . . . . . . . . .
18 . . . . . . . . . . . . . . . . . . .
17 . . . . . . . . . . . . . . . . . . .
16 . . . . . . . . . . . . . . . . . . .
15 . . . . . . . . . . . . . . . . . . .
14 . . . . . . . . . . . . . . . . . . .
13 . . . . . . . . . . . . . . . . . . .
12 . . . . . . . . . . . . . . . . . . .
11 . . . . . . . . . . . . . . . . . . .
10 . . . . . . . . . X1. . . . . . . . .
 9 . . . . . . . . . . . . . . . . . . .
 8 . . . . . . . . . . . . . . . . . . .
 7 . . . . . . . . . . . . . . . . . . .
 6 . . . . . . . . . . . . . . . . . . .
 5 . . . . . . . . . . . . . . . . . . .
 4 . . @ . . . . . . . . . . . . . . . .
 3 . . . . . . . . . . . . . . . . . . .
 2 . . . . . . . . . . . . . . . . . . .
 1 . . . . . . . . . . . . . . . . . . .

koPOSITIONALscoreAREAtaxNONEsui1komi7.5
Time taken: 4.19501
Root visits: 505
New playouts: 505
NN rows: 490
NN batches: 165
NN avg batch size: 2.9697
PV: C4 Q16 Q4 D16 F3 R3 R4 Q3 P3 P2
Tree:
: T  34.51c W  34.13c S   0.59c ( +2.3 L  +1.6) N     505  --  C4 Q16 Q4 D16 F3 R3 R4
---White(^)---
C4  : T  35.29c W  34.81c S   0.69c ( +2.4 L  +1.6) LCB   34.40c P  4.55% WF 398.9 PSV     809 N     163  --  C4 Q16 Q4 D16 F3 R3 R4 Q3
D4  : T  35.13c W  34.71c S   0.63c ( +2.4 L  +1.6) LCB   34.29c P 12.00% WF 672.5 PSV     671 N     271  --  D4 Q16 R4 D16 O3 C6 F3 C14
C5  : T  33.14c W  32.97c S   0.55c ( +2.3 L  +1.6) LCB   28.24c P  0.41% WF  30.2 PSV       2 N      13  --  C5 Q16 D3 Q3
C3  : T  29.64c W  30.81c S   0.33c ( +2.1 L  +1.7) LCB -121.21c P  0.92% WF   4.2 PSV       2 N       2  --  C3 Q16
D5  : T  31.10c W  31.82c S   0.43c ( +2.2 L  +1.5) LCB    3.01c P  0.40% WF   9.8 PSV       1 N       5  --  D5 C3 E3 C5 C6
C6  : T  28.68c W  28.63c S   0.05c ( +1.8 L  +1.4) LCB -321.32c P  0.05% WF   1.9 PSV       0 N       1  --  C6
D6  : T  24.18c W  24.48c S  -0.31c ( +1.5 L  +1.1) LCB -325.82c P  0.03% WF   1.8 PSV       0 N       1  --  D6
D10 : T  31.52c W  31.14c S   0.38c ( +2.1 L  +1.5) LCB -318.48c P  0.02% WF   2.0 PSV       0 N       1  --  D10
D9  : T  29.67c W  29.46c S   0.21c ( +2.0 L  +1.3) LCB -320.33c P  0.02% WF   2.0 PSV       0 N       1  --  D9
C7  : T  26.83c W  26.91c S  -0.08c ( +1.7 L  +1.3) LCB -323.17c P  0.02% WF   1.9 PSV       0 N       1  --  C7

2026-07-09 19:06:03+0100: = C4
2026-07-09 19:06:04+0100: Controller: play B D4
2026-07-09 19:06:04+0100: = 
2026-07-09 19:06:04+0100: Controller: genmove W
2026-07-09 19:06:07+0100: MoveNum: 3 HASH: A26759D41183034C2E844F833BCB69E1
   A B C D E F G H J K L M N O P Q R S T
19 . . . . . . . . . . . . . . . . . . .
18 . . . . . . . . . . . . . . . . . . .
17 . . . . . . . . . . . . . . . . . . .
16 . . . . . . . . . . . . . . . . . . .
15 . . . . . . . . . . . . . . . . . . .
14 . . . . . . . . . . . . . . . . . . .
13 . . . . . . . . . . . . . . . . . . .
12 . . . . . . . . . . . . . . . . . . .
11 . . . . . . . . . . . . . . . . . . .
10 . . . . . . . . . X1. . . . . . . . .
 9 . . . . . . . . . . . . . . . . . . .
 8 . . . . . . . . . . . . . . . . . . .
 7 . . . . . . . . . . . . . . . . . . .
 6 . . . . . . . . . . . . . . . . . . .
 5 . . . . . . . . . . . . . . . . . . .
 4 . . O2X3. . . . . . . . . . . . . . .
 3 . . . @ . . . . . . . . . . . . . . .
 2 . . . . . . . . . . . . . . . . . . .
 1 . . . . . . . . . . . . . . . . . . .

koPOSITIONALscoreAREAtaxNONEsui1komi7.5
Time taken: 2.44231
Root visits: 505
New playouts: 505
NN rows: 476
NN batches: 160
NN avg batch size: 2.975
PV: D3 E3 C3 Q16 Q4 D16 D5 R3
Tree:
: T  43.81c W  43.02c S   1.06c ( +3.1 L  +2.2) N     505  --  D3 E3 C3 Q16 Q4 D16 D5
---White(^)---
D3  : T  44.41c W  43.52c S   1.11c ( +3.1 L  +2.2) LCB   43.77c P 78.43% WF 976.7 PSV     974 N     459  --  D3 E3 C3 Q16 Q4 D16 D5 R3
C3  : T  40.85c W  40.62c S   0.83c ( +2.9 L  +2.0) LCB   36.98c P 18.27% WF  60.2 PSV      48 N      29  --  C3 D5 C5 D6 E2 Q16 C16 Q4
C5  : T  31.41c W  33.66c S   0.15c ( +2.2 L  +1.7) LCB    2.39c P  0.90% WF   9.5 PSV       0 N       5  --  C5 D3 C3 Q4
D5  : T  31.45c W  34.32c S   0.24c ( +2.3 L  +1.7) LCB  -12.21c P  0.31% WF   6.7 PSV       0 N       4  --  D5 C3 B3 D3
Q4  : T  26.29c W  26.69c S  -0.40c ( +1.7 L  +1.2) LCB -323.71c P  0.15% WF   1.7 PSV       0 N       1  --  Q4
D16 : T  27.42c W  27.72c S  -0.30c ( +1.8 L  +1.3) LCB -322.58c P  0.14% WF   1.8 PSV       0 N       1  --  D16
Q16 : T  24.86c W  25.45c S  -0.59c ( +1.5 L  +1.1) LCB -325.14c P  0.13% WF   1.7 PSV       0 N       1  --  Q16
R4  : T  22.87c W  23.52c S  -0.65c ( +1.4 L  +1.1) LCB -327.13c P  0.07% WF   1.5 PSV       0 N       1  --  R4
D17 : T  22.27c W  22.92c S  -0.65c ( +1.4 L  +1.0) LCB -327.73c P  0.07% WF   1.4 PSV       0 N       1  --  D17
Q3  : T  24.20c W  24.70c S  -0.50c ( +1.6 L  +1.1) LCB -325.80c P  0.07% WF   1.4 PSV       0 N       1  --  Q3

2026-07-09 19:06:07+0100: = D3
2026-07-09 19:06:08+0100: Controller: play B D2
2026-07-09 19:06:08+0100: = 
2026-07-09 19:06:08+0100: Controller: genmove W
2026-07-09 19:06:09+0100: MoveNum: 5 HASH: 998CCDFFD37566F09A80C3ACE1996FAD
   A B C D E F G H J K L M N O P Q R S T
19 . . . . . . . . . . . . . . . . . . .
18 . . . . . . . . . . . . . . . . . . .
17 . . . . . . . . . . . . . . . . . . .
16 . . . . . . . . . . . . . . . . . . .
15 . . . . . . . . . . . . . . . . . . .
14 . . . . . . . . . . . . . . . . . . .
13 . . . . . . . . . . . . . . . . . . .
12 . . . . . . . . . . . . . . . . . . .
11 . . . . . . . . . . . . . . . . . . .
10 . . . . . . . . . X . . . . . . . . .
 9 . . . . . . . . . . . . . . . . . . .
 8 . . . . . . . . . . . . . . . . . . .
 7 . . . . . . . . . . . . . . . . . . .
 6 . . . . . . . . . . . . . . . . . . .
 5 . . . . . . . . . . . . . . . . . . .
 4 . . O X1. . . . . . . . . . . . . . .
 3 . . . O2@ . . . . . . . . . . . . . .
 2 . . . X3. . . . . . . . . . . . . . .
 1 . . . . . . . . . . . . . . . . . . .

koPOSITIONALscoreAREAtaxNONEsui1komi7.5
Time taken: 1.56228
Root visits: 503
New playouts: 503
NN rows: 465
NN batches: 157
NN avg batch size: 2.96178
PV: E3 C3 E2 Q16 D16 B4 C5 B2 B5 Q4 F17
Tree:
: T  91.80c W  88.20c S   3.58c ( +9.9 L  +7.7) N     503  --  E3 C3 E2 Q16 D16 B4 C5
---White(^)---
E3  : T  92.60c W  88.79c S   3.69c (+10.0 L  +7.8) LCB   91.42c P 83.37% WF 813.1 PSV     810 N     457  --  E3 C3 E2 Q16 D16 B4 C5 B2
E4  : T  81.20c W  80.60c S   2.21c ( +8.6 L  +6.5) LCB   72.52c P  7.96% WF  26.5 PSV       8 N      20  --  E4 D5 C3 E3 E5 C5 F3 E2
D5  : T  70.50c W  73.55c S   0.66c ( +7.1 L  +5.3) LCB   48.61c P  7.49% WF   7.4 PSV       4 N       6  --  D5 E4 E3 C3 F3
C3  : T  81.79c W  80.66c S   2.14c ( +8.5 L  +6.5) LCB   66.12c P  0.83% WF  14.6 PSV       0 N      11  --  C3 E3 E4 D5 E5 C5 F3 E2
E2  : T  61.03c W  62.18c S  -1.15c ( +5.3 L  +3.8) LCB -288.97c P  0.02% WF   0.5 PSV       0 N       1  --  E2
C2  : T  51.39c W  53.50c S  -2.11c ( +4.3 L  +3.1) LCB -298.61c P  0.01% WF   0.3 PSV       0 N       1  --  C2
Q16 : T  51.02c W  52.67c S  -1.64c ( +4.7 L  +3.4) LCB -298.98c P  0.01% WF   0.2 PSV       0 N       1  --  Q16
Q4  : T  54.01c W  55.31c S  -1.30c ( +5.1 L  +3.7) LCB -295.99c P  0.01% WF   0.2 PSV       0 N       1  --  Q4
D16 : T  55.21c W  56.45c S  -1.24c ( +5.2 L  +3.8) LCB -294.79c P  0.01% WF   0.2 PSV       0 N       1  --  D16
C16 : T  55.29c W  56.58c S  -1.29c ( +5.1 L  +3.7) LCB -294.71c P  0.01% WF   0.2 PSV       0 N       1  --  C16

2026-07-09 19:06:09+0100: = E3
2026-07-09 19:06:11+0100: Controller: play B F3
2026-07-09 19:06:11+0100: = 
2026-07-09 19:06:11+0100: Controller: genmove W
2026-07-09 19:06:12+0100: MoveNum: 7 HASH: 32F49E0ABB7BC4119712788EBE66F200
   A B C D E F G H J K L M N O P Q R S T
19 . . . . . . . . . . . . . . . . . . .
18 . . . . . . . . . . . . . . . . . . .
17 . . . . . . . . . . . . . . . . . . .
16 . . . . . . . . . . . . . . . . . . .
15 . . . . . . . . . . . . . . . . . . .
14 . . . . . . . . . . . . . . . . . . .
13 . . . . . . . . . . . . . . . . . . .
12 . . . . . . . . . . . . . . . . . . .
11 . . . . . . . . . . . . . . . . . . .
10 . . . . . . . . . X . . . . . . . . .
 9 . . . . . . . . . . . . . . . . . . .
 8 . . . . . . . . . . . . . . . . . . .
 7 . . . . . . . . . . . . . . . . . . .
 6 . . . . . . . . . . . . . . . . . . .
 5 . . . . . . . . . . . . . . . . . . .
 4 . . O X @ . . . . . . . . . . . . . .
 3 . . . O O2X3. . . . . . . . . . . . .
 2 . . . X1. . . . . . . . . . . . . . .
 1 . . . . . . . . . . . . . . . . . . .

koPOSITIONALscoreAREAtaxNONEsui1komi7.5
Time taken: 1.56941
Root visits: 505
New playouts: 505
NN rows: 464
NN batches: 156
NN avg batch size: 2.97436
PV: E4 E2 F4 G3 C2 Q4 J4 J2 Q16
Tree:
: T  98.08c W  93.93c S   4.29c (+12.3 L  +9.9) N     505  --  E4 E2 F4 G3 C2 Q4 J4
---White(^)---
E4  : T  99.12c W  94.78c S   4.57c (+12.6 L +10.1) LCB   98.05c P 15.19% WF 330.2 PSV     983 N     153  --  E4 E2 F4 G3 C2 Q4 J4 J2
E2  : T  98.34c W  94.08c S   4.31c (+12.3 L +10.0) LCB   97.34c P 43.28% WF 437.4 PSV     437 N     216  --  E2 E4 C3 Q16 Q4 D16 C17
F4  : T  95.83c W  92.25c S   4.00c (+12.0 L  +9.6) LCB   92.34c P 36.43% WF 136.5 PSV     120 N      80  --  F4 C3 G3 B4 C5 B2 E2 C6
Q4  : T  97.46c W  93.28c S   3.99c (+12.0 L  +9.5) LCB   93.39c P  0.32% WF  55.2 PSV       1 N      31  --  Q4 E2 E4 F4 C2 E6 F5 E5
Q16 : T  96.84c W  92.77c S   3.52c (+11.5 L  +9.0) LCB   92.64c P  0.31% WF  30.4 PSV       1 N      18  --  Q16 E2 E4 F4 C2 E6 F5
C3  : T  87.81c W  88.04c S   1.63c ( +9.6 L  +7.4) LCB   13.45c P  0.24% WF   5.1 PSV       0 N       3  --  C3 F4 E2
D16 : T  93.63c W  91.20c S   2.60c (+10.6 L  +8.1) LCB   19.67c P  0.23% WF   5.0 PSV       0 N       3  --  D16 E2

2026-07-09 19:06:12+0100: = E4
2026-07-09 19:06:14+0100: Controller: play B B4
2026-07-09 19:06:14+0100: = 
2026-07-09 19:06:14+0100: Controller: genmove W
2026-07-09 19:06:16+0100: MoveNum: 9 HASH: DFE1C4FBF9B28254E40AEF5E24BF87E3
   A B C D E F G H J K L M N O P Q R S T
19 . . . . . . . . . . . . . . . . . . .
18 . . . . . . . . . . . . . . . . . . .
17 . . . . . . . . . . . . . . . . . . .
16 . . . . . . . . . . . . . . . . . . .
15 . . . . . . . . . . . . . . . . . . .
14 . . . . . . . . . . . . . . . . . . .
13 . . . . . . . . . . . . . . . . . . .
12 . . . . . . . . . . . . . . . . . . .
11 . . . . . . . . . . . . . . . . . . .
10 . . . . . . . . . X . . . . . . . . .
 9 . . . . . . . . . . . . . . . . . . .
 8 . . . . . . . . . . . . . . . . . . .
 7 . . . . . . . . . . . . . . . . . . .
 6 . . . . . . . . . . . . . . . . . . .
 5 . . . . . . . . . . . . . . . . . . .
 4 . X3O X O2. . . . . . . . . . . . . .
 3 . @ . O O X1. . . . . . . . . . . . .
 2 . . . X . . . . . . . . . . . . . . .
 1 . . . . . . . . . . . . . . . . . . .

koPOSITIONALscoreAREAtaxNONEsui1komi7.5
Time taken: 2.22201
Root visits: 505
New playouts: 505
NN rows: 414
NN batches: 139
NN avg batch size: 2.97842
PV: B3 Q4 R16 D16 H3 P17
Tree:
: T 102.95c W  97.61c S   5.37c (+15.7 L +13.4) N     505  --  B3 Q4 R16 D16 H3 P17
---White(^)---
B3  : T 102.87c W  97.65c S   5.31c (+15.7 L +13.5) LCB  102.58c P 12.24% WF 208.4 PSV     331 N      79  --  B3 Q4 R16 D16 H3 P17
Q16 : T 103.00c W  97.63c S   5.39c (+15.8 L +13.4) LCB  102.40c P 13.16% WF 221.4 PSV     222 N      87  --  Q16 C3 D5 B2 E2 C6 D6 C7
Q4  : T 103.15c W  97.69c S   5.46c (+15.8 L +13.5) LCB  102.39c P  9.12% WF 221.9 PSV     222 N      87  --  Q4 C3 D5 B2 E2 C6 D16 Q16
D16 : T 103.08c W  97.67c S   5.46c (+15.8 L +13.4) LCB  102.24c P  6.87% WF 147.5 PSV     147 N      58  --  D16 C3 D5 B2 E2 C6 Q4 Q16
R4  : T 103.24c W  97.68c S   5.63c (+16.0 L +13.5) LCB  101.99c P  3.06% WF  93.1 PSV      90 N      37  --  R4 C3 D5 B2 E2 C6 C16
E2  : T 102.33c W  97.48c S   4.91c (+15.3 L +13.0) LCB  101.49c P  8.92% WF  87.7 PSV      84 N      34  --  E2 Q16 C16 Q3
Q17 : T 103.17c W  97.61c S   5.51c (+15.9 L +13.6) LCB  101.86c P  3.05% WF  86.1 PSV      78 N      34  --  Q17 C3 D5 B2 Q4 D16 E2
D17 : T 102.95c W  97.48c S   5.45c (+15.8 L +13.5) LCB  101.15c P  2.98% WF  58.5 PSV      52 N      24  --  D17 C3 D5 B2 Q4 Q16
Q3  : T 102.99c W  97.60c S   5.43c (+15.8 L +13.5) LCB  100.89c P  2.36% WF  46.9 PSV      44 N      19  --  Q3 C3 D5 B2 Q16 D16 E2
C16 : T 102.90c W  97.55c S   5.29c (+15.7 L +13.3) LCB  100.69c P  2.37% WF  42.1 PSV      39 N      17  --  C16 C3 D5 B2 E2 C6

2026-07-09 19:06:16+0100: = B3
2026-07-09 19:06:19+0100: Controller: play B D5
2026-07-09 19:06:19+0100: = 
2026-07-09 19:06:19+0100: Controller: genmove W
2026-07-09 19:06:20+0100: MoveNum: 11 HASH: F8770E6E84379D6D92EFCA8E93BB0E53
   A B C D E F G H J K L M N O P Q R S T
19 . . . . . . . . . . . . . . . . . . .
18 . . . . . . . . . . . . . . . . . . .
17 . . . . . . . . . . . . . . . . . . .
16 . . . @ . . . . . . . . . . . . . . .
15 . . . . . . . . . . . . . . . . . . .
14 . . . . . . . . . . . . . . . . . . .
13 . . . . . . . . . . . . . . . . . . .
12 . . . . . . . . . . . . . . . . . . .
11 . . . . . . . . . . . . . . . . . . .
10 . . . . . . . . . X . . . . . . . . .
 9 . . . . . . . . . . . . . . . . . . .
 8 . . . . . . . . . . . . . . . . . . .
 7 . . . . . . . . . . . . . . . . . . .
 6 . . . . . . . . . . . . . . . . . . .
 5 . . . X3. . . . . . . . . . . . . . .
 4 . X1O X O . . . . . . . . . . . . . .
 3 . O2. O O X . . . . . . . . . . . . .
 2 . . . X . . . . . . . . . . . . . . .
 1 . . . . . . . . . . . . . . . . . . .

koPOSITIONALscoreAREAtaxNONEsui1komi7.5
Time taken: 1.30255
Root visits: 504
New playouts: 504
NN rows: 376
NN batches: 127
NN avg batch size: 2.96063
PV: D16 C5 C3 Q4 Q16 H3 G4
Tree:
: T 104.17c W  98.29c S   5.83c (+17.2 L +15.0) N     504  --  D16 C5 C3 Q4 Q16 H3 G4
---White(^)---
D16 : T 104.55c W  98.35c S   6.04c (+17.4 L +15.2) LCB  104.12c P  6.15% WF 259.2 PSV    1407 N      92  --  D16 C5 C3 Q4 Q16 H3 G4
C5  : T 104.02c W  98.34c S   5.75c (+17.1 L +15.0) LCB  103.85c P 35.76% WF 368.8 PSV     370 N     127  --  C5 Q16 Q4 D16 H3 R6
Q4  : T 104.38c W  98.36c S   5.91c (+17.3 L +15.1) LCB  104.02c P  4.80% WF 245.6 PSV      69 N      87  --  Q4 C5 C3 D16 Q16 C9 E5 H3
Q16 : T 104.34c W  98.37c S   5.93c (+17.3 L +15.1) LCB  103.83c P  4.25% WF 196.4 PSV      58 N      69  --  Q16 C5 C3 D16 Q4 C9 E5 H3
C16 : T 104.42c W  98.30c S   5.97c (+17.3 L +15.2) LCB  103.42c P  1.90% WF  80.2 PSV      28 N      29  --  C16 C5 C3 Q4 Q16 H3 G4
D17 : T 104.21c W  98.23c S   5.85c (+17.2 L +15.1) LCB  102.85c P  2.02% WF  64.7 PSV      24 N      24  --  D17 C5 C3 Q4 Q16 D15 C9
R16 : T 104.09c W  98.14c S   5.74c (+17.1 L +15.0) LCB  100.56c P  2.05% WF  48.8 PSV      22 N      19  --  R16 C5 C3 D16 Q4 P16
R4  : T 103.99c W  98.16c S   5.78c (+17.1 L +15.0) LCB  101.48c P  2.03% WF  43.2 PSV      20 N      16  --  R4 C5 C3 D16 Q16 H3 F4
Q17 : T 104.01c W  98.10c S   5.65c (+17.0 L +14.9) LCB  101.71c P  2.00% WF  40.3 PSV      20 N      15  --  Q17 C5 C3 D16 Q4 H3 G4
Q3  : T 103.87c W  98.10c S   5.61c (+16.9 L +14.9) LCB   98.85c P  1.71% WF  31.7 PSV      15 N      12  --  Q3 C5 C3 D16 Q16 C9

2026-07-09 19:06:20+0100: = D16
2026-07-09 19:06:24+0100: Controller: play B E16
2026-07-09 19:06:24+0100: = 
2026-07-09 19:06:24+0100: Controller: genmove W
2026-07-09 19:06:25+0100: MoveNum: 13 HASH: 0008F2AE619178BD882FCC18DFF95037
   A B C D E F G H J K L M N O P Q R S T
19 . . . . . . . . . . . . . . . . . . .
18 . . . . . . . . . . . . . . . . . . .
17 . . . . @ . . . . . . . . . . . . . .
16 . . . O2X3. . . . . . . . . . . . . .
15 . . . . . . . . . . . . . . . . . . .
14 . . . . . . . . . . . . . . . . . . .
13 . . . . . . . . . . . . . . . . . . .
12 . . . . . . . . . . . . . . . . . . .
11 . . . . . . . . . . . . . . . . . . .
10 . . . . . . . . . X . . . . . . . . .
 9 . . . . . . . . . . . . . . . . . . .
 8 . . . . . . . . . . . . . . . . . . .
 7 . . . . . . . . . . . . . . . . . . .
 6 . . . . . . . . . . . . . . . . . . .
 5 . . . X1. . . . . . . . . . . . . . .
 4 . X O X O . . . . . . . . . . . . . .
 3 . O . O O X . . . . . . . . . . . . .
 2 . . . X . . . . . . . . . . . . . . .
 1 . . . . . . . . . . . . . . . . . . .

koPOSITIONALscoreAREAtaxNONEsui1komi7.5
Time taken: 1.44945
Root visits: 504
New playouts: 504
NN rows: 423
NN batches: 143
NN avg batch size: 2.95804
PV: E17 D17 C17 D18 E18 C16 D15 C18 B17 F16
Tree:
: T 104.54c W  98.45c S   6.11c (+18.2 L +16.3) N     504  --  E17 D17 C17 D18 E18 C16 D15
---White(^)---
E17 : T 105.27c W  98.63c S   6.64c (+18.7 L +16.9) LCB  104.95c P 28.56% WF 634.2 PSV    1037 N     213  --  E17 D17 C17 D18 E18 C16 D15 C18
D17 : T 104.60c W  98.40c S   6.27c (+18.4 L +16.6) LCB  104.03c P 14.99% WF 259.5 PSV     156 N      96  --  D17 D15 E15 E17 E18 F18 D18 D14
C5  : T 103.12c W  98.16c S   4.89c (+16.9 L +14.8) LCB  102.68c P 23.29% WF 198.4 PSV     112 N      80  --  C5 D15 C15 C16 D17 C17 E17 C14
D15 : T 104.19c W  98.37c S   5.78c (+17.8 L +16.1) LCB  103.62c P  4.25% WF 181.8 PSV      33 N      68  --  D15 D17 C17 C5 C3 C18 E17 D18
E15 : T 103.84c W  98.36c S   5.72c (+17.8 L +15.9) LCB  102.80c P  3.13% WF  94.2 PSV      20 N      36  --  E15 D17 C17 E17 C16 C5
Q4  : T 101.99c W  97.70c S   4.28c (+16.2 L +14.1) LCB   94.86c P  0.61% WF  24.2 PSV       2 N      10  --  Q4 D15 E17 D17

2026-07-09 19:06:25+0100: = E17
2026-07-09 19:06:29+0100: Controller: play B C16
2026-07-09 19:06:29+0100: = 
2026-07-09 19:06:29+0100: Controller: genmove W
2026-07-09 19:06:30+0100: MoveNum: 15 HASH: 4D55CD6E3F55198BD315AF4FA3ADB265
   A B C D E F G H J K L M N O P Q R S T
19 . . . . . . . . . . . . . . . . . . .
18 . . . . . . . . . . . . . . . . . . .
17 . . . . O2. . . . . . . . . . . . . .
16 . . X3O X1. . . . . . . . . . . . . .
15 . . . @ . . . . . . . . . . . . . . .
14 . . . . . . . . . . . . . . . . . . .
13 . . . . . . . . . . . . . . . . . . .
12 . . . . . . . . . . . . . . . . . . .
11 . . . . . . . . . . . . . . . . . . .
10 . . . . . . . . . X . . . . . . . . .
 9 . . . . . . . . . . . . . . . . . . .
 8 . . . . . . . . . . . . . . . . . . .
 7 . . . . . . . . . . . . . . . . . . .
 6 . . . . . . . . . . . . . . . . . . .
 5 . . . X . . . . . . . . . . . . . . .
 4 . X O X O . . . . . . . . . . . . . .
 3 . O . O O X . . . . . . . . . . . . .
 2 . . . X . . . . . . . . . . . . . . .
 1 . . . . . . . . . . . . . . . . . . .

koPOSITIONALscoreAREAtaxNONEsui1komi7.5
Time taken: 0.837407
Root visits: 349
New playouts: 349
NN rows: 246
NN batches: 83
NN avg batch size: 2.96386
PV: D15 D17 E18 C15 D14 C14 D13
Tree:
: T 104.61c W  98.84c S   5.77c (+19.6 L +17.9) N     349  --  D15 D17 E18 C15 D14 C14 D13
---White(^)---
D15 : T 105.26c W  98.97c S   6.29c (+20.1 L +18.4) LCB  104.59c P 57.34% WF 548.8 PSV     546 N     183  --  D15 D17 E18 C15 D14 C14 D13
F16 : T 103.19c W  98.48c S   4.88c (+18.7 L +16.9) LCB  101.90c P 26.67% WF 143.1 PSV      92 N      53  --  F16 E15 D17 C5 C3 D15 C15 C17
D17 : T 104.49c W  98.94c S   5.45c (+19.2 L +17.5) LCB  103.76c P  2.82% WF 162.2 PSV      16 N      56  --  D17 D15 C15 C14 B15 C5 C3 D14
E15 : T 103.35c W  98.69c S   4.79c (+18.5 L +16.9) LCB  100.12c P  3.32% WF  40.0 PSV      12 N      15  --  E15 F16 D15 D17 C17 D18 C18
C15 : T 103.96c W  98.61c S   5.27c (+19.1 L +17.4) LCB  102.68c P  1.89% WF  88.8 PSV       8 N      37  --  C15 D17 D15 F17 E18 F18 D18 C17
C17 : T 102.10c W  98.11c S   3.79c (+17.5 L +15.7) LCB   58.44c P  0.90% WF  10.3 PSV       2 N       4  --  C17 C5 C3

2026-07-09 19:06:30+0100: = D15
2026-07-09 19:06:37+0100: Controller: play B D14
2026-07-09 19:06:37+0100: = 
2026-07-09 19:06:37+0100: Controller: genmove W
2026-07-09 19:06:39+0100: MoveNum: 17 HASH: 829E59742AA6630931D301C3E336467C
   A B C D E F G H J K L M N O P Q R S T
19 . . . . . . . . . . . . . . . . . . .
18 . . . . . . . . . . . . . . . . . . .
17 . . . . O . . . . . . . . . . . . . .
16 . . X1O X . . . . . . . . . . . . . .
15 . . @ O2. . . . . . . . . . . . . . .
14 . . . X3. . . . . . . . . . . . . . .
13 . . . . . . . . . . . . . . . . . . .
12 . . . . . . . . . . . . . . . . . . .
11 . . . . . . . . . . . . . . . . . . .
10 . . . . . . . . . X . . . . . . . . .
 9 . . . . . . . . . . . . . . . . . . .
 8 . . . . . . . . . . . . . . . . . . .
 7 . . . . . . . . . . . . . . . . . . .
 6 . . . . . . . . . . . . . . . . . . .
 5 . . . X . . . . . . . . . . . . . . .
 4 . X O X O . . . . . . . . . . . . . .
 3 . O . O O X . . . . . . . . . . . . .
 2 . . . X . . . . . . . . . . . . . . .
 1 . . . . . . . . . . . . . . . . . . .

koPOSITIONALscoreAREAtaxNONEsui1komi7.5
Time taken: 2.03495
Root visits: 308
New playouts: 308
NN rows: 277
NN batches: 92
NN avg batch size: 3.01087
PV: C15 E15 D17 C5 C3 Q4 Q16 H3
Tree:
: T 107.34c W  99.53c S   7.79c (+25.0 L +23.3) N     308  --  C15 E15 D17 C5 C3 Q4 Q16
---White(^)---
C15 : T 107.87c W  99.57c S   8.28c (+25.5 L +23.8) LCB  107.45c P 73.62% WF 992.3 PSV     989 N     245  --  C15 E15 D17 C5 C3 Q4 Q16 H3
C5  : T 104.49c W  99.31c S   5.16c (+22.2 L +20.3) LCB  101.34c P  3.08% WF  47.8 PSV       8 N      16  --  C5 C15 C17 E15 D17 G16
C14 : T 104.42c W  99.22c S   5.18c (+22.2 L +20.4) LCB   99.79c P  1.16% WF  39.2 PSV       3 N      13  --  C14 C15 C17 C13
C17 : T 104.88c W  99.39c S   5.41c (+22.4 L +20.7) LCB  103.34c P  0.84% WF  62.3 PSV       2 N      22  --  C17 C5 C3 C15 C14 C13
E14 : T 104.13c W  99.28c S   4.70c (+21.7 L +19.9) LCB   92.64c P  0.89% WF  24.3 PSV       2 N       8  --  E14 C15 C17 D13
E15 : T 102.80c W  99.23c S   3.89c (+20.8 L +19.4) LCB   28.13c P  0.79% WF   9.6 PSV       1 N       3  --  E15 C5

2026-07-09 19:06:39+0100: = C15
2026-07-09 19:06:47+0100: Controller: play B E18
2026-07-09 19:06:47+0100: = 
2026-07-09 19:06:47+0100: Controller: genmove W
2026-07-09 19:06:48+0100: MoveNum: 19 HASH: 3A683B987A7F2A5D3C2FD8A1EF6C2627
   A B C D E F G H J K L M N O P Q R S T
19 . . . . . . . . . . . . . . . . . . .
18 . . . . X3. . . . . . . . . . . . . .
17 . . . . O @ . . . . . . . . . . . . .
16 . . X O X . . . . . . . . . . . . . .
15 . . O2O . . . . . . . . . . . . . . .
14 . . . X1. . . . . . . . . . . . . . .
13 . . . . . . . . . . . . . . . . . . .
12 . . . . . . . . . . . . . . . . . . .
11 . . . . . . . . . . . . . . . . . . .
10 . . . . . . . . . X . . . . . . . . .
 9 . . . . . . . . . . . . . . . . . . .
 8 . . . . . . . . . . . . . . . . . . .
 7 . . . . . . . . . . . . . . . . . . .
 6 . . . . . . . . . . . . . . . . . . .
 5 . . . X . . . . . . . . . . . . . . .
 4 . X O X O . . . . . . . . . . . . . .
 3 . O . O O X . . . . . . . . . . . . .
 2 . . . X . . . . . . . . . . . . . . .
 1 . . . . . . . . . . . . . . . . . . .

koPOSITIONALscoreAREAtaxNONEsui1komi7.5
Time taken: 0.988364
Root visits: 297
New playouts: 297
NN rows: 276
NN batches: 93
NN avg batch size: 2.96774
PV: F17 C17 F18 C5 C3 B15
Tree:
: T 108.53c W  99.67c S   8.82c (+27.5 L +25.7) N     297  --  F17 C17 F18 C5 C3 B15
---White(^)---
F17 : T 108.87c W  99.67c S   9.15c (+27.9 L +26.1) LCB  108.45c P 40.58% WF 544.1 PSV     631 N     118  --  F17 C17 F18 C5 C3 B15
D17 : T 108.66c W  99.69c S   8.95c (+27.7 L +25.8) LCB  108.22c P 30.34% WF 421.2 PSV     333 N      90  --  D17 C5 C3 Q4 Q16 C9 G17
E15 : T 108.36c W  99.67c S   8.64c (+27.3 L +25.4) LCB  107.74c P  5.34% WF 222.6 PSV      46 N      50  --  E15 C5 C3 Q4 C9 E8
F16 : T 108.14c W  99.66c S   8.36c (+27.0 L +25.1) LCB  106.74c P  1.69% WF 105.9 PSV      12 N      25  --  F16 C5 C3 Q4 Q16
C5  : T 103.51c W  99.43c S   5.06c (+23.6 L +21.9) LCB   82.41c P  2.76% WF  16.7 PSV       5 N       6  --  C5 D17 F17 C17 F18 C14
D18 : T 105.11c W  99.47c S   5.48c (+23.9 L +22.4) LCB   90.71c P  0.60% WF  24.1 PSV       1 N       7  --  D18 C5 C3 F17

2026-07-09 19:06:48+0100: = F17
2026-07-09 19:06:57+0100: Controller: play B G17
2026-07-09 19:06:57+0100: = 
2026-07-09 19:06:57+0100: Controller: genmove W
2026-07-09 19:06:58+0100: MoveNum: 21 HASH: 63A6652FB7EE6CEE4B4DE12671C461C5
   A B C D E F G H J K L M N O P Q R S T
19 . . . . . . . . . . . . . . . . . . .
18 . . . . X1@ . . . . . . . . . . . . .
17 . . . . O O2X3. . . . . . . . . . . .
16 . . X O X . . . . . . . . . . . . . .
15 . . O O . . . . . . . . . . . . . . .
14 . . . X . . . . . . . . . . . . . . .
13 . . . . . . . . . . . . . . . . . . .
12 . . . . . . . . . . . . . . . . . . .
11 . . . . . . . . . . . . . . . . . . .
10 . . . . . . . . . X . . . . . . . . .
 9 . . . . . . . . . . . . . . . . . . .
 8 . . . . . . . . . . . . . . . . . . .
 7 . . . . . . . . . . . . . . . . . . .
 6 . . . . . . . . . . . . . . . . . . .
 5 . . . X . . . . . . . . . . . . . . .
 4 . X O X O . . . . . . . . . . . . . .
 3 . O . O O X . . . . . . . . . . . . .
 2 . . . X . . . . . . . . . . . . . . .
 1 . . . . . . . . . . . . . . . . . . .

koPOSITIONALscoreAREAtaxNONEsui1komi7.5
Time taken: 0.99185
Root visits: 275
New playouts: 275
NN rows: 257
NN batches: 86
NN avg batch size: 2.98837
PV: F18 C5 C3 Q4 Q16 J3
Tree:
: T 107.90c W  99.72c S   8.12c (+28.8 L +26.9) N     275  --  F18 C5 C3 Q4 Q16 J3
---White(^)---
F18 : T 108.56c W  99.75c S   8.78c (+29.4 L +27.5) LCB  108.19c P 39.13% WF 661.8 PSV     658 N     138  --  F18 C5 C3 Q4 Q16 J3
C5  : T 107.37c W  99.68c S   7.73c (+28.5 L +26.5) LCB  105.80c P 21.15% WF 168.4 PSV     135 N      46  --  C5 D17 F18 C17 B15 E15
G16 : T 106.92c W  99.69c S   7.12c (+27.7 L +25.9) LCB  105.16c P  4.88% WF 105.7 PSV      25 N      27  --  G16 H16 H17 G18 F16 F18
Q16 : T 107.02c W  99.67c S   7.19c (+27.9 L +26.0) LCB  105.02c P  2.05% WF  91.2 PSV      11 N      25  --  Q16 D17 F18 C17 B15
Q4  : T 106.50c W  99.65c S   6.62c (+27.2 L +25.4) LCB  100.09c P  1.91% WF  41.9 PSV       8 N      11  --  Q4 D17 C17 C5
Q17 : T 106.68c W  99.65c S   6.85c (+27.5 L +25.7) LCB  101.25c P  0.96% WF  44.7 PSV       4 N      12  --  Q17 D17 F18 E15
R4  : T 107.03c W  99.65c S   7.13c (+27.8 L +25.9) LCB   77.44c P  0.85% WF  19.5 PSV       4 N       5  --  R4 D17 F18
R16 : T 107.05c W  99.65c S   7.25c (+27.9 L +26.0) LCB   77.48c P  0.78% WF  19.3 PSV       4 N       5  --  R16 D17 F18
Q3  : T 106.73c W  99.64c S   6.91c (+27.5 L +25.7) LCB   77.11c P  0.82% WF  19.2 PSV       3 N       5  --  Q3 D17 F18

2026-07-09 19:06:58+0100: = F18
2026-07-09 19:07:10+0100: Controller: play B B15
2026-07-09 19:07:10+0100: = 
2026-07-09 19:07:10+0100: Controller: genmove W
2026-07-09 19:07:11+0100: MoveNum: 23 HASH: 43A4D9827056FD0BB8D5D1F20068953A
   A B C D E F G H J K L M N O P Q R S T
19 . . . . . . . . . . . . . . . . . . .
18 . . . . X O2. . . . . . . . . . . . .
17 . . . . O O X1. . . . . . . . . . . .
16 . . X O X . . . . . . . . . . . . . .
15 . X3O O . . . . . . . . . . . . . . .
14 . . @ X . . . . . . . . . . . . . . .
13 . . . . . . . . . . . . . . . . . . .
12 . . . . . . . . . . . . . . . . . . .
11 . . . . . . . . . . . . . . . . . . .
10 . . . . . . . . . X . . . . . . . . .
 9 . . . . . . . . . . . . . . . . . . .
 8 . . . . . . . . . . . . . . . . . . .
 7 . . . . . . . . . . . . . . . . . . .
 6 . . . . . . . . . . . . . . . . . . .
 5 . . . X . . . . . . . . . . . . . . .
 4 . X O X O . . . . . . . . . . . . . .
 3 . O . O O X . . . . . . . . . . . . .
 2 . . . X . . . . . . . . . . . . . . .
 1 . . . . . . . . . . . . . . . . . . .

koPOSITIONALscoreAREAtaxNONEsui1komi7.5
Time taken: 0.79028
Root visits: 234
New playouts: 234
NN rows: 211
NN batches: 71
NN avg batch size: 2.97183
PV: C14 C5 C3 Q4 Q16 B14
Tree:
: T 109.37c W  99.76c S   9.57c (+30.6 L +28.7) N     234  --  C14 C5 C3 Q4 Q16 B14
---White(^)---
C14 : T 110.30c W  99.79c S  10.51c (+31.5 L +29.7) LCB  109.95c P 43.27% WF 651.7 PSV     647 N     130  --  C14 C5 C3 Q4 Q16 B14
C5  : T 109.06c W  99.70c S   9.05c (+30.2 L +28.3) LCB  107.33c P 17.19% WF 182.4 PSV      99 N      48  --  C5 C14 B16 C17 B14 D17 E15 F16
C17 : T 106.80c W  99.70c S   7.15c (+27.8 L +25.8) LCB  105.34c P 10.69% WF  94.0 PSV      29 N      22  --  C17 C14 B16 C5 C3 Q4 C9
B14 : T 106.26c W  99.63c S   6.47c (+27.1 L +25.4) LCB   94.61c P  3.12% WF  28.8 PSV       7 N       8  --  B14 C14 B13 D17
B16 : T 107.39c W  99.74c S   7.79c (+28.5 L +26.6) LCB  104.83c P  1.61% WF  69.1 PSV       5 N      17  --  B16 C5 C3 C14 B14
Q4  : T 106.74c W  99.64c S   7.30c (+28.2 L +26.5) LCB   91.64c P  1.03% WF  25.6 PSV       2 N       7  --  Q4 C17 B14 C14
Q16 : T 106.70c W  99.81c S   6.89c (+27.5 L +25.5) LCB -243.30c P  0.82% WF   3.3 PSV       2 N       1  --  Q16

2026-07-09 19:07:11+0100: = C14
2026-07-09 19:07:24+0100: Controller: play B B2
2026-07-09 19:07:24+0100: = 
2026-07-09 19:07:24+0100: Controller: genmove W
2026-07-09 19:07:25+0100: MoveNum: 25 HASH: ED683CADA840F2ABDE50431ADB4A9761
   A B C D E F G H J K L M N O P Q R S T
19 . . . . . . . . . . . . . . . . . . .
18 . . . . X O . . . . . . . . . . . . .
17 . . . . O O X . . . . . . . . . . . .
16 . . X O X . . . . . . . . . . . . . .
15 . X1O O . . . . . . . . . . . . . . .
14 . . O2X . . . . . . . . . . . . . . .
13 . . . . . . . . . . . . . . . . . . .
12 . . . . . . . . . . . . . . . . . . .
11 . . . . . . . . . . . . . . . . . . .
10 . . . . . . . . . X . . . . . . . . .
 9 . . . . . . . . . . . . . . . . . . .
 8 . . . . . . . . . . . . . . . . . . .
 7 . . . . . . . . . . . . . . . . . . .
 6 . . . . . . . . . . . . . . . . . . .
 5 . . . X . . . . . . . . . . . . . . .
 4 . X O X O @ . . . . . . . . . . . . .
 3 . O . O O X . . . . . . . . . . . . .
 2 . X3. X . . . . . . . . . . . . . . .
 1 . . . . . . . . . . . . . . . . . . .

koPOSITIONALscoreAREAtaxNONEsui1komi7.5
Time taken: 0.740761
Root visits: 225
New playouts: 225
NN rows: 200
NN batches: 68
NN avg batch size: 2.94118
PV: F4 G3 E2 C5 C3
Tree:
: T 110.51c W  99.86c S  10.56c (+37.0 L +35.1) N     225  --  F4 G3 E2 C5 C3
---White(^)---
F4  : T 111.52c W  99.86c S  11.41c (+38.0 L +36.2) LCB  110.46c P  5.47% WF 177.6 PSV     679 N      35  --  F4 G3 E2 C5 C3
C3  : T 110.38c W  99.86c S  10.41c (+36.8 L +34.9) LCB  109.86c P 27.69% WF 222.8 PSV     223 N      42  --  C3 E2 Q4 Q16 C17
C5  : T 110.37c W  99.87c S  10.48c (+36.9 L +34.8) LCB  109.33c P 13.44% WF 213.2 PSV     107 N      43  --  C5 E2 C2 F4 E5 B14
Q4  : T 110.84c W  99.86c S  10.79c (+37.4 L +35.5) LCB  109.89c P  4.66% WF 186.5 PSV      54 N      37  --  Q4 E2 C3 Q16 C17
Q16 : T 110.61c W  99.84c S  10.50c (+37.1 L +35.1) LCB  109.50c P  4.18% WF 175.3 PSV      39 N      35  --  Q16 E2 C3 Q3
B5  : T 110.10c W  99.89c S  10.32c (+36.7 L +34.7) LCB  106.30c P  3.56% WF  69.9 PSV      24 N      15  --  B5 E2 Q4 C2
C17 : T 108.36c W  99.77c S   8.84c (+35.1 L +33.4) LCB   31.55c P  2.41% WF  13.7 PSV       8 N       3  --  C17 C5
Q3  : T 108.42c W  99.80c S   9.35c (+35.8 L +34.4) LCB  -41.55c P  1.49% WF   8.4 PSV       5 N       2  --  Q3 C5
R4  : T 108.59c W  99.78c S   9.45c (+35.9 L +34.7) LCB  -41.25c P  1.39% WF   8.4 PSV       5 N       2  --  R4 C5
H3  : T 108.45c W  99.78c S   9.21c (+35.6 L +33.9) LCB  -43.04c P  1.36% WF   8.2 PSV       4 N       2  --  H3 C5

2026-07-09 19:07:25+0100: = F4
2026-07-09 19:07:40+0100: Controller: play B F5
2026-07-09 19:07:40+0100: = 
2026-07-09 19:07:40+0100: Controller: genmove W
2026-07-09 19:07:41+0100: MoveNum: 27 HASH: E603D5D2B55CA5D207DABA04DB128E2F
   A B C D E F G H J K L M N O P Q R S T
19 . . . . . . . . . . . . . . . . . . .
18 . . . . X O . . . . . . . . . . . . .
17 . . . . O O X . . . . . . . . . . . .
16 . . X O X . . . . . . . . . . . . . .
15 . X O O . . . . . . . . . . . . . . .
14 . . O X . . . . . . . . . . . . . . .
13 . . . . . . . . . . . . . . . . . . .
12 . . . . . . . . . . . . . . . . . . .
11 . . . . . . . . . . . . . . . . . . .
10 . . . . . . . . . X . . . . . . . . .
 9 . . . . . . . . . . . . . . . . . . .
 8 . . . . . . . . . . . . . . . . . . .
 7 . . . . . . . . . . . . . . . . . . .
 6 . . . . . . . . . . . . . . . . . . .
 5 . . @ X . X3. . . . . . . . . . . . .
 4 . X O X O O2. . . . . . . . . . . . .
 3 . O . O O X . . . . . . . . . . . . .
 2 . X1. X . . . . . . . . . . . . . . .
 1 . . . . . . . . . . . . . . . . . . .

koPOSITIONALscoreAREAtaxNONEsui1komi7.5
Time taken: 0.779974
Root visits: 222
New playouts: 222
NN rows: 218
NN batches: 74
NN avg batch size: 2.94595
PV: C5 Q4 Q16 C6
Tree:
: T 113.19c W  99.92c S  13.21c (+43.6 L +41.5) N     222  --  C5 Q4 Q16 C6
---White(^)---
C5  : T 113.75c W  99.93c S  13.79c (+44.3 L +42.1) LCB  113.27c P 20.44% WF 318.7 PSV     387 N      56  --  C5 Q4 Q16 C6
B5  : T 113.65c W  99.92c S  13.62c (+44.0 L +41.9) LCB  112.84c P 14.71% WF 265.6 PSV     203 N      49  --  B5 C5 A4 C2
E5  : T 113.71c W  99.93c S  13.65c (+44.1 L +42.0) LCB  113.04c P 11.49% WF 251.3 PSV     169 N      44  --  E5 G3 G4 E2
C3  : T 111.63c W  99.91c S  11.60c (+41.5 L +39.4) LCB  105.68c P  7.86% WF  62.2 PSV      33 N      11  --  C3 Q4 Q16 B14
Q4  : T 112.67c W  99.90c S  12.64c (+43.1 L +40.8) LCB  110.78c P  4.61% WF 124.0 PSV      30 N      23  --  Q4 G4 G3 C5
Q16 : T 112.77c W  99.90c S  12.65c (+43.1 L +40.8) LCB  111.20c P  3.24% WF 128.9 PSV      22 N      24  --  Q16 C5 C3 G4
G4  : T 109.79c W  99.85c S  10.72c (+40.7 L +39.1) LCB  -39.79c P  2.65% WF   8.9 PSV       6 N       2  --  G4 C5
Q3  : T 110.39c W  99.85c S  11.35c (+41.7 L +40.2) LCB  -38.70c P  1.37% WF   9.0 PSV       4 N       2  --  Q3 C5
Q17 : T 109.85c W  99.84c S  10.87c (+41.0 L +39.7) LCB  -39.43c P  1.38% WF   8.8 PSV       3 N       2  --  Q17 C5
G3  : T 109.38c W  99.85c S  10.18c (+39.9 L +38.1) LCB  -40.25c P  1.27% WF   8.9 PSV       3 N       2  --  G3 C5

2026-07-09 19:07:41+0100: = C5
2026-07-09 19:07:58+0100: Controller: play B C13
2026-07-09 19:07:58+0100: = 
2026-07-09 19:07:58+0100: Controller: genmove W
2026-07-09 19:07:59+0100: MoveNum: 29 HASH: 6F2C69A7D8283E6E9021305E16A7C8A0
   A B C D E F G H J K L M N O P Q R S T
19 . . . . . . . . . . . . . . . . . . .
18 . . . . X O . . . . . . . . . . . . .
17 . . . . O O X . . . . . . . . . . . .
16 . . X O X . . . . . . . . . . . . . .
15 . X O O . . . . . . . . . . . . . . .
14 . @ O X . . . . . . . . . . . . . . .
13 . . X3. . . . . . . . . . . . . . . .
12 . . . . . . . . . . . . . . . . . . .
11 . . . . . . . . . . . . . . . . . . .
10 . . . . . . . . . X . . . . . . . . .
 9 . . . . . . . . . . . . . . . . . . .
 8 . . . . . . . . . . . . . . . . . . .
 7 . . . . . . . . . . . . . . . . . . .
 6 . . . . . . . . . . . . . . . . . . .
 5 . . O2X . X1. . . . . . . . . . . . .
 4 . X O X O O . . . . . . . . . . . . .
 3 . O . O O X . . . . . . . . . . . . .
 2 . X . X . . . . . . . . . . . . . . .
 1 . . . . . . . . . . . . . . . . . . .

koPOSITIONALscoreAREAtaxNONEsui1komi7.5
Time taken: 0.807692
Root visits: 220
New playouts: 220
NN rows: 213
NN batches: 71
NN avg batch size: 3
PV: B14 Q4 Q16 G3 E2 C7
Tree:
: T 113.16c W  99.94c S  13.17c (+45.4 L +43.2) N     220  --  B14 Q4 Q16 G3 E2 C7
---White(^)---
B14 : T 113.91c W  99.94c S  13.94c (+46.3 L +44.1) LCB  113.58c P 49.05% WF 682.2 PSV     678 N     117  --  B14 Q4 Q16 G3 E2 C7
Q4  : T 112.64c W  99.94c S  12.60c (+44.7 L +42.4) LCB  111.68c P  4.10% WF 188.1 PSV      23 N      37  --  Q4 B14 C17 Q16 G3 B16
Q16 : T 112.59c W  99.92c S  12.52c (+44.7 L +42.3) LCB  111.32c P  3.12% WF 148.7 PSV      17 N      29  --  Q16 B14 C17 Q4 G3
G3  : T 111.04c W  99.92c S  10.85c (+42.4 L +40.1) LCB   90.78c P  3.70% WF  29.0 PSV      12 N       6  --  G3 B14 C17 C6
D13 : T 111.51c W  99.92c S  11.60c (+43.5 L +41.1) LCB   91.28c P  2.07% WF  31.5 PSV       7 N       6  --  D13 B14 C17
C17 : T 112.01c W  99.94c S  12.01c (+43.8 L +41.6) LCB  109.11c P  1.55% WF  76.6 PSV       6 N      15  --  C17 B14 D13
Q17 : T 110.41c W  99.90c S  10.77c (+42.6 L +40.2) LCB  -42.11c P  1.32% WF   9.5 PSV       3 N       2  --  Q17 B14
Q3  : T 110.28c W  99.90c S  10.67c (+42.4 L +40.1) LCB  -42.66c P  1.27% WF   9.4 PSV       3 N       2  --  Q3 B14
R4  : T 110.23c W  99.90c S  10.54c (+42.3 L +39.9) LCB  -42.63c P  1.27% WF   9.4 PSV       3 N       2  --  R4 B14
R16 : T 110.11c W  99.90c S  10.39c (+42.0 L +39.6) LCB  -43.29c P  1.15% WF   9.3 PSV       3 N       2  --  R16 B14

2026-07-09 19:07:59+0100: = B14
2026-07-09 19:08:17+0100: Controller: play B K11
2026-07-09 19:08:17+0100: = 
2026-07-09 19:08:17+0100: Controller: genmove W
2026-07-09 19:08:18+0100: MoveNum: 31 HASH: FFFC068D9A3963505C87B08DC0A9DE18
   A B C D E F G H J K L M N O P Q R S T
19 . . . . . . . . . . . . . . . . . . .
18 . . . . X O . . . . . . . . . . . . .
17 . . . . O O X . . . . . . . . . . . .
16 . . X O X . . . . . . . . . . . . . .
15 . X O O . . . . . . . . . . . . . . .
14 . O2O X . . . . . . . . . . . . . . .
13 . . X1. . . . . . . . . . . . . . . .
12 . . . . . . . . . . . . . . . . . . .
11 . . . . . . . . . X3. . . . . . . . .
10 . . . . . . . . . X . . . . . . . . .
 9 . . . . . . . . . . . . . . . . . . .
 8 . . . . . . . . . . . . . . . . . . .
 7 . . . . . . . . . . . . . . . . . . .
 6 . . . . . . . . . . . . . . . . . . .
 5 . . O X . X . . . . . . . . . . . . .
 4 . X O X O O . . . . . . . . . @ . . .
 3 . O . O O X . . . . . . . . . . . . .
 2 . X . X . . . . . . . . . . . . . . .
 1 . . . . . . . . . . . . . . . . . . .

koPOSITIONALscoreAREAtaxNONEsui1komi7.5
Time taken: 0.721622
Root visits: 214
New playouts: 214
NN rows: 207
NN batches: 71
NN avg batch size: 2.91549
PV: Q4 Q16 G3 C6
Tree:
: T 113.61c W  99.96c S  13.64c (+48.9 L +46.9) N     214  --  Q4 Q16 G3 C6
---White(^)---
Q4  : T 113.85c W  99.96c S  13.89c (+49.3 L +47.3) LCB  113.19c P 14.15% WF 249.3 PSV     249 N      42  --  Q4 Q16 G3 C6
Q16 : T 113.89c W  99.96c S  13.88c (+49.3 L +47.3) LCB  113.17c P 16.99% WF 215.6 PSV     216 N      36  --  Q16 Q4 G3 R14 O17
R16 : T 113.62c W  99.97c S  13.62c (+48.9 L +46.8) LCB  112.63c P  6.14% WF 170.2 PSV      82 N      29  --  R16 Q4 G3 C6
R4  : T 113.64c W  99.97c S  13.68c (+48.9 L +46.9) LCB  112.81c P  5.18% WF 191.2 PSV      71 N      33  --  R4 Q16 G3 P3 Q6
Q17 : T 113.70c W  99.97c S  13.72c (+49.0 L +47.0) LCB  112.81c P  4.77% WF 180.1 PSV      69 N      31  --  Q17 Q4 G3 C6
G3  : T 113.14c W  99.94c S  13.15c (+48.3 L +46.1) LCB  111.68c P  7.25% WF 111.1 PSV      64 N      19  --  G3 Q16 Q4 C6
Q3  : T 113.15c W  99.96c S  13.38c (+48.6 L +46.5) LCB  108.21c P  4.26% WF  70.5 PSV      38 N      12  --  Q3 Q16 R6 G3
G4  : T 112.01c W  99.94c S  12.19c (+47.1 L +44.9) LCB   37.45c P  2.04% WF  17.6 PSV      10 N       3  --  G4 Q16
R3  : T 113.22c W  99.95c S  13.22c (+48.4 L +46.2) LCB   38.53c P  0.99% WF  18.0 PSV       9 N       3  --  R3 Q16
R17 : T 113.30c W  99.96c S  13.25c (+48.4 L +46.2) LCB   38.52c P  0.92% WF  18.1 PSV       9 N       3  --  R17 G3

2026-07-09 19:08:18+0100: = Q4
2026-07-09 19:08:35+0100: Controller: play B Q5
2026-07-09 19:08:35+0100: = 
2026-07-09 19:08:35+0100: Controller: genmove W
2026-07-09 19:08:36+0100: MoveNum: 33 HASH: F8AD3421F6D148B780FFEEA17FE277C4
   A B C D E F G H J K L M N O P Q R S T
19 . . . . . . . . . . . . . . . . . . .
18 . . . . X O . . . . . . . . . . . . .
17 . . . . O O X . . . . . . . . . . . .
16 . . X O X . . . . . . . . . . . . . .
15 . X O O . . . . . . . . . . . . . . .
14 . O O X . . . . . . . . . . . . . . .
13 . . X . . . . . . . . . . . . . . . .
12 . . . . . . . . . . . . . . . . . . .
11 . . . . . . . . . X1. . . . . . . . .
10 . . . . . . . . . X . . . . . . . . .
 9 . . . . . . . . . . . . . . . . . . .
 8 . . . . . . . . . . . . . . . . . . .
 7 . . . . . . . . . . . . . . . . . . .
 6 . . . . . . . . . . . . . . . . . . .
 5 . . O X . X . . . . . . . . . X3@ . .
 4 . X O X O O . . . . . . . . . O2. . .
 3 . O . O O X . . . . . . . . . . . . .
 2 . X . X . . . . . . . . . . . . . . .
 1 . . . . . . . . . . . . . . . . . . .

koPOSITIONALscoreAREAtaxNONEsui1komi7.5
Time taken: 0.59167
Root visits: 211
New playouts: 211
NN rows: 205
NN batches: 69
NN avg batch size: 2.97101
PV: R5 Q16 G3 R4 R3 S4
Tree:
: T 114.50c W  99.97c S  14.49c (+51.0 L +48.9) N     211  --  R5 Q16 G3 R4 R3 S4
---White(^)---
R5  : T 114.96c W  99.97c S  14.88c (+51.5 L +49.4) LCB  114.59c P 40.49% WF 514.7 PSV     513 N      87  --  R5 Q16 G3 R4 R3 S4
R4  : T 114.57c W  99.96c S  14.56c (+51.1 L +48.9) LCB  113.94c P 15.56% WF 230.9 PSV     141 N      39  --  R4 P4 P5 R5 S5 S6
P5  : T 114.29c W  99.96c S  14.34c (+50.8 L +48.7) LCB  113.36c P  3.89% WF 204.4 PSV      29 N      36  --  P5 R4 R3 R5 Q3 P6 O6
P4  : T 114.27c W  99.96c S  14.28c (+50.7 L +48.6) LCB  113.37c P  2.87% WF 179.2 PSV      21 N      31  --  P4 R4 R3 R5 S3
Q16 : T 113.09c W  99.97c S  13.14c (+49.2 L +47.0) LCB  105.92c P  1.14% WF  55.0 PSV       4 N      10  --  Q16 R5 P4 P5
R16 : T 112.70c W  99.97c S  12.81c (+48.7 L +46.5) LCB   84.56c P  0.80% WF  27.6 PSV       3 N       5  --  R16 R5 P4
G3  : T 111.51c W 100.00c S  11.51c (+46.8 L +45.0) LCB -238.49c P  0.80% WF   4.9 PSV       2 N       1  --  G3
Q17 : T 112.55c W 100.00c S  12.56c (+48.0 L +46.1) LCB -237.45c P  0.76% WF   5.1 PSV       2 N       1  --  Q17

2026-07-09 19:08:36+0100: = R5
2026-07-09 19:08:53+0100: Controller: play B Q3
2026-07-09 19:08:53+0100: = 
2026-07-09 19:08:53+0100: Controller: genmove W
2026-07-09 19:08:54+0100: MoveNum: 35 HASH: F9EC0A66A58C52A92AFDBF0B5B482CFA
   A B C D E F G H J K L M N O P Q R S T
19 . . . . . . . . . . . . . . . . . . .
18 . . . . X O . . . . . . . . . . . . .
17 . . . . O O X . . . . . . . . . . . .
16 . . X O X . . . . . . . . . . . . . .
15 . X O O . . . . . . . . . . . . . . .
14 . O O X . . . . . . . . . . . . . . .
13 . . X . . . . . . . . . . . . . . . .
12 . . . . . . . . . . . . . . . . . . .
11 . . . . . . . . . X . . . . . . . . .
10 . . . . . . . . . X . . . . . . . . .
 9 . . . . . . . . . . . . . . . . . . .
 8 . . . . . . . . . . . . . . . . . . .
 7 . . . . . . . . . . . . . . . . . . .
 6 . . . . . . . . . . . . . . . . . . .
 5 . . O X . X . . . . . . . . . X1O2. .
 4 . X O X O O . . . . . . . . @ O . . .
 3 . O . O O X . . . . . . . . . X3. . .
 2 . X . X . . . . . . . . . . . . . . .
 1 . . . . . . . . . . . . . . . . . . .

koPOSITIONALscoreAREAtaxNONEsui1komi7.5
Time taken: 0.533956
Root visits: 207
New playouts: 207
NN rows: 190
NN batches: 65
NN avg batch size: 2.92308
PV: P4 R4 R3 S4 S5 S3 R2 Q6
Tree:
: T 114.83c W  99.97c S  14.81c (+53.3 L +51.3) N     207  --  P4 R4 R3 S4 S5 S3 R2
---White(^)---
P4  : T 115.43c W  99.98c S  15.40c (+54.1 L +52.2) LCB  114.83c P 54.43% WF 581.4 PSV     578 N     101  --  P4 R4 R3 S4 S5 S3 R2 Q6
Q6  : T 113.71c W  99.97c S  13.86c (+52.1 L +50.1) LCB  112.20c P 20.21% WF 183.8 PSV      86 N      34  --  Q6 P5 P4 R4 R3 S4 S3
R4  : T 114.83c W  99.98c S  14.80c (+53.2 L +51.0) LCB  114.11c P  3.66% WF 205.1 PSV      25 N      35  --  R4 P4 P3 O3 P2 O4
P5  : T 113.52c W  99.97c S  13.47c (+51.5 L +49.4) LCB  109.04c P  6.07% WF  70.7 PSV      24 N      13  --  P5 Q6 P4 R4 R3 S4 S3
P3  : T 114.72c W  99.96c S  14.50c (+53.0 L +50.9) LCB  112.76c P  2.63% WF 111.2 PSV      17 N      20  --  P3 R4 P4 R6 S5 S6 S4
R3  : T 112.56c W  99.96c S  12.29c (+49.9 L +47.6) LCB   38.22c P  1.46% WF  16.0 PSV       4 N       3  --  R3 P4 R4

2026-07-09 19:08:54+0100: = P4
2026-07-09 19:09:20+0100: Controller: play B O4
2026-07-09 19:09:20+0100: = 
2026-07-09 19:09:20+0100: Controller: genmove W
2026-07-09 19:09:20+0100: MoveNum: 37 HASH: EA88C14CB91AC0EDFD5D73963212C33A
   A B C D E F G H J K L M N O P Q R S T
19 . . . . . . . . . . . . . . . . . . .
18 . . . . X O . . . . . . . . . . . . .
17 . . . . O O X . . . . . . . . . . . .
16 . . X O X . . . . . . . . . . . . . .
15 . X O O . . . . . . . . . . . . . . .
14 . O O X . . . . . . . . . . . . . . .
13 . . X . . . . . . . . . . . . . . . .
12 . . . . . . . . . . . . . . . . . . .
11 . . . . . . . . . X . . . . . . . . .
10 . . . . . . . . . X . . . . . . . . .
 9 . . . . . . . . . . . . . . . . . . .
 8 . . . . . . . . . . . . . . . . . . .
 7 . . . . . . . . . . . . . . . . . . .
 6 . . . . . . . . . . . . . . . . . . .
 5 . . O X . X . . . . . . . . . X O . .
 4 . X O X O O . . . . . . . X3O2O . . .
 3 . O . O O X . . . . . . . . @ X1. . .
 2 . X . X . . . . . . . . . . . . . . .
 1 . . . . . . . . . . . . . . . . . . .

koPOSITIONALscoreAREAtaxNONEsui1komi7.5
Time taken: 0.685726
Root visits: 206
New playouts: 206
NN rows: 203
NN batches: 69
NN avg batch size: 2.94203
PV: P3 Q17 G3 Q15 P5
Tree:
: T 116.26c W  99.98c S  16.10c (+58.2 L +56.2) N     206  --  P3 Q17 G3 Q15 P5
---White(^)---
P3  : T 116.81c W  99.98c S  16.60c (+58.9 L +56.9) LCB  116.44c P 75.50% WF 1013.1 PSV    1009 N     161  --  P3 Q17 G3 Q15 P5
R3  : T 114.53c W  99.98c S  14.58c (+56.0 L +54.0) LCB  112.25c P  1.17% WF  95.7 PSV       4 N      18  --  R3 Q16 O5 N4
O3  : T 113.64c W  99.98c S  13.78c (+55.1 L +53.1) LCB  107.44c P  1.51% WF  54.5 PSV       4 N      11  --  O3 R4 P3
O5  : T 113.40c W  99.98c S  13.49c (+54.8 L +52.8) LCB   93.70c P  1.10% WF  32.5 PSV       3 N       6  --  O5 P3 R3
P5  : T 113.65c W  99.98c S  13.53c (+54.9 L +52.8) LCB   99.25c P  0.84% WF  38.4 PSV       2 N       7  --  P5 P3 R3 Q16
R16 : T 112.70c W  99.97c S  12.71c (+53.7 L +51.3) LCB  -38.17c P  0.60% WF  10.9 PSV       1 N       2  --  R16 P3

2026-07-09 19:09:20+0100: = P3
2026-07-09 19:09:53+0100: Controller: play B S5
2026-07-09 19:09:53+0100: = 
2026-07-09 19:09:53+0100: Controller: genmove W
2026-07-09 19:09:54+0100: MoveNum: 39 HASH: E4E1FC3FFC19D1A84801DACDBB602683
   A B C D E F G H J K L M N O P Q R S T
19 . . . . . . . . . . . . . . . . . . .
18 . . . . X O . . . . . . . . . . . . .
17 . . . . O O X . . . . . . . . . . . .
16 . . X O X . . . . . . . . . . . . . .
15 . X O O . . . . . . . . . . . . . . .
14 . O O X . . . . . . . . . . . . . . .
13 . . X . . . . . . . . . . . . . . . .
12 . . . . . . . . . . . . . . . . . . .
11 . . . . . . . . . X . . . . . . . . .
10 . . . . . . . . . X . . . . . . . . .
 9 . . . . . . . . . . . . . . . . . . .
 8 . . . . . . . . . . . . . . . . . . .
 7 . . . . . . . . . . . . . . . . . . .
 6 . . . . . . . . . . . . . . . . @ . .
 5 . . O X . X . . . . . . . . . X O X3.
 4 . X O X O O . . . . . . . X1O O . . .
 3 . O . O O X . . . . . . . . O2X . . .
 2 . X . X . . . . . . . . . . . . . . .
 1 . . . . . . . . . . . . . . . . . . .

koPOSITIONALscoreAREAtaxNONEsui1komi7.5
Time taken: 0.715307
Root visits: 207
New playouts: 207
NN rows: 206
NN batches: 69
NN avg batch size: 2.98551
PV: R6 Q16 G3 R3 S6
Tree:
: T 116.51c W  99.99c S  16.47c (+60.4 L +58.5) N     207  --  R6 Q16 G3 R3 S6
---White(^)---
R6  : T 116.75c W  99.98c S  16.74c (+60.9 L +59.0) LCB  116.27c P 47.76% WF 527.3 PSV     526 N      83  --  R6 Q16 G3 R3 S6
R4  : T 116.61c W  99.99c S  16.51c (+60.4 L +58.5) LCB  116.10c P 28.59% WF 384.0 PSV     282 N      62  --  R4 Q16 R7 G3 E2
P5  : T 116.51c W  99.99c S  16.56c (+60.5 L +58.7) LCB  115.69c P  3.34% WF 216.9 PSV      30 N      35  --  P5 Q16 G3 C6 D6
Q6  : T 116.25c W  99.99c S  16.18c (+60.0 L +58.0) LCB  113.43c P  1.23% WF  96.3 PSV       9 N      16  --  Q6 Q16 G3 O17
S4  : T 114.64c W  99.97c S  14.38c (+57.5 L +55.4) LCB  100.30c P  0.86% WF  40.4 PSV       3 N       7  --  S4 R6 R4 Q16
Q16 : T 113.30c W  99.97c S  13.10c (+56.0 L +53.9) LCB   38.81c P  0.65% WF  15.6 PSV       1 N       3  --  Q16 R4 R6

2026-07-09 19:09:54+0100: = R6
2026-07-09 19:10:30+0100: Controller: play B R7
2026-07-09 19:10:30+0100: = 
2026-07-09 19:10:30+0100: Controller: genmove W
2026-07-09 19:10:31+0100: MoveNum: 41 HASH: 17CAB96281D6A68D2ACAAB7C926F7DEC
   A B C D E F G H J K L M N O P Q R S T
19 . . . . . . . . . . . . . . . . . . .
18 . . . . X O . . . . . . . . . . . . .
17 . . . . O O X . . . . . . . . . . . .
16 . . X O X . . . . . . . . . . . . . .
15 . X O O . . . . . . . . . . . . . . .
14 . O O X . . . . . . . . . . . . . . .
13 . . X . . . . . . . . . . . . . . . .
12 . . . . . . . . . . . . . . . . . . .
11 . . . . . . . . . X . . . . . . . . .
10 . . . . . . . . . X . . . . . . . . .
 9 . . . . . . . . . . . . . . . . . . .
 8 . . . . . . . . . . . . . . . . . . .
 7 . . . . . . . . . . . . . . . . X3. .
 6 . . . . . . . . . . . . . . . . O2@ .
 5 . . O X . X . . . . . . . . . X O X1.
 4 . X O X O O . . . . . . . X O O . . .
 3 . O . O O X . . . . . . . . O X . . .
 2 . X . X . . . . . . . . . . . . . . .
 1 . . . . . . . . . . . . . . . . . . .

koPOSITIONALscoreAREAtaxNONEsui1komi7.5
Time taken: 0.687151
Root visits: 207
New playouts: 207
NN rows: 207
NN batches: 69
NN avg batch size: 3
PV: S6 Q16 G3 R14 D9
Tree:
: T 116.34c W  99.98c S  16.26c (+61.7 L +59.8) N     207  --  S6 Q16 G3 R14 D9
---White(^)---
S6  : T 116.97c W  99.99c S  16.88c (+62.4 L +60.6) LCB  116.48c P 37.81% WF 547.2 PSV     544 N      86  --  S6 Q16 G3 R14 D9
Q7  : T 116.10c W  99.99c S  16.01c (+61.4 L +59.5) LCB  114.40c P 14.43% WF 236.9 PSV     105 N      40  --  Q7 Q8 R8 S7 Q6 S6
Q16 : T 116.22c W  99.98c S  16.18c (+61.8 L +59.8) LCB  115.09c P 11.02% WF 205.1 PSV      86 N      35  --  Q16 R4 S6 R3 P2 P5
R16 : T 115.56c W  99.98c S  15.56c (+61.0 L +59.0) LCB  113.26c P  3.11% WF 107.8 PSV      17 N      19  --  R16 R4 S6 R3 P2
Q17 : T 115.49c W  99.98c S  15.42c (+60.8 L +58.8) LCB  112.24c P  2.47% WF  89.9 PSV      13 N      16  --  Q17 R4 S6 R3
G3  : T 114.73c W  99.98c S  14.65c (+59.5 L +57.5) LCB  100.12c P  3.07% WF  39.2 PSV      12 N       7  --  G3 R4 S6
R17 : T 114.23c W  99.98c S  14.29c (+59.0 L +56.9) LCB  -35.74c P  0.83% WF  11.0 PSV       2 N       2  --  R17 R4
G4  : T 114.09c W 100.00c S  14.09c (+58.3 L +56.6) LCB -235.91c P  0.85% WF   5.1 PSV       2 N       1  --  G4

2026-07-09 19:10:31+0100: = S6
2026-07-09 19:11:12+0100: Controller: play B P2
2026-07-09 19:11:12+0100: = 
2026-07-09 19:11:12+0100: Controller: genmove W
2026-07-09 19:11:13+0100: MoveNum: 43 HASH: E032ECE10036F4E76A9F0718210D1770
   A B C D E F G H J K L M N O P Q R S T
19 . . . . . . . . . . . . . . . . . . .
18 . . . . X O . . . . . . . . . . . . .
17 . . . . O O X . . . . . . . . . . . .
16 . . X O X . . . . . . . . . . . . . .
15 . X O O . . . . . . . . . . . . . . .
14 . O O X . . . . . . . . . . . . . . .
13 . . X . . . . . . . . . . . . . . . .
12 . . . . . . . . . . . . . . . . . . .
11 . . . . . . . . . X . . . . . . . . .
10 . . . . . . . . . X . . . . . . . . .
 9 . . . . . . . . . . . . . . . . . . .
 8 . . . . . . . . . . . . . . . . . . .
 7 . . . . . . . . . . . . . . . . X1. .
 6 . . . . . . . . . . . . . . . . O O2.
 5 . . O X . X . . . . . . . . . X O X .
 4 . X O X O O . . . . . . . X O O . . .
 3 . O . O O X . . . . . . . @ O X . . .
 2 . X . X . . . . . . . . . . X3. . . .
 1 . . . . . . . . . . . . . . . . . . .

koPOSITIONALscoreAREAtaxNONEsui1komi7.5
Time taken: 0.609179
Root visits: 206
New playouts: 206
NN rows: 205
NN batches: 69
NN avg batch size: 2.97101
PV: O3 Q16 G3 O2 R3 N3
Tree:
: T 116.88c W  99.99c S  16.82c (+63.4 L +61.6) N     206  --  O3 Q16 G3 O2 R3 N3
---White(^)---
O3  : T 117.56c W  99.99c S  17.50c (+64.4 L +62.6) LCB  117.07c P 53.94% WF 848.7 PSV     844 N     132  --  O3 Q16 G3 O2 R3 N3
R3  : T 115.56c W  99.99c S  15.52c (+61.4 L +59.5) LCB  113.88c P 11.57% WF 133.1 PSV      53 N      22  --  R3 O3 Q2 Q16 K3
O2  : T 115.66c W  99.98c S  15.47c (+61.5 L +59.7) LCB  112.69c P  6.24% WF 109.1 PSV      29 N      19  --  O2 O3 Q2 Q16 G3
Q16 : T 115.49c W  99.97c S  15.31c (+61.6 L +59.7) LCB  108.21c P  3.30% WF  56.3 PSV      14 N      10  --  Q16 R3 O2 O3
Q2  : T 115.99c W  99.99c S  15.89c (+62.1 L +60.2) LCB  113.34c P  2.01% WF  96.3 PSV      10 N      16  --  Q2 Q16 G3 R14
G3  : T 113.62c W  99.97c S  13.90c (+59.4 L +57.7) LCB  -35.43c P  1.25% WF  10.4 PSV       3 N       2  --  G3 R3
R16 : T 114.19c W  99.98c S  14.61c (+60.4 L +58.6) LCB  -34.77c P  1.00% WF  10.9 PSV       3 N       2  --  R16 R3
Q17 : T 113.61c W  99.98c S  14.22c (+60.0 L +58.2) LCB  -35.41c P  1.00% WF  10.6 PSV       2 N       2  --  Q17 R3

2026-07-09 19:11:13+0100: = O3
2026-07-09 19:11:44+0100: Controller: play B N3
2026-07-09 19:11:44+0100: = 
2026-07-09 19:11:44+0100: Controller: genmove W
2026-07-09 19:11:44+0100: MoveNum: 45 HASH: 11834607FC0B26431CB2B5053E4C4747
   A B C D E F G H J K L M N O P Q R S T
19 . . . . . . . . . . . . . . . . . . .
18 . . . . X O . . . . . . . . . . . . .
17 . . . . O O X . . . . . . . . . . . .
16 . . X O X . . . . . . . . . . . . . .
15 . X O O . . . . . . . . . . . . . . .
14 . O O X . . . . . . . . . . . . . . .
13 . . X . . . . . . . . . . . . . . . .
12 . . . . . . . . . . . . . . . . . . .
11 . . . . . . . . . X . . . . . . . . .
10 . . . . . . . . . X . . . . . . . . .
 9 . . . . . . . . . . . . . . . . . . .
 8 . . . . . . . . . . . . . . . . . . .
 7 . . . . . . . . . . . . . . . . X . .
 6 . . . . . . . . . . . . . . . . O O .
 5 . . O X . X . . . . . . . . . X O X .
 4 . X O X O O . . . . . . . X O O . . .
 3 . O . O O X . . . . . . X3O2O X . . .
 2 . X . X . . . . . . . . . @ X1. . . .
 1 . . . . . . . . . . . . . . . . . . .

koPOSITIONALscoreAREAtaxNONEsui1komi7.5
Time taken: 0.50459
Root visits: 206
New playouts: 206
NN rows: 196
NN batches: 67
NN avg batch size: 2.92537
PV: O2 Q16 G3 C7 C6 R14
Tree:
: T 117.65c W  99.99c S  17.55c (+66.1 L +64.2) N     206  --  O2 Q16 G3 C7 C6 R14
---White(^)---
O2  : T 118.06c W  99.99c S  18.03c (+66.8 L +65.0) LCB  117.53c P 57.29% WF 717.1 PSV     715 N     111  --  O2 Q16 G3 C7 C6 R14
Q16 : T 117.75c W  99.99c S  17.47c (+65.9 L +64.0) LCB  116.55c P  7.52% WF 250.1 PSV      72 N      40  --  Q16 O2 R3 Q2 G3
Q17 : T 117.56c W  99.99c S  17.16c (+65.4 L +63.6) LCB  116.05c P  1.79% WF 153.3 PSV      15 N      25  --  Q17 O2 R3 R15 G3
R3  : T 116.06c W  99.99c S  16.15c (+64.2 L +62.3) LCB  109.04c P  2.62% WF  62.5 PSV      11 N      10  --  R3 Q16 L3 O2
N4  : T 116.47c W  99.99c S  16.44c (+64.6 L +62.7) LCB  112.15c P  2.11% WF  76.8 PSV      10 N      13  --  N4 O2 R3 M3
G3  : T 114.24c W  99.98c S  14.67c (+61.9 L +59.9) LCB  -35.43c P  3.30% WF  11.1 PSV       8 N       2  --  G3 O2
R16 : T 115.02c W  99.98c S  15.61c (+63.3 L +61.3) LCB  -34.09c P  1.72% WF  11.6 PSV       5 N       2  --  R16 O2
O5  : T 114.80c W  99.99c S  15.10c (+62.6 L +60.6) LCB  -34.42c P  0.91% WF  11.3 PSV       2 N       2  --  O5 O2

2026-07-09 19:11:44+0100: = O2
2026-07-09 19:12:12+0100: Controller: play B K9
2026-07-09 19:12:12+0100: = 
2026-07-09 19:12:12+0100: Controller: genmove W
2026-07-09 19:12:12+0100: MoveNum: 47 HASH: E8C451717F5C14716D06CF999CC1095B
   A B C D E F G H J K L M N O P Q R S T
19 . . . . . . . . . . . . . . . . . . .
18 . . . . X O . . . . . . . . . . . . .
17 . . . . O O X . . . . . . . . . . . .
16 . . X O X . . . . . . . . . . @ . . .
15 . X O O . . . . . . . . . . . . . . .
14 . O O X . . . . . . . . . . . . . . .
13 . . X . . . . . . . . . . . . . . . .
12 . . . . . . . . . . . . . . . . . . .
11 . . . . . . . . . X . . . . . . . . .
10 . . . . . . . . . X . . . . . . . . .
 9 . . . . . . . . . X3. . . . . . . . .
 8 . . . . . . . . . . . . . . . . . . .
 7 . . . . . . . . . . . . . . . . X . .
 6 . . . . . . . . . . . . . . . . O O .
 5 . . O X . X . . . . . . . . . X O X .
 4 . X O X O O . . . . . . . X O O . . .
 3 . O . O O X . . . . . . X1O O X . . .
 2 . X . X . . . . . . . . . O2X . . . .
 1 . . . . . . . . . . . . . . . . . . .

koPOSITIONALscoreAREAtaxNONEsui1komi7.5
Time taken: 0.521239
Root visits: 205
New playouts: 205
NN rows: 203
NN batches: 69
NN avg batch size: 2.94203
PV: Q16 G3 E2 R14 O17
Tree:
: T 119.41c W 100.00c S  19.04c (+71.7 L +69.8) N     205  --  Q16 G3 E2 R14 O17
---White(^)---
Q16 : T 120.07c W 100.00c S  19.60c (+72.5 L +70.6) LCB  119.11c P 30.38% WF 457.1 PSV     454 N      68  --  Q16 G3 E2 R14 O17
Q17 : T 119.16c W 100.00c S  18.91c (+71.5 L +69.7) LCB  117.94c P 17.28% WF 272.4 PSV     129 N      41  --  Q17 R15 G3 P16 P17
R16 : T 119.06c W 100.00c S  18.72c (+71.2 L +69.4) LCB  117.65c P 11.04% WF 225.0 PSV      78 N      34  --  R16 P17 Q14 G3
R17 : T 119.87c W 100.00c S  19.34c (+72.1 L +70.3) LCB  118.40c P  2.86% WF 238.8 PSV      35 N      36  --  R17 G3 E2 C7 C6
G3  : T 118.29c W 100.00c S  18.08c (+69.9 L +68.1) LCB  114.27c P  5.93% WF  91.8 PSV      30 N      14  --  G3 Q16 R17 R16
G4  : T 117.45c W 100.00c S  17.25c (+69.1 L +67.3) LCB  103.03c P  1.08% WF  44.6 PSV       4 N       7  --  G4 Q16 D9
P17 : T 117.10c W 100.00c S  17.65c (+69.3 L +67.4) LCB  -31.87c P  1.07% WF  13.0 PSV       3 N       2  --  P17 R16
R15 : T 117.16c W 100.00c S  17.71c (+69.4 L +67.5) LCB  -31.82c P  0.92% WF  13.0 PSV       3 N       2  --  R15 Q17

2026-07-09 19:12:12+0100: = Q16
2026-07-09 19:13:01+0100: Controller: play B P16
2026-07-09 19:13:01+0100: = 
2026-07-09 19:13:01+0100: Controller: genmove W
2026-07-09 19:13:02+0100: MoveNum: 49 HASH: 8C05B0260817FFE0F10198A583C5B4D3
   A B C D E F G H J K L M N O P Q R S T
19 . . . . . . . . . . . . . . . . . . .
18 . . . . X O . . . . . . . . . . . . .
17 . . . . O O X . . . . . . . . @ . . .
16 . . X O X . . . . . . . . . X3O2. . .
15 . X O O . . . . . . . . . . . . . . .
14 . O O X . . . . . . . . . . . . . . .
13 . . X . . . . . . . . . . . . . . . .
12 . . . . . . . . . . . . . . . . . . .
11 . . . . . . . . . X . . . . . . . . .
10 . . . . . . . . . X . . . . . . . . .
 9 . . . . . . . . . X1. . . . . . . . .
 8 . . . . . . . . . . . . . . . . . . .
 7 . . . . . . . . . . . . . . . . X . .
 6 . . . . . . . . . . . . . . . . O O .
 5 . . O X . X . . . . . . . . . X O X .
 4 . X O X O O . . . . . . . X O O . . .
 3 . O . O O X . . . . . . X O O X . . .
 2 . X . X . . . . . . . . . O X . . . .
 1 . . . . . . . . . . . . . . . . . . .

koPOSITIONALscoreAREAtaxNONEsui1komi7.5
Time taken: 0.634819
Root visits: 206
New playouts: 206
NN rows: 204
NN batches: 69
NN avg batch size: 2.95652
PV: P17 R4 R3 G3
Tree:
: T 119.79c W 100.00c S  19.64c (+73.6 L +71.8) N     206  --  P17 R4 R3 G3
---White(^)---
P17 : T 120.19c W 100.00c S  20.08c (+74.3 L +72.5) LCB  119.47c P 45.43% WF 593.5 PSV     592 N      88  --  P17 R4 R3 G3
Q17 : T 119.91c W 100.00c S  19.69c (+73.5 L +71.7) LCB  119.01c P 24.91% WF 358.2 PSV     257 N      54  --  Q17 R4 R3 Q15
Q15 : T 119.69c W 100.00c S  19.49c (+73.3 L +71.6) LCB  118.50c P  4.34% WF 217.2 PSV      38 N      33  --  Q15 Q17 R17 R18 Q18
P15 : T 119.53c W 100.00c S  19.23c (+73.0 L +71.2) LCB  117.16c P  2.74% WF 117.8 PSV      22 N      18  --  P15 Q15 R16 R15
Q14 : T 117.13c W  99.99c S  17.22c (+70.0 L +68.1) LCB  106.18c P  0.68% WF  46.4 PSV       2 N       8  --  Q14 Q17 R17 R18
G3  : T 116.52c W  99.99c S  16.72c (+69.2 L +67.3) LCB   73.69c P  0.67% WF  24.9 PSV       1 N       4  --  G3 P17

2026-07-09 19:13:02+0100: = Q17
2026-07-09 19:14:11+0100: Controller: play B R16
2026-07-09 19:14:11+0100: = 
2026-07-09 19:14:11+0100: Controller: genmove W
2026-07-09 19:14:12+0100: MoveNum: 51 HASH: 6734C2CE27DD50A2819673E553B710E1
   A B C D E F G H J K L M N O P Q R S T
19 . . . . . . . . . . . . . . . . . . .
18 . . . . X O . . . . . . . . . . . . .
17 . . . . O O X . . . . . . . . O2. . .
16 . . X O X . . . . . . . . . X1O X3. .
15 . X O O . . . . . . . . . . . @ . . .
14 . O O X . . . . . . . . . . . . . . .
13 . . X . . . . . . . . . . . . . . . .
12 . . . . . . . . . . . . . . . . . . .
11 . . . . . . . . . X . . . . . . . . .
10 . . . . . . . . . X . . . . . . . . .
 9 . . . . . . . . . X . . . . . . . . .
 8 . . . . . . . . . . . . . . . . . . .
 7 . . . . . . . . . . . . . . . . X . .
 6 . . . . . . . . . . . . . . . . O O .
 5 . . O X . X . . . . . . . . . X O X .
 4 . X O X O O . . . . . . . X O O . . .
 3 . O . O O X . . . . . . X O O X . . .
 2 . X . X . . . . . . . . . O X . . . .
 1 . . . . . . . . . . . . . . . . . . .

koPOSITIONALscoreAREAtaxNONEsui1komi7.5
Time taken: 0.647198
Root visits: 205
New playouts: 205
NN rows: 200
NN batches: 68
NN avg batch size: 2.94118
PV: Q15 D17 G3 D18 C17
Tree:
: T 120.01c W 100.00c S  19.84c (+78.2 L +76.4) N     205  --  Q15 D17 G3 D18 C17
---White(^)---
Q15 : T 120.42c W 100.00c S  20.21c (+78.9 L +77.1) LCB  119.77c P 80.81% WF 1125.7 PSV    1122 N     164  --  Q15 D17 G3 D18 C17
R15 : T 118.45c W 100.00c S  18.48c (+75.8 L +74.1) LCB  113.09c P  2.18% WF  75.5 PSV      10 N      12  --  R15 Q15 R14 P17
P15 : T 118.66c W 100.00c S  18.58c (+75.9 L +74.1) LCB  114.69c P  1.07% WF  85.9 PSV       5 N      14  --  P15 Q15 R17 Q14
R14 : T 118.07c W 100.00c S  18.00c (+75.4 L +73.6) LCB  103.64c P  1.13% WF  43.9 PSV       4 N       7  --  R14 Q15 R15 P17
Q14 : T 116.81c W  99.99c S  17.21c (+73.8 L +71.8) LCB  -32.24c P  1.00% WF  12.1 PSV       3 N       2  --  Q14 Q15
R17 : T 117.20c W 100.00c S  17.50c (+74.5 L +72.7) LCB   89.46c P  0.66% WF  30.6 PSV       2 N       5  --  R17 G4

2026-07-09 19:14:12+0100: = Q15
2026-07-09 19:15:11+0100: Controller: play B Q14
2026-07-09 19:15:11+0100: = 
2026-07-09 19:15:11+0100: Controller: genmove W
2026-07-09 19:15:12+0100: MoveNum: 53 HASH: C38FD79353B932F03500EBF9C6CFF822
   A B C D E F G H J K L M N O P Q R S T
19 . . . . . . . . . . . . . . . . . . .
18 . . . . X O . . . . . . . . . . . . .
17 . . . . O O X . . . . . . . . O . . .
16 . . X O X . . . . . . . . . X O X1. .
15 . X O O . . . . . . . . . . . O2@ . .
14 . O O X . . . . . . . . . . . X3. . .
13 . . X . . . . . . . . . . . . . . . .
12 . . . . . . . . . . . . . . . . . . .
11 . . . . . . . . . X . . . . . . . . .
10 . . . . . . . . . X . . . . . . . . .
 9 . . . . . . . . . X . . . . . . . . .
 8 . . . . . . . . . . . . . . . . . . .
 7 . . . . . . . . . . . . . . . . X . .
 6 . . . . . . . . . . . . . . . . O O .
 5 . . O X . X . . . . . . . . . X O X .
 4 . X O X O O . . . . . . . X O O . . .
 3 . O . O O X . . . . . . X O O X . . .
 2 . X . X . . . . . . . . . O X . . . .
 1 . . . . . . . . . . . . . . . . . . .

koPOSITIONALscoreAREAtaxNONEsui1komi7.5
Time taken: 0.544634
Root visits: 206
New playouts: 206
NN rows: 201
NN batches: 69
NN avg batch size: 2.91304
PV: R15 G3 E2 C7 C6
Tree:
: T 119.80c W 100.00c S  19.52c (+81.1 L +79.3) N     206  --  R15 G3 E2 C7 C6
---White(^)---
R15 : T 120.33c W 100.00c S  20.04c (+81.8 L +80.0) LCB  119.27c P 28.47% WF 483.1 PSV     900 N      71  --  R15 G3 E2 C7 C6
R14 : T 119.95c W 100.00c S  19.61c (+81.3 L +79.5) LCB  119.07c P 54.25% WF 659.4 PSV     659 N      99  --  R14 D17 C17 R13
P14 : T 117.40c W 100.00c S  17.83c (+78.8 L +77.2) LCB  106.39c P  2.35% WF  50.9 PSV       8 N       8  --  P14 R15 R14 Q13
P15 : T 117.84c W 100.00c S  17.76c (+78.4 L +76.7) LCB  103.29c P  1.17% WF  43.6 PSV       5 N       7  --  P15 R15 R17
S14 : T 119.17c W 100.00c S  18.79c (+79.9 L +78.0) LCB  115.94c P  0.66% WF 107.2 PSV       4 N      17  --  S14 P15 P17 R14
G3  : T 116.47c W 100.00c S  16.67c (+76.6 L +74.8) LCB   42.52c P  0.52% WF  18.4 PSV       1 N       3  --  G3 R15

2026-07-09 19:15:12+0100: = R15
2026-07-09 19:16:14+0100: Controller: play B Q18
2026-07-09 19:16:14+0100: = 
2026-07-09 19:16:14+0100: Controller: genmove W
2026-07-09 19:16:14+0100: MoveNum: 55 HASH: B2CBCC2F05FB8097D34F7DC4A8BF52A1
   A B C D E F G H J K L M N O P Q R S T
19 . . . . . . . . . . . . . . . . . . .
18 . . . . X O . . . . . . . . . X3. . .
17 . . . . O O X . . . . . . . . O . . .
16 . . X O X . . . . . . . . . X O X . .
15 . X O O . . . . . . . . . . @ O O2. .
14 . O O X . . . . . . . . . . . X1. . .
13 . . X . . . . . . . . . . . . . . . .
12 . . . . . . . . . . . . . . . . . . .
11 . . . . . . . . . X . . . . . . . . .
10 . . . . . . . . . X . . . . . . . . .
 9 . . . . . . . . . X . . . . . . . . .
 8 . . . . . . . . . . . . . . . . . . .
 7 . . . . . . . . . . . . . . . . X . .
 6 . . . . . . . . . . . . . . . . O O .
 5 . . O X . X . . . . . . . . . X O X .
 4 . X O X O O . . . . . . . X O O . . .
 3 . O . O O X . . . . . . X O O X . . .
 2 . X . X . . . . . . . . . O X . . . .
 1 . . . . . . . . . . . . . . . . . . .

koPOSITIONALscoreAREAtaxNONEsui1komi7.5
Time taken: 0.605941
Root visits: 206
New playouts: 206
NN rows: 204
NN batches: 69
NN avg batch size: 2.95652
PV: P15 G3 E2 C7 C6
Tree:
: T 119.98c W 100.00c S  19.62c (+83.7 L +82.0) N     206  --  P15 G3 E2 C7 C6
---White(^)---
P15 : T 120.72c W 100.00c S  20.13c (+84.7 L +82.9) LCB  119.03c P  5.27% WF 261.4 PSV     608 N      38  --  P15 G3 E2 C7 C6
P18 : T 120.16c W 100.00c S  19.91c (+84.0 L +82.3) LCB  118.80c P 22.08% WF 364.0 PSV     364 N      54  --  P18 R14 S15 G3 E2
P17 : T 119.83c W 100.00c S  19.62c (+83.9 L +82.2) LCB  118.50c P 27.07% WF 362.8 PSV     363 N      54  --  P17 P18 O18 R17 N17
G3  : T 119.85c W 100.00c S  19.36c (+83.2 L +81.5) LCB  118.46c P 19.49% WF 226.9 PSV     228 N      34  --  G3 P17 R18 P15 P14
H3  : T 119.42c W 100.00c S  18.73c (+82.2 L +80.5) LCB  114.76c P  1.47% WF  83.8 PSV      14 N      13  --  H3 P17 R18
G4  : T 118.80c W 100.00c S  18.69c (+82.3 L +80.7) LCB  111.17c P  1.78% WF  65.0 PSV      12 N      10  --  G4 P17 P15 R18
D9  : T 117.07c W 100.00c S  17.74c (+80.6 L +78.8) LCB  -32.01c P  0.83% WF  12.5 PSV       3 N       2  --  D9 P17

2026-07-09 19:16:14+0100: = P15
2026-07-09 19:17:35+0100: Controller: play B O15
2026-07-09 19:17:35+0100: = 
2026-07-09 19:17:35+0100: Controller: genmove W
2026-07-09 19:17:36+0100: MoveNum: 57 HASH: 19DB1863C6580319AA65D09B4C97ACD2
   A B C D E F G H J K L M N O P Q R S T
19 . . . . . . . . . . . . . . . . . . .
18 . . . . X O . . . . . . . . @ X1. . .
17 . . . . O O X . . . . . . . . O . . .
16 . . X O X . . . . . . . . . X O X . .
15 . X O O . . . . . . . . . X3O2O O . .
14 . O O X . . . . . . . . . . . X . . .
13 . . X . . . . . . . . . . . . . . . .
12 . . . . . . . . . . . . . . . . . . .
11 . . . . . . . . . X . . . . . . . . .
10 . . . . . . . . . X . . . . . . . . .
 9 . . . . . . . . . X . . . . . . . . .
 8 . . . . . . . . . . . . . . . . . . .
 7 . . . . . . . . . . . . . . . . X . .
 6 . . . . . . . . . . . . . . . . O O .
 5 . . O X . X . . . . . . . . . X O X .
 4 . X O X O O . . . . . . . X O O . . .
 3 . O . O O X . . . . . . X O O X . . .
 2 . X . X . . . . . . . . . O X . . . .
 1 . . . . . . . . . . . . . . . . . . .

koPOSITIONALscoreAREAtaxNONEsui1komi7.5
Time taken: 0.569709
Root visits: 205
New playouts: 205
NN rows: 202
NN batches: 69
NN avg batch size: 2.92754
PV: P18 C6 D6 B5 E5
Tree:
: T 120.27c W 100.00c S  19.75c (+86.4 L +84.7) N     205  --  P18 C6 D6 B5 E5
---White(^)---
P18 : T 120.77c W 100.00c S  20.29c (+87.2 L +85.5) LCB  119.68c P 41.25% WF 605.8 PSV     603 N      89  --  P18 C6 D6 B5 E5
O14 : T 120.47c W 100.00c S  20.02c (+87.1 L +85.4) LCB  119.32c P 18.55% WF 264.7 PSV     207 N      39  --  O14 P18 R18 N15 Q11
G3  : T 119.85c W 100.00c S  19.29c (+85.6 L +83.9) LCB  118.35c P 13.32% WF 240.5 PSV      99 N      36  --  G3 P17 R18 P14 R14
P17 : T 119.75c W 100.00c S  19.04c (+85.2 L +83.5) LCB  117.71c P  2.89% WF 150.2 PSV      20 N      23  --  P17 E2 G3 C2
G4  : T 118.28c W 100.00c S  17.99c (+83.8 L +82.1) LCB   98.53c P  1.24% WF  39.6 PSV       5 N       6  --  G4 P17 R18
G5  : T 119.17c W 100.00c S  18.41c (+84.4 L +82.6) LCB  112.90c P  0.62% WF  68.4 PSV       3 N      11  --  G5 D17 P18

2026-07-09 19:17:36+0100: = P18
2026-07-09 19:18:39+0100: Controller: play B O18
2026-07-09 19:18:39+0100: = 
2026-07-09 19:18:39+0100: Controller: genmove W
2026-07-09 19:18:40+0100: MoveNum: 59 HASH: 787AF3242D8C5EB98302EADBB0884D43
   A B C D E F G H J K L M N O P Q R S T
19 . . . . . . . . . . . . . . . . . . .
18 . . . . X O . . . . . . . X3O2X . . .
17 . . . . O O X . . . . . . @ . O . . .
16 . . X O X . . . . . . . . . X O X . .
15 . X O O . . . . . . . . . X1O O O . .
14 . O O X . . . . . . . . . . . X . . .
13 . . X . . . . . . . . . . . . . . . .
12 . . . . . . . . . . . . . . . . . . .
11 . . . . . . . . . X . . . . . . . . .
10 . . . . . . . . . X . . . . . . . . .
 9 . . . . . . . . . X . . . . . . . . .
 8 . . . . . . . . . . . . . . . . . . .
 7 . . . . . . . . . . . . . . . . X . .
 6 . . . . . . . . . . . . . . . . O O .
 5 . . O X . X . . . . . . . . . X O X .
 4 . X O X O O . . . . . . . X O O . . .
 3 . O . O O X . . . . . . X O O X . . .
 2 . X . X . . . . . . . . . O X . . . .
 1 . . . . . . . . . . . . . . . . . . .

koPOSITIONALscoreAREAtaxNONEsui1komi7.5
Time taken: 0.639599
Root visits: 206
New playouts: 206
NN rows: 201
NN batches: 69
NN avg batch size: 2.91304
PV: O17 D17 C17 E2 G3 C2
Tree:
: T 120.85c W 100.00c S  20.41c (+88.9 L +87.3) N     206  --  O17 D17 C17 E2 G3 C2
---White(^)---
O17 : T 121.23c W 100.00c S  20.80c (+89.6 L +88.0) LCB  120.37c P 84.05% WF 1026.8 PSV    1024 N     150  --  O17 D17 C17 E2 G3 C2
P17 : T 120.57c W 100.00c S  20.00c (+88.0 L +86.3) LCB  119.15c P  8.19% WF 234.9 PSV      64 N      35  --  P17 G3 E2 C7 C6
O16 : T 119.43c W 100.00c S  18.87c (+86.3 L +84.6) LCB  110.37c P  1.19% WF  56.9 PSV       5 N       9  --  O16 E2 G3
O14 : T 117.63c W 100.00c S  17.39c (+84.1 L +82.6) LCB   98.17c P  0.29% WF  31.8 PSV       0 N       6  --  O14 P17 O16
R18 : T 115.98c W 100.00c S  16.35c (+82.4 L +80.9) LCB   73.15c P  0.11% WF  18.9 PSV       0 N       4  --  R18 E2
G3  : T 114.55c W 100.00c S  14.55c (+79.8 L +78.0) LCB -235.45c P  0.14% WF   4.9 PSV       0 N       1  --  G3

2026-07-09 19:18:40+0100: = O17
2026-07-09 19:20:30+0100: Controller: play B N17
2026-07-09 19:20:30+0100: = 
2026-07-09 19:20:30+0100: Controller: genmove W
2026-07-09 19:20:30+0100: MoveNum: 61 HASH: 1C312EAF6B17AA695720DF840D4528FB
   A B C D E F G H J K L M N O P Q R S T
19 . . . . . . . . . . . . . . . . . . .
18 . . . . X O . . . . . . @ X1O X . . .
17 . . . . O O X . . . . . X3O2. O . . .
16 . . X O X . . . . . . . . . X O X . .
15 . X O O . . . . . . . . . X O O O . .
14 . O O X . . . . . . . . . . . X . . .
13 . . X . . . . . . . . . . . . . . . .
12 . . . . . . . . . . . . . . . . . . .
11 . . . . . . . . . X . . . . . . . . .
10 . . . . . . . . . X . . . . . . . . .
 9 . . . . . . . . . X . . . . . . . . .
 8 . . . . . . . . . . . . . . . . . . .
 7 . . . . . . . . . . . . . . . . X . .
 6 . . . . . . . . . . . . . . . . O O .
 5 . . O X . X . . . . . . . . . X O X .
 4 . X O X O O . . . . . . . X O O . . .
 3 . O . O O X . . . . . . X O O X . . .
 2 . X . X . . . . . . . . . O X . . . .
 1 . . . . . . . . . . . . . . . . . . .

koPOSITIONALscoreAREAtaxNONEsui1komi7.5
Time taken: 0.534789
Root visits: 205
New playouts: 205
NN rows: 202
NN batches: 69
NN avg batch size: 2.92754
PV: N18 M18 O19 C2 C3
Tree:
: T 119.91c W 100.00c S  19.49c (+89.3 L +87.6) N     205  --  N18 M18 O19 C2 C3
---White(^)---
N18 : T 120.65c W 100.00c S  20.01c (+89.9 L +88.3) LCB  119.22c P 19.60% WF 355.2 PSV     769 N      52  --  N18 M18 O19 C2 C3
G3  : T 119.72c W 100.00c S  19.46c (+89.2 L +87.6) LCB  118.28c P 28.83% WF 359.5 PSV     360 N      54  --  G3 P19 P17 M18 R18 D17
N16 : T 120.17c W 100.00c S  19.74c (+89.7 L +88.1) LCB  118.46c P 15.47% WF 303.6 PSV     304 N      46  --  N16 M17 G3 C7 C6
O14 : T 118.66c W 100.00c S  18.35c (+87.8 L +86.2) LCB  110.90c P  6.54% WF  65.1 PSV      42 N      10  --  O14 P19 P17 G3
H3  : T 119.91c W 100.00c S  19.20c (+88.8 L +87.1) LCB  117.71c P  2.65% WF 192.9 PSV      40 N      29  --  H3 P19 P17 M18 R18 G3
G4  : T 118.09c W 100.00c S  18.05c (+87.3 L +85.6) LCB   98.54c P  2.41% WF  39.4 PSV      12 N       6  --  G4 P19 P17
D9  : T 117.91c W 100.00c S  18.62c (+88.0 L +86.4) LCB   44.02c P  1.53% WF  19.8 PSV       7 N       3  --  D9 E2
Q10 : T 117.14c W 100.00c S  18.46c (+87.7 L +85.8) LCB  -31.94c P  0.91% WF  12.9 PSV       3 N       2  --  Q10 P19
D10 : T 117.19c W 100.00c S  18.53c (+87.9 L +85.9) LCB  -31.90c P  0.78% WF  12.9 PSV       3 N       2  --  D10 P19

2026-07-09 19:20:30+0100: = N18
2026-07-09 19:21:59+0100: Controller: play B M18
2026-07-09 19:21:59+0100: = 
2026-07-09 19:21:59+0100: Controller: genmove W
2026-07-09 19:21:59+0100: MoveNum: 63 HASH: 1F8F7F79D2DC509675689FC851673688
   A B C D E F G H J K L M N O P Q R S T
19 . . . . . . . . . . . . . @ . . . . .
18 . . . . X O . . . . . X3O2X O X . . .
17 . . . . O O X . . . . . X1O . O . . .
16 . . X O X . . . . . . . . . X O X . .
15 . X O O . . . . . . . . . X O O O . .
14 . O O X . . . . . . . . . . . X . . .
13 . . X . . . . . . . . . . . . . . . .
12 . . . . . . . . . . . . . . . . . . .
11 . . . . . . . . . X . . . . . . . . .
10 . . . . . . . . . X . . . . . . . . .
 9 . . . . . . . . . X . . . . . . . . .
 8 . . . . . . . . . . . . . . . . . . .
 7 . . . . . . . . . . . . . . . . X . .
 6 . . . . . . . . . . . . . . . . O O .
 5 . . O X . X . . . . . . . . . X O X .
 4 . X O X O O . . . . . . . X O O . . .
 3 . O . O O X . . . . . . X O O X . . .
 2 . X . X . . . . . . . . . O X . . . .
 1 . . . . . . . . . . . . . . . . . . .

koPOSITIONALscoreAREAtaxNONEsui1komi7.5
Time taken: 0.562548
Root visits: 206
New playouts: 197
NN rows: 191
NN batches: 64
NN avg batch size: 2.98438
PV: O19 D17 C17 C2 C3
Tree:
: T 118.32c W 100.00c S  17.94c (+89.7 L +88.2) N     206  --  O19 D17 C17 C2 C3
---White(^)---
O19 : T 118.49c W 100.00c S  18.10c (+90.0 L +88.4) LCB  117.67c P 82.67% WF 1256.2 PSV    1255 N     194  --  O19 D17 C17 C2 C3
G3  : T 115.12c W 100.00c S  14.84c (+85.1 L +83.4) LCB   87.28c P  1.93% WF  29.2 PSV       6 N       5  --  G3 N19 D9
N16 : T 114.78c W 100.00c S  14.84c (+85.2 L +83.6) LCB   95.20c P  0.58% WF  31.0 PSV       1 N       6  --  N16 N19 G3 M16

2026-07-09 19:21:59+0100: = O19
2026-07-09 19:24:16+0100: Controller: play B S15
2026-07-09 19:24:16+0100: = 
2026-07-09 19:24:16+0100: Controller: genmove W
2026-07-09 19:24:17+0100: MoveNum: 65 HASH: FE090C15D0A321569A33876CFC1AC5A7
   A B C D E F G H J K L M N O P Q R S T
19 . . . . . . . . . . . . . O2. . . . .
18 . . . . X O . . . . . X1O . O X . . .
17 . . . . O O X . . . . . X O . O . . .
16 . . X O X . . . . . . . . . X O X . .
15 . X O O . . . . . . . . . X O O O X3.
14 . O O X . . . . . . . . . . . X . @ .
13 . . X . . . . . . . . . . . . . . . .
12 . . . . . . . . . . . . . . . . . . .
11 . . . . . . . . . X . . . . . . . . .
10 . . . . . . . . . X . . . . . . . . .
 9 . . . . . . . . . X . . . . . . . . .
 8 . . . . . . . . . . . . . . . . . . .
 7 . . . . . . . . . . . . . . . . X . .
 6 . . . . . . . . . . . . . . . . O O .
 5 . . O X . X . . . . . . . . . X O X .
 4 . X O X O O . . . . . . . X O O . . .
 3 . O . O O X . . . . . . X O O X . . .
 2 . X . X . . . . . . . . . O X . . . .
 1 . . . . . . . . . . . . . . . . . . .

koPOSITIONALscoreAREAtaxNONEsui1komi7.5
Time taken: 0.645821
Root visits: 204
New playouts: 204
NN rows: 201
NN batches: 69
NN avg batch size: 2.91304
PV: S14 C6 D6 E5 C7 B6
Tree:
: T 120.86c W 100.00c S  20.43c (+91.6 L +90.1) N     204  --  S14 C6 D6 E5 C7 B6
---White(^)---
S14 : T 121.78c W 100.00c S  21.26c (+93.0 L +91.4) LCB  120.77c P 39.40% WF 742.4 PSV     736 N     108  --  S14 C6 D6 E5 C7 B6
R14 : T 119.96c W 100.00c S  19.64c (+90.4 L +89.0) LCB  118.28c P 25.39% WF 244.9 PSV     139 N      37  --  R14 S14 S13 R17 T14
P14 : T 120.33c W 100.00c S  19.75c (+90.6 L +89.0) LCB  118.57c P  6.78% WF 194.3 PSV      43 N      29  --  P14 S14 S16 G3 E2
G3  : T 118.71c W 100.00c S  18.93c (+89.0 L +87.6) LCB  114.65c P 10.92% WF  91.1 PSV      40 N      14  --  G3 R14 P14 R17
G4  : T 119.44c W 100.00c S  19.09c (+89.3 L +87.8) LCB  110.42c P  0.96% WF  55.5 PSV       4 N       9  --  G4 S14 R17 R11
G5  : T 119.33c W 100.00c S  18.69c (+88.8 L +87.2) LCB   99.65c P  0.55% WF  36.8 PSV       2 N       6  --  G5 S14 R17

2026-07-09 19:24:17+0100: = S14
2026-07-09 19:26:30+0100: Controller: play B S13
2026-07-09 19:26:30+0100: = 
2026-07-09 19:26:30+0100: Controller: genmove W
2026-07-09 19:26:30+0100: MoveNum: 67 HASH: 63868BC18D43741986857F41B6873E0D
   A B C D E F G H J K L M N O P Q R S T
19 . . . . . . . . . . . . . O . . . . .
18 . . . . X O . . . . . X O . O X . . .
17 . . . . O O X . . . . . X O . O . . .
16 . . X O X . . . . . . . . . X O X . .
15 . X O O . . . . . . . . . X O O O X1.
14 . O O X . . . . . . . . . . . X @ O2.
13 . . X . . . . . . . . . . . . . . X3.
12 . . . . . . . . . . . . . . . . . . .
11 . . . . . . . . . X . . . . . . . . .
10 . . . . . . . . . X . . . . . . . . .
 9 . . . . . . . . . X . . . . . . . . .
 8 . . . . . . . . . . . . . . . . . . .
 7 . . . . . . . . . . . . . . . . X . .
 6 . . . . . . . . . . . . . . . . O O .
 5 . . O X . X . . . . . . . . . X O X .
 4 . X O X O O . . . . . . . X O O . . .
 3 . O . O O X . . . . . . X O O X . . .
 2 . X . X . . . . . . . . . O X . . . .
 1 . . . . . . . . . . . . . . . . . . .

koPOSITIONALscoreAREAtaxNONEsui1komi7.5
Time taken: 0.592327
Root visits: 206
New playouts: 206
NN rows: 195
NN batches: 67
NN avg batch size: 2.91045
PV: R14 D17 C17 E2 G3
Tree:
: T 120.70c W 100.00c S  20.43c (+93.3 L +91.9) N     206  --  R14 D17 C17 E2 G3
---White(^)---
R14 : T 121.15c W 100.00c S  20.84c (+94.0 L +92.5) LCB  120.33c P 90.34% WF 1246.1 PSV    1243 N     182  --  R14 D17 C17 E2 G3
P14 : T 116.44c W 100.00c S  16.44c (+86.9 L +85.4) LCB  105.26c P  0.29% WF  37.9 PSV       0 N       8  --  P14 R14 G3 C7
G3  : T 115.47c W 100.00c S  15.90c (+86.0 L +84.4) LCB   95.96c P  0.25% WF  26.9 PSV       0 N       6  --  G3 R14 S16 T14
G5  : T 115.00c W 100.00c S  15.09c (+84.9 L +83.3) LCB   86.90c P  0.19% WF  21.1 PSV       0 N       5  --  G5 R14 P14 C6
S16 : T 115.41c W 100.00c S  16.19c (+86.3 L +84.9) LCB   41.44c P  0.29% WF  15.3 PSV       0 N       3  --  S16 E2
R13 : T 108.15c W 100.00c S   8.15c (+76.3 L +74.7) LCB -241.85c P  0.20% WF   3.6 PSV       0 N       1  --  R13

2026-07-09 19:26:30+0100: = R14
2026-07-09 19:28:17+0100: Controller: play B K12
2026-07-09 19:28:17+0100: = 
2026-07-09 19:28:17+0100: Controller: genmove W
2026-07-09 19:28:18+0100: MoveNum: 69 HASH: 8B888E4FA018E56B0691DDF2C76C2731
   A B C D E F G H J K L M N O P Q R S T
19 . . . . . . . . . . . . . O . . . . .
18 . . . . X O . . . . . X O . O X . . .
17 . . . . O O X . . . . . X O . O . . .
16 . . X O X . . . . . . . . . X O X . .
15 . X O O . . . . . . . . . X O O O X .
14 . O O X . . . . . . . . . . . X O2O .
13 . . X . . . . . . . . . . . . . . X1.
12 . . . . . . . . . X3. . . . . . . . .
11 . . . . . . . . . X . . . . . . . . .
10 . . . . . . . . . X . . . . . . . . .
 9 . . . . . . . . . X . . . . . . . . .
 8 . . . . . . . . . . . . . . . . . . .
 7 . . . . . . . . . . . . . . . . X . .
 6 . . . . . . . . . . . . . . . . O O .
 5 . . O X . X . . . . . . . . . X O X .
 4 . X O X O O . . . . . . . X O O . . .
 3 . O . O O X @ . . . . . X O O X . . .
 2 . X . X . . . . . . . . . O X . . . .
 1 . . . . . . . . . . . . . . . . . . .

koPOSITIONALscoreAREAtaxNONEsui1komi7.5
Time taken: 0.721191
Root visits: 206
New playouts: 206
NN rows: 205
NN batches: 69
NN avg batch size: 2.97101
PV: G3 C6 B5 E14 B13
Tree:
: T 121.32c W 100.00c S  20.78c (+99.2 L +97.5) N     206  --  G3 C6 B5 E14 B13
---White(^)---
G3  : T 122.23c W 100.00c S  21.53c (+100.4 L +98.6) LCB  121.02c P 50.58% WF 673.0 PSV     668 N      96  --  G3 C6 B5 E14 B13
H3  : T 121.20c W 100.00c S  20.41c (+98.6 L +97.0) LCB  119.34c P  7.18% WF 215.5 PSV      49 N      32  --  H3 G3 G4 H2 E2 D17
G4  : T 121.73c W 100.00c S  20.94c (+99.5 L +97.7) LCB  119.79c P  4.13% WF 226.7 PSV      37 N      33  --  G4 C6 B5 C2 D6
D9  : T 120.81c W 100.00c S  19.93c (+98.0 L +96.4) LCB  117.40c P  2.42% WF 118.5 PSV      14 N      18  --  D9 E2 G3 C2
Q10 : T 117.68c W 100.00c S  18.12c (+95.0 L +93.6) LCB   89.87c P  1.77% WF  33.2 PSV       4 N       5  --  Q10 C6
J3  : T 117.23c W 100.00c S  18.05c (+94.9 L +93.5) LCB   43.28c P  2.04% WF  19.4 PSV       4 N       3  --  J3 H3
C8  : T 117.87c W 100.00c S  18.94c (+96.1 L +94.4) LCB  -31.13c P  1.34% WF  13.1 PSV       3 N       2  --  C8 E2
D10 : T 118.54c W 100.00c S  19.66c (+97.4 L +95.7) LCB  -30.54c P  1.18% WF  13.4 PSV       3 N       2  --  D10 E2
G5  : T 118.47c W 100.00c S  19.89c (+97.6 L +95.8) LCB  -30.66c P  1.09% WF  13.6 PSV       3 N       2  --  G5 G3
C9  : T 117.88c W 100.00c S  18.77c (+95.9 L +94.2) LCB  -31.11c P  1.07% WF  13.0 PSV       2 N       2  --  C9 E2

2026-07-09 19:28:18+0100: = G3
2026-07-09 19:31:00+0100: Controller: play B C6
2026-07-09 19:31:00+0100: = 
2026-07-09 19:31:00+0100: Controller: genmove W
2026-07-09 19:31:00+0100: MoveNum: 71 HASH: 1B24FE21EFFA50E9D331740CE2980D95
   A B C D E F G H J K L M N O P Q R S T
19 . . . . . . . . . . . . . O . . . . .
18 . . . . X O . . . . . X O . O X . . .
17 . . . . O O X . . . . . X O . O . . .
16 . . X O X . . . . . . . . . X O X . .
15 . X O O . . . . . . . . . X O O O X .
14 . O O X . . . . . . . . . . . X O O .
13 . . X . . . . . . . . . . . . . . X .
12 . . . . . . . . . X1. . . . . . . . .
11 . . . . . . . . . X . . . . . . . . .
10 . . . . . . . . . X . . . . . . . . .
 9 . . . . . . . . . X . . . . . . . . .
 8 . . . . . . . . . . . . . . . . . . .
 7 . . . . . . . . . . . . . . . . X . .
 6 . . X3. . . . . . . . . . . . . O O .
 5 . @ O X . X . . . . . . . . . X O X .
 4 . X O X O O . . . . . . . X O O . . .
 3 . O . O O X O2. . . . . X O O X . . .
 2 . X . X . . . . . . . . . O X . . . .
 1 . . . . . . . . . . . . . . . . . . .

koPOSITIONALscoreAREAtaxNONEsui1komi7.5
Time taken: 0.530255
Root visits: 206
New playouts: 165
NN rows: 161
NN batches: 54
NN avg batch size: 2.98148
PV: B5 C2 C3 F2 E2 J3
Tree:
: T 119.32c W 100.00c S  18.97c (+100.7 L +99.0) N     206  --  B5 C2 C3 F2 E2 J3
---White(^)---
B5  : T 120.07c W 100.00c S  19.72c (+101.8 L +100.0) LCB  118.92c P 43.94% WF 950.7 PSV     944 N     141  --  B5 C2 C3 F2 E2 J3
D6  : T 117.83c W 100.00c S  17.42c (+98.5 L +96.9) LCB  115.84c P 35.54% WF 322.8 PSV     177 N      51  --  D6 B5 E5 A3 C7 C3 O5 R9
E5  : T 116.86c W 100.00c S  16.81c (+97.8 L +96.3) LCB  112.87c P 11.61% WF  80.1 PSV      43 N      13  --  E5 A3 C3 B5 Q10 D6

2026-07-09 19:31:00+0100: = B5
