2026-07-09 18:41:44+0100: Running with following config:
allowResignation = true
humanSLProfile = 9k
lagBuffer = 1.0
logAllGTPCommunication = true
logDir = gtp_logs
logSearchInfo = true
logSearchInfoForChosenMove = false
logToStderr = false
maxTimePondering = 60.0
maxVisits = 500
numSearchThreads = 6
ponderingEnabled = false
resignConsecTurns = 3
resignThreshold = -0.90
rules = tromp-taylor
searchFactorAfterOnePass = 0.50
searchFactorAfterTwoPass = 0.25
searchFactorWhenWinning = 0.40
searchFactorWhenWinningThreshold = 0.95

2026-07-09 18:41:44+0100: GTP Engine starting...
2026-07-09 18:41:44+0100: KataGo v1.16.5
2026-07-09 18:41:44+0100: Using TrompTaylor rules initially, unless GTP/GUI overrides this
